<3086874304>2007/08/10 20:45:47:INFO:ParamLogOut:VERSION_STRING=1.0.0
<3086874304>2007/08/10 20:45:47:INFO:ParamLogOut:TargetFolderCnt=1
<3086874304>2007/08/10 20:45:47:INFO:ParamLogOut:TargetFolder0=wlSyncTest,./SendData/
<3086874304>2007/08/10 20:45:47:INFO:ParamLogOut:TargetHostCnt=1
<3086874304>2007/08/10 20:45:47:INFO:ParamLogOut:TargetHost0=192.168.68.128:56000
<3086874304>2007/08/10 20:45:47:INFO:ParamLogOut:Interval=1
<3086874304>2007/08/10 20:45:47:INFO:ParamLogOut:RecvTimeout=5
<3086874304>2007/08/10 20:45:47:INFO:ParamLogOut:UseDigest=0
<3086874304>2007/08/10 20:45:47:INFO:ParamLogOut:SendSize=8096
<3086874304>2007/08/10 20:45:47:INFO:ParamLogOut:LogPath=./
<3086874304>2007/08/10 20:45:47:INFO:ParamLogOut:LogLevel=7
<3086874304>2007/08/10 20:45:47:INFO:ParamLogOut:StderrOut=1
<3086874304>2007/08/10 20:45:47:INFO:ParamLogOut:VersionFilePath=./wlSyncS.ver
<3086874304>2007/08/10 20:45:47:INFO:ParamLogOut:WorkFilePath=./wlSyncS.work
<3086874304>2007/08/10 20:45:47:DEBUG:MakeVersionFile:./wlSyncS.ver
<3086874304>2007/08/10 20:45:47:INFO:main:wlSyncS:ready
<3086874304>2007/08/10 20:45:47:DEBUG:ExecWork:start
<3086874304>2007/08/10 20:45:47:DEBUG:MakeFolderList:tpath=./SendData/,path=:start
<3086874304>2007/08/10 20:45:47:INFO:MakeFolderList:fullpath=./SendData//file1.txt
<3086874304>2007/08/10 20:45:47:DEBUG:MakeFolderList:tpath=./SendData/,path=:end
<3086874304>2007/08/10 20:45:47:INFO:ExecWork:pthread_create:thread_id=24288176
<24288176>2007/08/10 20:45:47:DEBUG:WorkThread:0:start
<24288176>2007/08/10 20:45:47:DEBUG:sock2.c:ClientSocketNew:trying 192.168.68.128 port 56000
<24288176>2007/08/10 20:45:47:DEBUG:sock2.c:ClientSocketNew:connect:Success
<24288176>2007/08/10 20:45:47:DEBUG:WorkThread:RecvOneLine_2:#OK
<24288176>2007/08/10 20:45:47:INFO:WorkThread:RecvOneLine_2:#Get=wlSyncTest,file1.txt
<24288176>2007/08/10 20:45:47:DEBUG:SendOneData:start:wlSyncTest,file1.txt
<24288176>2007/08/10 20:45:47:DEBUG:SendOneData:fullpath=./SendData/file1.txt
<24288176>2007/08/10 20:45:47:DEBUG:lockf(lock)=0
<24288176>2007/08/10 20:45:47:DEBUG:SendToRemote:acc=5,data=#Size=4,0

<24288176>2007/08/10 20:45:47:DEBUG:SendToRemote:acc=5,data=#Size=0,0

<24288176>2007/08/10 20:45:47:DEBUG:lockf(unlock)=0
<24288176>2007/08/10 20:45:47:DEBUG:SendOneData:end
<24288176>2007/08/10 20:45:47:DEBUG:sock.c:RecvOneLine_1():recv():EOF
<24288176>2007/08/10 20:45:47:INFO:WorkThread:RecvOneLine_2:error or closed
<24288176>2007/08/10 20:45:47:DEBUG:WorkThread:0:end
<3086874304>2007/08/10 20:45:48:DEBUG:ExecWork:end
<3086874304>2007/08/10 20:52:05:INFO:ParamLogOut:VERSION_STRING=1.0.0
<3086874304>2007/08/10 20:52:05:INFO:ParamLogOut:TargetFolderCnt=1
<3086874304>2007/08/10 20:52:05:INFO:ParamLogOut:TargetFolder0=wlSyncTest,./SendData/
<3086874304>2007/08/10 20:52:05:INFO:ParamLogOut:TargetHostCnt=1
<3086874304>2007/08/10 20:52:05:INFO:ParamLogOut:TargetHost0=192.168.68.128:56000
<3086874304>2007/08/10 20:52:05:INFO:ParamLogOut:Interval=1
<3086874304>2007/08/10 20:52:05:INFO:ParamLogOut:RecvTimeout=5
<3086874304>2007/08/10 20:52:05:INFO:ParamLogOut:UseDigest=0
<3086874304>2007/08/10 20:52:05:INFO:ParamLogOut:SendSize=8096
<3086874304>2007/08/10 20:52:05:INFO:ParamLogOut:LogPath=./
<3086874304>2007/08/10 20:52:05:INFO:ParamLogOut:LogLevel=7
<3086874304>2007/08/10 20:52:05:INFO:ParamLogOut:StderrOut=1
<3086874304>2007/08/10 20:52:05:INFO:ParamLogOut:VersionFilePath=./wlSyncS.ver
<3086874304>2007/08/10 20:52:05:INFO:ParamLogOut:WorkFilePath=./wlSyncS.work
<3086874304>2007/08/10 20:52:05:DEBUG:MakeVersionFile:./wlSyncS.ver
<3086874304>2007/08/10 20:52:05:INFO:main:wlSyncS:ready
<3086874304>2007/08/10 20:52:05:DEBUG:ExecWork:start
<3086874304>2007/08/10 20:52:05:DEBUG:MakeFolderList:tpath=./SendData/,path=:start
<3086874304>2007/08/10 20:52:05:INFO:MakeFolderList:fullpath=./SendData//file1.txt
<3086874304>2007/08/10 20:52:05:DEBUG:MakeFolderList:tpath=./SendData/,path=:end
<3086874304>2007/08/10 20:52:05:INFO:ExecWork:pthread_create:thread_id=24288176
<24288176>2007/08/10 20:52:05:DEBUG:WorkThread:0:start
<24288176>2007/08/10 20:52:05:DEBUG:sock2.c:ClientSocketNew:trying 192.168.68.128 port 56000
<24288176>2007/08/10 20:52:05:DEBUG:sock2.c:ClientSocketNew:connect:Success
<24288176>2007/08/10 20:52:05:DEBUG:WorkThread:RecvOneLine_2:#OK
<24288176>2007/08/10 20:52:05:DEBUG:sock.c:RecvOneLine_1():recv():EOF
<24288176>2007/08/10 20:52:05:INFO:WorkThread:RecvOneLine_2:error or closed
<24288176>2007/08/10 20:52:05:DEBUG:WorkThread:0:end
<3086874304>2007/08/10 20:52:06:DEBUG:ExecWork:end
<3086874304>2007/08/10 20:57:18:INFO:ParamLogOut:VERSION_STRING=1.0.0
<3086874304>2007/08/10 20:57:18:INFO:ParamLogOut:TargetFolderCnt=1
<3086874304>2007/08/10 20:57:18:INFO:ParamLogOut:TargetFolder0=wlSyncTest,./SendData/
<3086874304>2007/08/10 20:57:18:INFO:ParamLogOut:TargetHostCnt=1
<3086874304>2007/08/10 20:57:18:INFO:ParamLogOut:TargetHost0=192.168.68.128:56000
<3086874304>2007/08/10 20:57:18:INFO:ParamLogOut:Interval=1
<3086874304>2007/08/10 20:57:18:INFO:ParamLogOut:RecvTimeout=5
<3086874304>2007/08/10 20:57:18:INFO:ParamLogOut:UseDigest=0
<3086874304>2007/08/10 20:57:18:INFO:ParamLogOut:SendSize=8096
<3086874304>2007/08/10 20:57:18:INFO:ParamLogOut:LogPath=./
<3086874304>2007/08/10 20:57:18:INFO:ParamLogOut:LogLevel=7
<3086874304>2007/08/10 20:57:18:INFO:ParamLogOut:StderrOut=1
<3086874304>2007/08/10 20:57:18:INFO:ParamLogOut:VersionFilePath=./wlSyncS.ver
<3086874304>2007/08/10 20:57:18:INFO:ParamLogOut:WorkFilePath=./wlSyncS.work
<3086874304>2007/08/10 20:57:18:DEBUG:MakeVersionFile:./wlSyncS.ver
<3086874304>2007/08/10 20:57:18:INFO:main:wlSyncS:ready
<3086874304>2007/08/10 20:57:18:DEBUG:ExecWork:start
<3086874304>2007/08/10 20:57:18:DEBUG:MakeFolderList:tpath=./SendData/,path=:start
<3086874304>2007/08/10 20:57:18:INFO:MakeFolderList:fullpath=./SendData//file1.txt
<3086874304>2007/08/10 20:57:18:DEBUG:MakeFolderList:tpath=./SendData/,path=:end
<3086874304>2007/08/10 20:57:18:INFO:ExecWork:pthread_create:thread_id=24288176
<24288176>2007/08/10 20:57:18:DEBUG:WorkThread:0:start
<24288176>2007/08/10 20:57:18:DEBUG:sock2.c:ClientSocketNew:trying 192.168.68.128 port 56000
<24288176>2007/08/10 20:57:18:DEBUG:sock2.c:ClientSocketNew:connect:Success
<24288176>2007/08/10 20:57:18:DEBUG:WorkThread:RecvOneLine_2:#OK
<24288176>2007/08/10 20:57:18:INFO:WorkThread:RecvOneLine_2:#Get=wlSyncTest,file1.txt
<24288176>2007/08/10 20:57:18:DEBUG:SendOneData:start:wlSyncTest,file1.txt
<24288176>2007/08/10 20:57:18:DEBUG:SendOneData:fullpath=./SendData/file1.txt
<24288176>2007/08/10 20:57:18:DEBUG:lockf(lock)=0
<24288176>2007/08/10 20:57:18:DEBUG:SendToRemote:acc=5,data=#Size=8,0

<24288176>2007/08/10 20:57:18:DEBUG:SendToRemote:acc=5,data=#Size=0,0

<24288176>2007/08/10 20:57:18:DEBUG:lockf(unlock)=0
<24288176>2007/08/10 20:57:18:DEBUG:SendOneData:end
<24288176>2007/08/10 20:57:18:DEBUG:sock.c:RecvOneLine_1():recv():EOF
<24288176>2007/08/10 20:57:18:INFO:WorkThread:RecvOneLine_2:error or closed
<24288176>2007/08/10 20:57:18:DEBUG:WorkThread:0:end
<3086874304>2007/08/10 20:57:19:DEBUG:ExecWork:end
<3086874304>2007/08/10 21:00:34:INFO:ParamLogOut:VERSION_STRING=1.0.0
<3086874304>2007/08/10 21:00:34:INFO:ParamLogOut:TargetFolderCnt=1
<3086874304>2007/08/10 21:00:34:INFO:ParamLogOut:TargetFolder0=wlSyncTest,./SendData/
<3086874304>2007/08/10 21:00:34:INFO:ParamLogOut:TargetHostCnt=1
<3086874304>2007/08/10 21:00:34:INFO:ParamLogOut:TargetHost0=192.168.68.128:56000
<3086874304>2007/08/10 21:00:34:INFO:ParamLogOut:Interval=1
<3086874304>2007/08/10 21:00:34:INFO:ParamLogOut:RecvTimeout=5
<3086874304>2007/08/10 21:00:34:INFO:ParamLogOut:UseDigest=0
<3086874304>2007/08/10 21:00:34:INFO:ParamLogOut:SendSize=8096
<3086874304>2007/08/10 21:00:34:INFO:ParamLogOut:LogPath=./
<3086874304>2007/08/10 21:00:34:INFO:ParamLogOut:LogLevel=7
<3086874304>2007/08/10 21:00:34:INFO:ParamLogOut:StderrOut=1
<3086874304>2007/08/10 21:00:34:INFO:ParamLogOut:VersionFilePath=./wlSyncS.ver
<3086874304>2007/08/10 21:00:34:INFO:ParamLogOut:WorkFilePath=./wlSyncS.work
<3086874304>2007/08/10 21:00:34:DEBUG:MakeVersionFile:./wlSyncS.ver
<3086874304>2007/08/10 21:00:34:INFO:main:wlSyncS:ready
<3086874304>2007/08/10 21:00:34:DEBUG:ExecWork:start
<3086874304>2007/08/10 21:00:34:DEBUG:MakeFolderList:tpath=./SendData/,path=:start
<3086874304>2007/08/10 21:00:34:INFO:MakeFolderList:fullpath=./SendData//file2.txt
<3086874304>2007/08/10 21:00:34:DEBUG:MakeFolderList:tpath=./SendData/,path=:end
<3086874304>2007/08/10 21:00:34:INFO:ExecWork:pthread_create:thread_id=24288176
<24288176>2007/08/10 21:00:34:DEBUG:WorkThread:0:start
<24288176>2007/08/10 21:00:34:DEBUG:sock2.c:ClientSocketNew:trying 192.168.68.128 port 56000
<24288176>2007/08/10 21:00:34:DEBUG:sock2.c:ClientSocketNew:connect:Success
<24288176>2007/08/10 21:00:34:DEBUG:WorkThread:RecvOneLine_2:#OK
<24288176>2007/08/10 21:00:34:INFO:WorkThread:RecvOneLine_2:#Get=wlSyncTest,file2.txt
<24288176>2007/08/10 21:00:34:DEBUG:SendOneData:start:wlSyncTest,file2.txt
<24288176>2007/08/10 21:00:34:DEBUG:SendOneData:fullpath=./SendData/file2.txt
<24288176>2007/08/10 21:00:34:DEBUG:lockf(lock)=0
<24288176>2007/08/10 21:00:34:DEBUG:SendToRemote:acc=5,data=#Size=4,0

<24288176>2007/08/10 21:00:34:DEBUG:SendToRemote:acc=5,data=#Size=0,0

<24288176>2007/08/10 21:00:34:DEBUG:lockf(unlock)=0
<24288176>2007/08/10 21:00:34:DEBUG:SendOneData:end
<24288176>2007/08/10 21:00:34:DEBUG:sock.c:RecvOneLine_1():recv():EOF
<24288176>2007/08/10 21:00:34:INFO:WorkThread:RecvOneLine_2:error or closed
<24288176>2007/08/10 21:00:34:DEBUG:WorkThread:0:end
<3086874304>2007/08/10 21:00:35:DEBUG:ExecWork:end
<3086182080>2007/08/20 16:20:31:INFO:ParamLogOut:VERSION_STRING=1.0.0
<3086182080>2007/08/20 16:20:31:INFO:ParamLogOut:TargetFolderCnt=1
<3086182080>2007/08/20 16:20:31:INFO:ParamLogOut:TargetFolder0=wlSyncTest,./SendData/
<3086182080>2007/08/20 16:20:31:INFO:ParamLogOut:TargetHostCnt=1
<3086182080>2007/08/20 16:20:31:INFO:ParamLogOut:TargetHost0=192.168.68.128:56000
<3086182080>2007/08/20 16:20:31:INFO:ParamLogOut:Interval=1
<3086182080>2007/08/20 16:20:31:INFO:ParamLogOut:RecvTimeout=5
<3086182080>2007/08/20 16:20:31:INFO:ParamLogOut:UseDigest=0
<3086182080>2007/08/20 16:20:31:INFO:ParamLogOut:SendSize=8096
<3086182080>2007/08/20 16:20:31:INFO:ParamLogOut:LogPath=./
<3086182080>2007/08/20 16:20:31:INFO:ParamLogOut:LogLevel=7
<3086182080>2007/08/20 16:20:31:INFO:ParamLogOut:StderrOut=1
<3086182080>2007/08/20 16:20:31:INFO:ParamLogOut:VersionFilePath=./wlSyncS.ver
<3086182080>2007/08/20 16:20:31:INFO:ParamLogOut:WorkFilePath=./wlSyncS.work
<3086182080>2007/08/20 16:20:31:DEBUG:MakeVersionFile:./wlSyncS.ver
<3086182080>2007/08/20 16:20:31:INFO:main:wlSyncS:ready
<3086182080>2007/08/20 16:20:31:DEBUG:now-beforeTime=1187594431:60
<3086182080>2007/08/20 16:20:31:DEBUG:Time to work
<3086182080>2007/08/20 16:20:31:DEBUG:No working thread
<3086182080>2007/08/20 16:20:31:DEBUG:ExecWork:start
<3086182080>2007/08/20 16:20:31:DEBUG:MakeFolderList:tpath=./SendData/,path=:start
<3086182080>2007/08/20 16:20:31:INFO:MakeFolderList:fullpath=./SendData//file2.txt
<3086182080>2007/08/20 16:20:31:DEBUG:MakeFolderList:tpath=./SendData/,path=:end
<3086182080>2007/08/20 16:20:31:INFO:ExecWork:pthread_create:thread_id=3086179248
<3086179248>2007/08/20 16:20:31:DEBUG:WorkThread:0:start
<3086179248>2007/08/20 16:20:31:DEBUG:sock2.c:ClientSocketNew:trying 192.168.68.128 port 56000
<3086179248>2007/08/20 16:20:31:DEBUG:sock2.c:ClientSocketNew:connect:Success
<3086179248>2007/08/20 16:20:31:DEBUG:WorkThread:RecvOneLine_2:#OK
<3086179248>2007/08/20 16:20:31:DEBUG:sock.c:RecvOneLine_1():recv():EOF
<3086179248>2007/08/20 16:20:31:INFO:WorkThread:RecvOneLine_2:error or closed
<3086179248>2007/08/20 16:20:31:DEBUG:WorkThread:0:end
<3086182080>2007/08/20 16:20:32:DEBUG:ExecWork:end
<3086182080>2007/08/20 16:20:33:ERR:endingFunc:sig=2
<3086325440>2007/08/20 16:20:36:INFO:ParamLogOut:VERSION_STRING=1.0.0
<3086325440>2007/08/20 16:20:36:INFO:ParamLogOut:TargetFolderCnt=1
<3086325440>2007/08/20 16:20:36:INFO:ParamLogOut:TargetFolder0=wlSyncTest,./SendData/
<3086325440>2007/08/20 16:20:36:INFO:ParamLogOut:TargetHostCnt=1
<3086325440>2007/08/20 16:20:36:INFO:ParamLogOut:TargetHost0=192.168.68.128:56000
<3086325440>2007/08/20 16:20:36:INFO:ParamLogOut:Interval=1
<3086325440>2007/08/20 16:20:36:INFO:ParamLogOut:RecvTimeout=5
<3086325440>2007/08/20 16:20:36:INFO:ParamLogOut:UseDigest=0
<3086325440>2007/08/20 16:20:36:INFO:ParamLogOut:SendSize=8096
<3086325440>2007/08/20 16:20:36:INFO:ParamLogOut:LogPath=./
<3086325440>2007/08/20 16:20:36:INFO:ParamLogOut:LogLevel=7
<3086325440>2007/08/20 16:20:36:INFO:ParamLogOut:StderrOut=1
<3086325440>2007/08/20 16:20:36:INFO:ParamLogOut:VersionFilePath=./wlSyncS.ver
<3086325440>2007/08/20 16:20:36:INFO:ParamLogOut:WorkFilePath=./wlSyncS.work
<3086325440>2007/08/20 16:20:36:DEBUG:MakeVersionFile:./wlSyncS.ver
<3086325440>2007/08/20 16:20:36:INFO:main:wlSyncS:ready
<3086325440>2007/08/20 16:20:36:DEBUG:now-beforeTime=1187594436:60
<3086325440>2007/08/20 16:20:36:DEBUG:Time to work
<3086325440>2007/08/20 16:20:36:DEBUG:No working thread
<3086325440>2007/08/20 16:20:36:DEBUG:ExecWork:start
<3086325440>2007/08/20 16:20:36:DEBUG:MakeFolderList:tpath=./SendData/,path=:start
<3086325440>2007/08/20 16:20:36:INFO:MakeFolderList:fullpath=./SendData//file2.txt
<3086325440>2007/08/20 16:20:36:DEBUG:MakeFolderList:tpath=./SendData/,path=:end
<3086325440>2007/08/20 16:20:36:INFO:ExecWork:pthread_create:thread_id=3086322608
<3086322608>2007/08/20 16:20:36:DEBUG:WorkThread:0:start
<3086322608>2007/08/20 16:20:36:DEBUG:sock2.c:ClientSocketNew:trying 192.168.68.128 port 56000
<3086322608>2007/08/20 16:20:36:DEBUG:sock2.c:ClientSocketNew:connect:Success
<3086322608>2007/08/20 16:20:36:DEBUG:WorkThread:RecvOneLine_2:#OK
<3086322608>2007/08/20 16:20:36:DEBUG:sock.c:RecvOneLine_1():recv():EOF
<3086322608>2007/08/20 16:20:36:INFO:WorkThread:RecvOneLine_2:error or closed
<3086322608>2007/08/20 16:20:36:DEBUG:WorkThread:0:end
<3086325440>2007/08/20 16:20:37:DEBUG:ExecWork:end
<3086325440>2007/08/20 16:20:38:DEBUG:now-beforeTime=2:60
<3086325440>2007/08/20 16:20:39:DEBUG:now-beforeTime=3:60
<3086325440>2007/08/20 16:20:40:DEBUG:now-beforeTime=4:60
<3086325440>2007/08/20 16:20:41:DEBUG:now-beforeTime=5:60
<3086325440>2007/08/20 16:20:42:DEBUG:now-beforeTime=6:60
<3086325440>2007/08/20 16:20:43:DEBUG:now-beforeTime=7:60
<3086325440>2007/08/20 16:20:44:DEBUG:now-beforeTime=8:60
<3086325440>2007/08/20 16:20:45:DEBUG:now-beforeTime=9:60
<3086325440>2007/08/20 16:20:46:DEBUG:now-beforeTime=10:60
<3086325440>2007/08/20 16:20:47:DEBUG:now-beforeTime=11:60
<3086325440>2007/08/20 16:20:48:DEBUG:now-beforeTime=12:60
<3086325440>2007/08/20 16:20:49:DEBUG:now-beforeTime=13:60
<3086325440>2007/08/20 16:20:50:ERR:endingFunc:sig=2
<3086538432>2007/08/20 16:20:55:INFO:ParamLogOut:VERSION_STRING=1.0.0
<3086538432>2007/08/20 16:20:55:INFO:ParamLogOut:TargetFolderCnt=1
<3086538432>2007/08/20 16:20:55:INFO:ParamLogOut:TargetFolder0=wlSyncTest,./SendData/
<3086538432>2007/08/20 16:20:55:INFO:ParamLogOut:TargetHostCnt=1
<3086538432>2007/08/20 16:20:55:INFO:ParamLogOut:TargetHost0=192.168.68.128:56000
<3086538432>2007/08/20 16:20:55:INFO:ParamLogOut:Interval=1
<3086538432>2007/08/20 16:20:55:INFO:ParamLogOut:RecvTimeout=5
<3086538432>2007/08/20 16:20:55:INFO:ParamLogOut:UseDigest=0
<3086538432>2007/08/20 16:20:55:INFO:ParamLogOut:SendSize=8096
<3086538432>2007/08/20 16:20:55:INFO:ParamLogOut:LogPath=./
<3086538432>2007/08/20 16:20:55:INFO:ParamLogOut:LogLevel=7
<3086538432>2007/08/20 16:20:55:INFO:ParamLogOut:StderrOut=1
<3086538432>2007/08/20 16:20:55:INFO:ParamLogOut:VersionFilePath=./wlSyncS.ver
<3086538432>2007/08/20 16:20:55:INFO:ParamLogOut:WorkFilePath=./wlSyncS.work
<3086538432>2007/08/20 16:20:55:DEBUG:MakeVersionFile:./wlSyncS.ver
<3086538432>2007/08/20 16:20:55:INFO:main:wlSyncS:ready
<3086538432>2007/08/20 16:20:55:DEBUG:ExecWork:start
<3086538432>2007/08/20 16:20:55:DEBUG:MakeFolderList:tpath=./SendData/,path=:start
<3086538432>2007/08/20 16:20:55:INFO:MakeFolderList:fullpath=./SendData//file2.txt
<3086538432>2007/08/20 16:20:55:DEBUG:MakeFolderList:tpath=./SendData/,path=:end
<3086538432>2007/08/20 16:20:55:INFO:ExecWork:pthread_create:thread_id=3086535600
<3086535600>2007/08/20 16:20:55:DEBUG:WorkThread:0:start
<3086535600>2007/08/20 16:20:55:DEBUG:sock2.c:ClientSocketNew:trying 192.168.68.128 port 56000
<3086535600>2007/08/20 16:20:55:DEBUG:sock2.c:ClientSocketNew:connect:Success
<3086535600>2007/08/20 16:20:55:DEBUG:WorkThread:RecvOneLine_2:#OK
<3086535600>2007/08/20 16:20:55:DEBUG:sock.c:RecvOneLine_1():recv():EOF
<3086535600>2007/08/20 16:20:55:INFO:WorkThread:RecvOneLine_2:error or closed
<3086535600>2007/08/20 16:20:55:DEBUG:WorkThread:0:end
<3086538432>2007/08/20 16:20:56:DEBUG:ExecWork:end
<1119936>2007/08/28 12:52:46:INFO:ParamLogOut:VERSION_STRING=1.0.0
<1119936>2007/08/28 12:52:46:INFO:ParamLogOut:TargetFolderCnt=1
<1119936>2007/08/28 12:52:46:INFO:ParamLogOut:TargetFolder0=wlSyncTest,./SendData/
<1119936>2007/08/28 12:52:46:INFO:ParamLogOut:TargetHostCnt=1
<1119936>2007/08/28 12:52:46:INFO:ParamLogOut:TargetHost0=fe80::2a0:ccff:fe66:6914%eth0:56000
<1119936>2007/08/28 12:52:46:INFO:ParamLogOut:Interval=1
<1119936>2007/08/28 12:52:46:INFO:ParamLogOut:RecvTimeout=5
<1119936>2007/08/28 12:52:46:INFO:ParamLogOut:UseDigest=0
<1119936>2007/08/28 12:52:46:INFO:ParamLogOut:SendSize=8096
<1119936>2007/08/28 12:52:46:INFO:ParamLogOut:LogPath=./
<1119936>2007/08/28 12:52:46:INFO:ParamLogOut:LogLevel=7
<1119936>2007/08/28 12:52:46:INFO:ParamLogOut:StderrOut=1
<1119936>2007/08/28 12:52:46:INFO:ParamLogOut:VersionFilePath=./wlSyncS.ver
<1119936>2007/08/28 12:52:46:INFO:ParamLogOut:WorkFilePath=./wlSyncS.work
<1119936>2007/08/28 12:52:46:DEBUG:MakeVersionFile:./wlSyncS.ver
<1119936>2007/08/28 12:52:46:INFO:main:wlSyncS:ready
<1119936>2007/08/28 12:52:46:DEBUG:ExecWork:start
<1119936>2007/08/28 12:52:46:DEBUG:MakeFolderList:tpath=./SendData/,path=:start
<1119936>2007/08/28 12:52:46:INFO:MakeFolderList:fullpath=./SendData//file2.txt
<1119936>2007/08/28 12:52:46:DEBUG:MakeFolderList:tpath=./SendData/,path=:end
<1119936>2007/08/28 12:52:46:INFO:ExecWork:pthread_create:thread_id=24288176
<24288176>2007/08/28 12:52:46:DEBUG:WorkThread:0:start
<24288176>2007/08/28 12:52:46:DEBUG:sock2.c:ClientSocketNew:trying fe80::2a0:ccff:fe66:6914%eth0 port 56000
<24288176>2007/08/28 12:55:55:ERR:sock2.c:ClientSocketNew:no destination to connect to
<24288176>2007/08/28 12:55:55:ERR:WorkThread:ClientSocketNew(fe80::2a0:ccff:fe66:6914%eth0,56000):-1
<1119936>2007/08/28 12:55:56:DEBUG:ExecWork:end
<140669774317312>2016/12/01 13:28:11:INFO:ParamLogOut:VERSION_STRING=1.0.0
<140669774317312>2016/12/01 13:28:11:INFO:ParamLogOut:TargetFolderCnt=1
<140669774317312>2016/12/01 13:28:11:INFO:ParamLogOut:TargetFolder0=wlSyncTest,./SendData/
<140669774317312>2016/12/01 13:28:11:INFO:ParamLogOut:TargetHostCnt=1
<140669774317312>2016/12/01 13:28:11:INFO:ParamLogOut:TargetHost0=130.158.64.37:56000
<140669774317312>2016/12/01 13:28:11:INFO:ParamLogOut:Interval=1
<140669774317312>2016/12/01 13:28:11:INFO:ParamLogOut:RecvTimeout=5
<140669774317312>2016/12/01 13:28:11:INFO:ParamLogOut:UseDigest=0
<140669774317312>2016/12/01 13:28:11:INFO:ParamLogOut:SendSize=8096
<140669774317312>2016/12/01 13:28:11:INFO:ParamLogOut:LogPath=./
<140669774317312>2016/12/01 13:28:11:INFO:ParamLogOut:LogLevel=7
<140669774317312>2016/12/01 13:28:11:INFO:ParamLogOut:StderrOut=1
<140669774317312>2016/12/01 13:28:11:INFO:ParamLogOut:VersionFilePath=./wlSyncS.ver
<140669774317312>2016/12/01 13:28:11:INFO:ParamLogOut:WorkFilePath=./wlSyncS.work
<140669774317312>2016/12/01 13:28:11:DEBUG:MakeVersionFile:./wlSyncS.ver
<140669774317312>2016/12/01 13:28:11:INFO:main:wlSyncS:ready
<140669774317312>2016/12/01 13:28:11:DEBUG:now-beforeTime=1480566491:60
<140669774317312>2016/12/01 13:28:11:DEBUG:Time to work
<140669774317312>2016/12/01 13:28:11:DEBUG:No working thread
<140669774317312>2016/12/01 13:28:11:DEBUG:ExecWork:start
<140669774317312>2016/12/01 13:28:11:DEBUG:MakeFolderList:tpath=./SendData/,path=:start
<140669774317312>2016/12/01 13:28:11:INFO:MakeFolderList:fullpath=./SendData//file2.txt
<140669774317312>2016/12/01 13:28:11:DEBUG:MakeFolderList:tpath=./SendData/,path=:end
<140669774317312>2016/12/01 13:28:11:INFO:ExecWork:pthread_create:thread_id=997213952
<140669766092544>2016/12/01 13:28:11:DEBUG:WorkThread:0:start
<140669766092544>2016/12/01 13:28:11:DEBUG:sock2.c:ClientSocketNew:trying 130.158.64.37 port 56000
<140669766092544>2016/12/01 13:28:11:DEBUG:sock2.c:ClientSocketNew:connect:Success
<140669766092544>2016/12/01 13:28:11:DEBUG:WorkThread:RecvOneLine_2:#OK
<140669766092544>2016/12/01 13:28:11:DEBUG:sock.c:RecvOneLine_1():recv():EOF
<140669766092544>2016/12/01 13:28:11:INFO:WorkThread:RecvOneLine_2:error or closed
<140669766092544>2016/12/01 13:28:11:DEBUG:WorkThread:0:end
<140669774317312>2016/12/01 13:28:12:DEBUG:ExecWork:end
<140669774317312>2016/12/01 13:28:13:DEBUG:now-beforeTime=2:60
<140669774317312>2016/12/01 13:28:14:DEBUG:now-beforeTime=3:60
<140669774317312>2016/12/01 13:28:15:DEBUG:now-beforeTime=4:60
<140669774317312>2016/12/01 13:28:16:DEBUG:now-beforeTime=5:60
<140669774317312>2016/12/01 13:28:16:ERR:endingFunc:sig=2
<140555572569856>2016/12/02 13:56:18:INFO:ParamLogOut:VERSION_STRING=1.0.0
<140555572569856>2016/12/02 13:56:18:INFO:ParamLogOut:TargetFolderCnt=1
<140555572569856>2016/12/02 13:56:18:INFO:ParamLogOut:TargetFolder0=wlSyncTest,./SendData/
<140555572569856>2016/12/02 13:56:18:INFO:ParamLogOut:TargetHostCnt=1
<140555572569856>2016/12/02 13:56:18:INFO:ParamLogOut:TargetHost0=130.158.64.37:56000
<140555572569856>2016/12/02 13:56:18:INFO:ParamLogOut:Interval=1
<140555572569856>2016/12/02 13:56:18:INFO:ParamLogOut:RecvTimeout=5
<140555572569856>2016/12/02 13:56:18:INFO:ParamLogOut:UseDigest=0
<140555572569856>2016/12/02 13:56:18:INFO:ParamLogOut:SendSize=8096
<140555572569856>2016/12/02 13:56:18:INFO:ParamLogOut:LogPath=./
<140555572569856>2016/12/02 13:56:18:INFO:ParamLogOut:LogLevel=7
<140555572569856>2016/12/02 13:56:18:INFO:ParamLogOut:StderrOut=1
<140555572569856>2016/12/02 13:56:18:INFO:ParamLogOut:VersionFilePath=./wlSyncS.ver
<140555572569856>2016/12/02 13:56:18:INFO:ParamLogOut:WorkFilePath=./wlSyncS.work
<140555572569856>2016/12/02 13:56:18:DEBUG:MakeVersionFile:./wlSyncS.ver
<140555572569856>2016/12/02 13:56:18:INFO:main:wlSyncS:ready
<140555572569856>2016/12/02 13:56:18:DEBUG:now-beforeTime=1480654578:60
<140555572569856>2016/12/02 13:56:18:DEBUG:Time to work
<140555572569856>2016/12/02 13:56:18:DEBUG:No working thread
<140555572569856>2016/12/02 13:56:18:DEBUG:ExecWork:start
<140555572569856>2016/12/02 13:56:18:DEBUG:MakeFolderList:tpath=./SendData/,path=:start
<140555572569856>2016/12/02 13:56:18:INFO:MakeFolderList:fullpath=./SendData//file2.txt
<140555572569856>2016/12/02 13:56:18:DEBUG:MakeFolderList:tpath=./SendData/,path=:end
<140555572569856>2016/12/02 13:56:18:INFO:ExecWork:pthread_create:thread_id=2759583488
<140555564345088>2016/12/02 13:56:18:DEBUG:WorkThread:0:start
<140555564345088>2016/12/02 13:56:18:DEBUG:sock2.c:ClientSocketNew:trying 130.158.64.37 port 56000
<140555564345088>2016/12/02 13:56:18:ERR:sock2.c:ClientSocketNew:no destination to connect to
<140555564345088>2016/12/02 13:56:18:ERR:WorkThread:ClientSocketNew(130.158.64.37,56000):-1
<140555572569856>2016/12/02 13:56:19:DEBUG:ExecWork:end
<140555572569856>2016/12/02 13:56:20:DEBUG:now-beforeTime=2:60
<140555572569856>2016/12/02 13:56:21:DEBUG:now-beforeTime=3:60
<140555572569856>2016/12/02 13:56:22:DEBUG:now-beforeTime=4:60
<140555572569856>2016/12/02 13:56:23:DEBUG:now-beforeTime=5:60
<140555572569856>2016/12/02 13:56:24:DEBUG:now-beforeTime=6:60
<140555572569856>2016/12/02 13:56:25:DEBUG:now-beforeTime=7:60
<140555572569856>2016/12/02 13:56:26:DEBUG:now-beforeTime=8:60
<140555572569856>2016/12/02 13:56:27:DEBUG:now-beforeTime=9:60
<140555572569856>2016/12/02 13:56:28:DEBUG:now-beforeTime=10:60
<140555572569856>2016/12/02 13:56:29:DEBUG:now-beforeTime=11:60
<140555572569856>2016/12/02 13:56:30:DEBUG:now-beforeTime=12:60
<140555572569856>2016/12/02 13:56:31:DEBUG:now-beforeTime=13:60
<140555572569856>2016/12/02 13:56:32:DEBUG:now-beforeTime=14:60
<140555572569856>2016/12/02 13:56:33:DEBUG:now-beforeTime=15:60
<140555572569856>2016/12/02 13:56:34:DEBUG:now-beforeTime=16:60
<140555572569856>2016/12/02 13:56:35:DEBUG:now-beforeTime=17:60
<140555572569856>2016/12/02 13:56:36:DEBUG:now-beforeTime=18:60
<140555572569856>2016/12/02 13:56:37:DEBUG:now-beforeTime=19:60
<140555572569856>2016/12/02 13:56:38:DEBUG:now-beforeTime=20:60
<140555572569856>2016/12/02 13:56:39:DEBUG:now-beforeTime=21:60
<140555572569856>2016/12/02 13:56:40:DEBUG:now-beforeTime=22:60
<140555572569856>2016/12/02 13:56:41:DEBUG:now-beforeTime=23:60
<140555572569856>2016/12/02 13:56:42:DEBUG:now-beforeTime=24:60
<140555572569856>2016/12/02 13:56:43:DEBUG:now-beforeTime=25:60
<140555572569856>2016/12/02 13:56:44:DEBUG:now-beforeTime=26:60
<140555572569856>2016/12/02 13:56:45:DEBUG:now-beforeTime=27:60
<140555572569856>2016/12/02 13:56:46:DEBUG:now-beforeTime=28:60
<140555572569856>2016/12/02 13:56:47:DEBUG:now-beforeTime=29:60
<140555572569856>2016/12/02 13:56:48:DEBUG:now-beforeTime=30:60
<140555572569856>2016/12/02 13:56:49:DEBUG:now-beforeTime=31:60
<140555572569856>2016/12/02 13:56:50:DEBUG:now-beforeTime=32:60
<140555572569856>2016/12/02 13:56:51:DEBUG:now-beforeTime=33:60
<140555572569856>2016/12/02 13:56:52:DEBUG:now-beforeTime=34:60
<140555572569856>2016/12/02 13:56:53:DEBUG:now-beforeTime=35:60
<140555572569856>2016/12/02 13:56:54:DEBUG:now-beforeTime=36:60
<140555572569856>2016/12/02 13:56:55:DEBUG:now-beforeTime=37:60
<140555572569856>2016/12/02 13:56:56:DEBUG:now-beforeTime=38:60
<140555572569856>2016/12/02 13:56:57:DEBUG:now-beforeTime=39:60
<140555572569856>2016/12/02 13:56:58:DEBUG:now-beforeTime=40:60
<140555572569856>2016/12/02 13:56:59:DEBUG:now-beforeTime=41:60
<140555572569856>2016/12/02 13:57:00:DEBUG:now-beforeTime=42:60
<140555572569856>2016/12/02 13:57:01:DEBUG:now-beforeTime=43:60
<140555572569856>2016/12/02 13:57:02:DEBUG:now-beforeTime=44:60
<140555572569856>2016/12/02 13:57:03:DEBUG:now-beforeTime=45:60
<140555572569856>2016/12/02 13:57:03:ERR:endingFunc:sig=2
<140422070105856>2016/12/02 13:58:48:INFO:ParamLogOut:VERSION_STRING=1.0.0
<140422070105856>2016/12/02 13:58:48:INFO:ParamLogOut:TargetFolderCnt=1
<140422070105856>2016/12/02 13:58:48:INFO:ParamLogOut:TargetFolder0=wlSyncTest,./SendData/
<140422070105856>2016/12/02 13:58:48:INFO:ParamLogOut:TargetHostCnt=1
<140422070105856>2016/12/02 13:58:48:INFO:ParamLogOut:TargetHost0=133.51.46.49:56000
<140422070105856>2016/12/02 13:58:48:INFO:ParamLogOut:Interval=1
<140422070105856>2016/12/02 13:58:48:INFO:ParamLogOut:RecvTimeout=5
<140422070105856>2016/12/02 13:58:48:INFO:ParamLogOut:UseDigest=0
<140422070105856>2016/12/02 13:58:48:INFO:ParamLogOut:SendSize=8096
<140422070105856>2016/12/02 13:58:48:INFO:ParamLogOut:LogPath=./
<140422070105856>2016/12/02 13:58:48:INFO:ParamLogOut:LogLevel=7
<140422070105856>2016/12/02 13:58:48:INFO:ParamLogOut:StderrOut=1
<140422070105856>2016/12/02 13:58:48:INFO:ParamLogOut:VersionFilePath=./wlSyncS.ver
<140422070105856>2016/12/02 13:58:48:INFO:ParamLogOut:WorkFilePath=./wlSyncS.work
<140422070105856>2016/12/02 13:58:48:DEBUG:MakeVersionFile:./wlSyncS.ver
<140422070105856>2016/12/02 13:58:48:INFO:main:wlSyncS:ready
<140422070105856>2016/12/02 13:58:48:DEBUG:now-beforeTime=1480654728:60
<140422070105856>2016/12/02 13:58:48:DEBUG:Time to work
<140422070105856>2016/12/02 13:58:48:DEBUG:No working thread
<140422070105856>2016/12/02 13:58:48:DEBUG:ExecWork:start
<140422070105856>2016/12/02 13:58:48:DEBUG:MakeFolderList:tpath=./SendData/,path=:start
<140422070105856>2016/12/02 13:58:48:INFO:MakeFolderList:fullpath=./SendData//file2.txt
<140422070105856>2016/12/02 13:58:48:DEBUG:MakeFolderList:tpath=./SendData/,path=:end
<140422070105856>2016/12/02 13:58:48:INFO:ExecWork:pthread_create:thread_id=2401105664
<140422061881088>2016/12/02 13:58:48:DEBUG:WorkThread:0:start
<140422061881088>2016/12/02 13:58:48:DEBUG:sock2.c:ClientSocketNew:trying 133.51.46.49 port 56000
<140422061881088>2016/12/02 13:58:48:ERR:sock2.c:ClientSocketNew:no destination to connect to
<140422061881088>2016/12/02 13:58:48:ERR:WorkThread:ClientSocketNew(133.51.46.49,56000):-1
<140422070105856>2016/12/02 13:58:49:DEBUG:ExecWork:end
<140422070105856>2016/12/02 13:58:50:DEBUG:now-beforeTime=2:60
<140422070105856>2016/12/02 13:58:51:DEBUG:now-beforeTime=3:60
<140422070105856>2016/12/02 13:58:52:DEBUG:now-beforeTime=4:60
<140422070105856>2016/12/02 13:58:53:DEBUG:now-beforeTime=5:60
<140422070105856>2016/12/02 13:58:54:DEBUG:now-beforeTime=6:60
<140422070105856>2016/12/02 13:58:55:DEBUG:now-beforeTime=7:60
<140422070105856>2016/12/02 13:58:56:DEBUG:now-beforeTime=8:60
<140422070105856>2016/12/02 13:58:57:DEBUG:now-beforeTime=9:60
<140422070105856>2016/12/02 13:58:57:ERR:endingFunc:sig=2
<139962856388352>2016/12/02 14:00:29:INFO:ParamLogOut:VERSION_STRING=1.0.0
<139962856388352>2016/12/02 14:00:29:INFO:ParamLogOut:TargetFolderCnt=1
<139962856388352>2016/12/02 14:00:29:INFO:ParamLogOut:TargetFolder0=wlSyncTest,./SendData/
<139962856388352>2016/12/02 14:00:29:INFO:ParamLogOut:TargetHostCnt=1
<139962856388352>2016/12/02 14:00:29:INFO:ParamLogOut:TargetHost0=133.51.46.49:56000
<139962856388352>2016/12/02 14:00:29:INFO:ParamLogOut:Interval=1
<139962856388352>2016/12/02 14:00:29:INFO:ParamLogOut:RecvTimeout=5
<139962856388352>2016/12/02 14:00:29:INFO:ParamLogOut:UseDigest=0
<139962856388352>2016/12/02 14:00:29:INFO:ParamLogOut:SendSize=8096
<139962856388352>2016/12/02 14:00:29:INFO:ParamLogOut:LogPath=./
<139962856388352>2016/12/02 14:00:29:INFO:ParamLogOut:LogLevel=7
<139962856388352>2016/12/02 14:00:29:INFO:ParamLogOut:StderrOut=1
<139962856388352>2016/12/02 14:00:29:INFO:ParamLogOut:VersionFilePath=./wlSyncS.ver
<139962856388352>2016/12/02 14:00:29:INFO:ParamLogOut:WorkFilePath=./wlSyncS.work
<139962856388352>2016/12/02 14:00:29:DEBUG:MakeVersionFile:./wlSyncS.ver
<139962856388352>2016/12/02 14:00:29:INFO:main:wlSyncS:ready
<139962856388352>2016/12/02 14:00:29:DEBUG:now-beforeTime=1480654829:60
<139962856388352>2016/12/02 14:00:29:DEBUG:Time to work
<139962856388352>2016/12/02 14:00:29:DEBUG:No working thread
<139962856388352>2016/12/02 14:00:29:DEBUG:ExecWork:start
<139962856388352>2016/12/02 14:00:29:DEBUG:MakeFolderList:tpath=./SendData/,path=:start
<139962856388352>2016/12/02 14:00:29:INFO:MakeFolderList:fullpath=./SendData//file2.txt
<139962856388352>2016/12/02 14:00:29:DEBUG:MakeFolderList:tpath=./SendData/,path=:end
<139962856388352>2016/12/02 14:00:29:INFO:ExecWork:pthread_create:thread_id=2748888832
<139962848163584>2016/12/02 14:00:29:DEBUG:WorkThread:0:start
<139962848163584>2016/12/02 14:00:29:DEBUG:sock2.c:ClientSocketNew:trying 133.51.46.49 port 56000
<139962848163584>2016/12/02 14:00:29:DEBUG:sock2.c:ClientSocketNew:connect:Success
<139962848163584>2016/12/02 14:00:29:DEBUG:WorkThread:RecvOneLine_2:#OK
<139962848163584>2016/12/02 14:00:29:DEBUG:sock.c:RecvOneLine_1():recv():EOF
<139962848163584>2016/12/02 14:00:29:INFO:WorkThread:RecvOneLine_2:error or closed
<139962848163584>2016/12/02 14:00:29:DEBUG:WorkThread:0:end
<139962856388352>2016/12/02 14:00:30:DEBUG:ExecWork:end
<139962856388352>2016/12/02 14:00:31:DEBUG:now-beforeTime=2:60
<139962856388352>2016/12/02 14:00:32:DEBUG:now-beforeTime=3:60
<139962856388352>2016/12/02 14:00:33:DEBUG:now-beforeTime=4:60
<139962856388352>2016/12/02 14:00:34:DEBUG:now-beforeTime=5:60
<139962856388352>2016/12/02 14:00:35:DEBUG:now-beforeTime=6:60
<139962856388352>2016/12/02 14:00:36:DEBUG:now-beforeTime=7:60
<139962856388352>2016/12/02 14:00:37:DEBUG:now-beforeTime=8:60
<139962856388352>2016/12/02 14:00:38:DEBUG:now-beforeTime=9:60
<139962856388352>2016/12/02 14:00:39:DEBUG:now-beforeTime=10:60
<139962856388352>2016/12/02 14:00:40:DEBUG:now-beforeTime=11:60
<139962856388352>2016/12/02 14:00:41:DEBUG:now-beforeTime=12:60
<139962856388352>2016/12/02 14:00:41:ERR:endingFunc:sig=2
