<3086874304>2007/08/10 20:45:09:INFO:ParamLogOut:VERSION_STRING=1.0.0
<3086874304>2007/08/10 20:45:09:INFO:ParamLogOut:TargetFolderCnt=1
<3086874304>2007/08/10 20:45:09:INFO:ParamLogOut:TargetFolder0=wlSyncTest,./RecvData/
<3086874304>2007/08/10 20:45:09:INFO:ParamLogOut:Port=56000
<3086874304>2007/08/10 20:45:09:INFO:ParamLogOut:RecvTimeout=5
<3086874304>2007/08/10 20:45:09:INFO:ParamLogOut:UseDigest=0
<3086874304>2007/08/10 20:45:09:INFO:ParamLogOut:LogPath=./
<3086874304>2007/08/10 20:45:09:INFO:ParamLogOut:LogLevel=7
<3086874304>2007/08/10 20:45:09:INFO:ParamLogOut:StderrOut=1
<3086874304>2007/08/10 20:45:09:INFO:ParamLogOut:VersionFilePath=./wlSyncC.ver
<3086874304>2007/08/10 20:45:09:INFO:ParamLogOut:WorkFilePath=./wlSyncC.work
<3086874304>2007/08/10 20:45:09:INFO:ParamLogOut:DeleteFlag=1
<3086874304>2007/08/10 20:45:09:INFO:sock2.c:ServerSocketNew:listen to :: 56000
<3086874304>2007/08/10 20:45:09:INFO:sock2.c:ServerSocketNew:listen to 0.0.0.0 56000
<3086874304>2007/08/10 20:45:09:DEBUG:MakeVersionFile:./wlSyncC.ver
<3086874304>2007/08/10 20:45:09:INFO:main:wlSyncC:ready
<3086874304>2007/08/10 20:45:09:DEBUG:AcceptLoop:s_no=2
<3086874304>2007/08/10 20:45:47:INFO:AcceptLoop:accept(1):192.168.68.128:32795
<3086874304>2007/08/10 20:45:47:INFO:AcceptLoop:pthread_create:thread_id=24288176
<24288176>2007/08/10 20:45:47:INFO:RecvLoop:start:acc=6
<24288176>2007/08/10 20:45:47:DEBUG:RecvLoop:RecvOneLine_2:#Name=wlSyncTest,EUC
<24288176>2007/08/10 20:45:47:INFO:CheckRecvData:td.acc=6,data=#Name=wlSyncTest,EUC
<24288176>2007/08/10 20:45:47:INFO:DoName:workfile=./wlSyncC.work/0000000024288176
<24288176>2007/08/10 20:45:47:DEBUG:DoName:RecvOneLine_2:F:1186745685,4,0,file1.txt
<24288176>2007/08/10 20:45:47:INFO:DoName:RecvOneLine_2:#End
<24288176>2007/08/10 20:45:47:DEBUG:SendToRemote:acc=6,data=#OK

<24288176>2007/08/10 20:45:47:DEBUG:SyncData:acc=6
<24288176>2007/08/10 20:45:47:DEBUG:CheckEraseData:targetNo=0,mptr=b7fff014,mapEnd=b7fff035,code=EUC
<24288176>2007/08/10 20:45:47:INFO:CheckEraseOneFolder:tpath=./RecvData/,path=,mptr=b7fff014,tend=b7fff030,code=EUC
<24288176>2007/08/10 20:45:47:ERR:SyncOneFolder:acc=6,targetNo=0,code=EUC,*mptr=b7fff014,mapEnd=b7fff035
<24288176>2007/08/10 20:45:47:DEBUG:MakeTargetFolder:targetNo=0
<24288176>2007/08/10 20:45:47:DEBUG:SyncOneFolder:F:1186745685,4,0,file1.txt
<24288176>2007/08/10 20:45:47:DEBUG:SyncOneFolder_F:acc=6,targetNo=0,code=EUC,stime=1186745685,ssize=4,sdigest=0,path=file1.txt
<24288176>2007/08/10 20:45:47:DEBUG:SyncOneFolder_F:./RecvData//file1.txt
<24288176>2007/08/10 20:45:47:INFO:SyncOneFolder_F:./RecvData//file1.txt:stat=-1:Get
<24288176>2007/08/10 20:45:47:INFO:GetOneFile:acc=6,targetNo=0,code=EUC,path=file1.txt
<24288176>2007/08/10 20:45:47:DEBUG:GetOneFile:buf=#Get=wlSyncTest,file1.txt

<24288176>2007/08/10 20:45:47:DEBUG:SendToRemote:acc=6,data=#Get=wlSyncTest,file1.txt

<24288176>2007/08/10 20:45:47:DEBUG:GetOneFile:RecvOneLine_2:#Size=4,0
<24288176>2007/08/10 20:45:47:DEBUG:GetOneFile:fopen:./RecvData//file1.txt
<24288176>2007/08/10 20:45:47:DEBUG:lockf(lock)=0
<24288176>2007/08/10 20:45:47:DEBUG:GetOneFile:size=4
<24288176>2007/08/10 20:45:47:DEBUG:GetOneFile:RecvTimeoutPoll=4
<24288176>2007/08/10 20:45:47:DEBUG:GetOneFile:RecvOneLine_2:#Size=0,0
<24288176>2007/08/10 20:45:47:DEBUG:GetOneFile:size=0
<24288176>2007/08/10 20:45:47:DEBUG:GetOneFile:size=0:end
<24288176>2007/08/10 20:45:47:DEBUG:lockf(unlock)=0
<24288176>2007/08/10 20:45:47:DEBUG:GetOneFile:Success
<24288176>2007/08/10 20:45:47:ERR:SyncOneFolder:normal end
<24288176>2007/08/10 20:45:47:INFO:RecvLoop:end
<3086874304>2007/08/10 20:50:06:ERR:ending:sig=2
<3086874304>2007/08/10 20:51:32:INFO:ParamLogOut:VERSION_STRING=1.0.0
<3086874304>2007/08/10 20:51:32:INFO:ParamLogOut:TargetFolderCnt=1
<3086874304>2007/08/10 20:51:32:INFO:ParamLogOut:TargetFolder0=wlSyncTest,./RecvData/
<3086874304>2007/08/10 20:51:32:INFO:ParamLogOut:Port=56000
<3086874304>2007/08/10 20:51:32:INFO:ParamLogOut:RecvTimeout=5
<3086874304>2007/08/10 20:51:32:INFO:ParamLogOut:UseDigest=0
<3086874304>2007/08/10 20:51:32:INFO:ParamLogOut:LogPath=./
<3086874304>2007/08/10 20:51:32:INFO:ParamLogOut:LogLevel=7
<3086874304>2007/08/10 20:51:32:INFO:ParamLogOut:StderrOut=1
<3086874304>2007/08/10 20:51:32:INFO:ParamLogOut:VersionFilePath=./wlSyncC.ver
<3086874304>2007/08/10 20:51:32:INFO:ParamLogOut:WorkFilePath=./wlSyncC.work
<3086874304>2007/08/10 20:51:32:INFO:ParamLogOut:DeleteFlag=1
<3086874304>2007/08/10 20:51:32:INFO:sock2.c:ServerSocketNew:listen to :: 56000
<3086874304>2007/08/10 20:51:32:INFO:sock2.c:ServerSocketNew:listen to 0.0.0.0 56000
<3086874304>2007/08/10 20:51:32:DEBUG:MakeVersionFile:./wlSyncC.ver
<3086874304>2007/08/10 20:51:32:INFO:main:wlSyncC:ready
<3086874304>2007/08/10 20:51:32:DEBUG:AcceptLoop:s_no=2
<3086874304>2007/08/10 20:52:05:INFO:AcceptLoop:accept(1):192.168.68.128:32796
<3086874304>2007/08/10 20:52:05:INFO:AcceptLoop:pthread_create:thread_id=24288176
<24288176>2007/08/10 20:52:05:INFO:RecvLoop:start:acc=6
<24288176>2007/08/10 20:52:05:DEBUG:RecvLoop:RecvOneLine_2:#Name=wlSyncTest,EUC
<24288176>2007/08/10 20:52:05:INFO:CheckRecvData:td.acc=6,data=#Name=wlSyncTest,EUC
<24288176>2007/08/10 20:52:05:INFO:DoName:workfile=./wlSyncC.work/0000000024288176
<24288176>2007/08/10 20:52:05:DEBUG:DoName:RecvOneLine_2:F:1186745685,4,0,file1.txt
<24288176>2007/08/10 20:52:05:INFO:DoName:RecvOneLine_2:#End
<24288176>2007/08/10 20:52:05:DEBUG:SendToRemote:acc=6,data=#OK

<24288176>2007/08/10 20:52:05:DEBUG:SyncData:acc=6
<24288176>2007/08/10 20:52:05:DEBUG:CheckEraseData:targetNo=0,mptr=b7fff014,mapEnd=b7fff035,code=EUC
<24288176>2007/08/10 20:52:05:INFO:CheckEraseOneFolder:tpath=./RecvData/,path=,mptr=b7fff014,tend=b7fff030,code=EUC
<24288176>2007/08/10 20:52:05:INFO:CheckEraseOneFolder:fullpath=./RecvData/file1.txt
<24288176>2007/08/10 20:52:05:DEBUG:SearchOne:d_f=F,spath=file1.txt,mptr=b7fff014,tend=b7fff030,code=EUC
<24288176>2007/08/10 20:52:05:DEBUG:SearchOne:spath=file1.txt
<24288176>2007/08/10 20:52:05:DEBUG:SearchOne:file1.txt:file1.txt
<24288176>2007/08/10 20:52:05:DEBUG:SearchOne:F,file1.txt:1
<24288176>2007/08/10 20:52:05:ERR:SyncOneFolder:acc=6,targetNo=0,code=EUC,*mptr=b7fff014,mapEnd=b7fff035
<24288176>2007/08/10 20:52:05:DEBUG:MakeTargetFolder:targetNo=0
<24288176>2007/08/10 20:52:05:DEBUG:SyncOneFolder:F:1186745685,4,0,file1.txt
<24288176>2007/08/10 20:52:05:DEBUG:SyncOneFolder_F:acc=6,targetNo=0,code=EUC,stime=1186745685,ssize=4,sdigest=0,path=file1.txt
<24288176>2007/08/10 20:52:05:DEBUG:SyncOneFolder_F:./RecvData//file1.txt
<24288176>2007/08/10 20:52:05:INFO:SyncOneFolder_F:./RecvData//file1.txt:exists
<24288176>2007/08/10 20:52:05:ERR:SyncOneFolder:normal end
<24288176>2007/08/10 20:52:05:INFO:RecvLoop:end
<3086874304>2007/08/10 20:57:18:INFO:AcceptLoop:accept(1):192.168.68.128:32797
<3086874304>2007/08/10 20:57:18:INFO:AcceptLoop:pthread_create:thread_id=24288176
<24288176>2007/08/10 20:57:18:INFO:RecvLoop:start:acc=6
<24288176>2007/08/10 20:57:18:DEBUG:RecvLoop:RecvOneLine_2:#Name=wlSyncTest,EUC
<24288176>2007/08/10 20:57:18:INFO:CheckRecvData:td.acc=6,data=#Name=wlSyncTest,EUC
<24288176>2007/08/10 20:57:18:INFO:DoName:workfile=./wlSyncC.work/0000000024288176
<24288176>2007/08/10 20:57:18:DEBUG:DoName:RecvOneLine_2:F:1186746992,8,0,file1.txt
<24288176>2007/08/10 20:57:18:INFO:DoName:RecvOneLine_2:#End
<24288176>2007/08/10 20:57:18:DEBUG:SendToRemote:acc=6,data=#OK

<24288176>2007/08/10 20:57:18:DEBUG:SyncData:acc=6
<24288176>2007/08/10 20:57:18:DEBUG:CheckEraseData:targetNo=0,mptr=b7fff014,mapEnd=b7fff035,code=EUC
<24288176>2007/08/10 20:57:18:INFO:CheckEraseOneFolder:tpath=./RecvData/,path=,mptr=b7fff014,tend=b7fff030,code=EUC
<24288176>2007/08/10 20:57:18:INFO:CheckEraseOneFolder:fullpath=./RecvData/file1.txt
<24288176>2007/08/10 20:57:18:DEBUG:SearchOne:d_f=F,spath=file1.txt,mptr=b7fff014,tend=b7fff030,code=EUC
<24288176>2007/08/10 20:57:18:DEBUG:SearchOne:spath=file1.txt
<24288176>2007/08/10 20:57:18:DEBUG:SearchOne:file1.txt:file1.txt
<24288176>2007/08/10 20:57:18:DEBUG:SearchOne:F,file1.txt:1
<24288176>2007/08/10 20:57:18:ERR:SyncOneFolder:acc=6,targetNo=0,code=EUC,*mptr=b7fff014,mapEnd=b7fff035
<24288176>2007/08/10 20:57:18:DEBUG:MakeTargetFolder:targetNo=0
<24288176>2007/08/10 20:57:18:DEBUG:SyncOneFolder:F:1186746992,8,0,file1.txt
<24288176>2007/08/10 20:57:18:DEBUG:SyncOneFolder_F:acc=6,targetNo=0,code=EUC,stime=1186746992,ssize=8,sdigest=0,path=file1.txt
<24288176>2007/08/10 20:57:18:DEBUG:SyncOneFolder_F:./RecvData//file1.txt
<24288176>2007/08/10 20:57:18:INFO:SyncOneFolder_F:./RecvData//file1.txt:st.st_size(4)!=size(8):Get
<24288176>2007/08/10 20:57:18:INFO:GetOneFile:acc=6,targetNo=0,code=EUC,path=file1.txt
<24288176>2007/08/10 20:57:18:DEBUG:GetOneFile:buf=#Get=wlSyncTest,file1.txt

<24288176>2007/08/10 20:57:18:DEBUG:SendToRemote:acc=6,data=#Get=wlSyncTest,file1.txt

<24288176>2007/08/10 20:57:18:DEBUG:GetOneFile:RecvOneLine_2:#Size=8,0
<24288176>2007/08/10 20:57:18:DEBUG:GetOneFile:fopen:./RecvData//file1.txt
<24288176>2007/08/10 20:57:18:DEBUG:lockf(lock)=0
<24288176>2007/08/10 20:57:18:DEBUG:GetOneFile:size=8
<24288176>2007/08/10 20:57:18:DEBUG:GetOneFile:RecvTimeoutPoll=8
<24288176>2007/08/10 20:57:18:DEBUG:GetOneFile:RecvOneLine_2:#Size=0,0
<24288176>2007/08/10 20:57:18:DEBUG:GetOneFile:size=0
<24288176>2007/08/10 20:57:18:DEBUG:GetOneFile:size=0:end
<24288176>2007/08/10 20:57:18:DEBUG:lockf(unlock)=0
<24288176>2007/08/10 20:57:18:DEBUG:GetOneFile:Success
<24288176>2007/08/10 20:57:18:ERR:SyncOneFolder:normal end
<24288176>2007/08/10 20:57:18:INFO:RecvLoop:end
<3086874304>2007/08/10 21:00:34:INFO:AcceptLoop:accept(1):192.168.68.128:32798
<3086874304>2007/08/10 21:00:34:INFO:AcceptLoop:pthread_create:thread_id=24288176
<24288176>2007/08/10 21:00:34:INFO:RecvLoop:start:acc=6
<24288176>2007/08/10 21:00:34:DEBUG:RecvLoop:RecvOneLine_2:#Name=wlSyncTest,EUC
<24288176>2007/08/10 21:00:34:INFO:CheckRecvData:td.acc=6,data=#Name=wlSyncTest,EUC
<24288176>2007/08/10 21:00:34:INFO:DoName:workfile=./wlSyncC.work/0000000024288176
<24288176>2007/08/10 21:00:34:DEBUG:DoName:RecvOneLine_2:F:1186747158,4,0,file2.txt
<24288176>2007/08/10 21:00:34:INFO:DoName:RecvOneLine_2:#End
<24288176>2007/08/10 21:00:34:DEBUG:SendToRemote:acc=6,data=#OK

<24288176>2007/08/10 21:00:34:DEBUG:SyncData:acc=6
<24288176>2007/08/10 21:00:34:DEBUG:CheckEraseData:targetNo=0,mptr=b7fff014,mapEnd=b7fff035,code=EUC
<24288176>2007/08/10 21:00:34:INFO:CheckEraseOneFolder:tpath=./RecvData/,path=,mptr=b7fff014,tend=b7fff030,code=EUC
<24288176>2007/08/10 21:00:34:INFO:CheckEraseOneFolder:fullpath=./RecvData/file1.txt
<24288176>2007/08/10 21:00:34:DEBUG:SearchOne:d_f=F,spath=file1.txt,mptr=b7fff014,tend=b7fff030,code=EUC
<24288176>2007/08/10 21:00:34:DEBUG:SearchOne:spath=file1.txt
<24288176>2007/08/10 21:00:34:DEBUG:SearchOne:file2.txt:file1.txt
<24288176>2007/08/10 21:00:34:DEBUG:SearchOne:F,file1.txt:0
<24288176>2007/08/10 21:00:34:DEBUG:DoDelete:fullpath=./RecvData/file1.txt
<24288176>2007/08/10 21:00:34:INFO:DoDelete:rm -rf './RecvData/file1.txt'
<24288176>2007/08/10 21:00:34:ERR:SyncOneFolder:acc=6,targetNo=0,code=EUC,*mptr=b7fff014,mapEnd=b7fff035
<24288176>2007/08/10 21:00:34:DEBUG:MakeTargetFolder:targetNo=0
<24288176>2007/08/10 21:00:34:DEBUG:SyncOneFolder:F:1186747158,4,0,file2.txt
<24288176>2007/08/10 21:00:34:DEBUG:SyncOneFolder_F:acc=6,targetNo=0,code=EUC,stime=1186747158,ssize=4,sdigest=0,path=file2.txt
<24288176>2007/08/10 21:00:34:DEBUG:SyncOneFolder_F:./RecvData//file2.txt
<24288176>2007/08/10 21:00:34:INFO:SyncOneFolder_F:./RecvData//file2.txt:stat=-1:Get
<24288176>2007/08/10 21:00:34:INFO:GetOneFile:acc=6,targetNo=0,code=EUC,path=file2.txt
<24288176>2007/08/10 21:00:34:DEBUG:GetOneFile:buf=#Get=wlSyncTest,file2.txt

<24288176>2007/08/10 21:00:34:DEBUG:SendToRemote:acc=6,data=#Get=wlSyncTest,file2.txt

<24288176>2007/08/10 21:00:34:DEBUG:GetOneFile:RecvOneLine_2:#Size=4,0
<24288176>2007/08/10 21:00:34:DEBUG:GetOneFile:fopen:./RecvData//file2.txt
<24288176>2007/08/10 21:00:34:DEBUG:lockf(lock)=0
<24288176>2007/08/10 21:00:34:DEBUG:GetOneFile:size=4
<24288176>2007/08/10 21:00:34:DEBUG:GetOneFile:RecvTimeoutPoll=4
<24288176>2007/08/10 21:00:34:DEBUG:GetOneFile:RecvOneLine_2:#Size=0,0
<24288176>2007/08/10 21:00:34:DEBUG:GetOneFile:size=0
<24288176>2007/08/10 21:00:34:DEBUG:GetOneFile:size=0:end
<24288176>2007/08/10 21:00:34:DEBUG:lockf(unlock)=0
<24288176>2007/08/10 21:00:34:DEBUG:GetOneFile:Success
<24288176>2007/08/10 21:00:34:ERR:SyncOneFolder:normal end
<24288176>2007/08/10 21:00:34:INFO:RecvLoop:end
<3086874304>2007/08/20 16:20:11:INFO:ParamLogOut:VERSION_STRING=1.0.0
<3086874304>2007/08/20 16:20:11:INFO:ParamLogOut:TargetFolderCnt=1
<3086874304>2007/08/20 16:20:11:INFO:ParamLogOut:TargetFolder0=wlSyncTest,./RecvData/
<3086874304>2007/08/20 16:20:11:INFO:ParamLogOut:Port=56000
<3086874304>2007/08/20 16:20:11:INFO:ParamLogOut:RecvTimeout=5
<3086874304>2007/08/20 16:20:11:INFO:ParamLogOut:UseDigest=0
<3086874304>2007/08/20 16:20:11:INFO:ParamLogOut:LogPath=./
<3086874304>2007/08/20 16:20:11:INFO:ParamLogOut:LogLevel=7
<3086874304>2007/08/20 16:20:11:INFO:ParamLogOut:StderrOut=1
<3086874304>2007/08/20 16:20:11:INFO:ParamLogOut:VersionFilePath=./wlSyncC.ver
<3086874304>2007/08/20 16:20:11:INFO:ParamLogOut:WorkFilePath=./wlSyncC.work
<3086874304>2007/08/20 16:20:11:INFO:ParamLogOut:DeleteFlag=1
<3086874304>2007/08/20 16:20:11:INFO:sock2.c:ServerSocketNew:listen to :: 56000
<3086874304>2007/08/20 16:20:11:INFO:sock2.c:ServerSocketNew:listen to 0.0.0.0 56000
<3086874304>2007/08/20 16:20:11:DEBUG:MakeVersionFile:./wlSyncC.ver
<3086874304>2007/08/20 16:20:11:INFO:main:wlSyncC:ready
<3086874304>2007/08/20 16:20:11:DEBUG:AcceptLoop:s_no=2
<3086874304>2007/08/20 16:20:20:ERR:endingFunc:sig=2
<3086874304>2007/08/20 16:20:25:INFO:ParamLogOut:VERSION_STRING=1.0.0
<3086874304>2007/08/20 16:20:25:INFO:ParamLogOut:TargetFolderCnt=1
<3086874304>2007/08/20 16:20:25:INFO:ParamLogOut:TargetFolder0=wlSyncTest,./RecvData/
<3086874304>2007/08/20 16:20:25:INFO:ParamLogOut:Port=56000
<3086874304>2007/08/20 16:20:25:INFO:ParamLogOut:RecvTimeout=5
<3086874304>2007/08/20 16:20:25:INFO:ParamLogOut:UseDigest=0
<3086874304>2007/08/20 16:20:25:INFO:ParamLogOut:LogPath=./
<3086874304>2007/08/20 16:20:25:INFO:ParamLogOut:LogLevel=7
<3086874304>2007/08/20 16:20:25:INFO:ParamLogOut:StderrOut=1
<3086874304>2007/08/20 16:20:25:INFO:ParamLogOut:VersionFilePath=./wlSyncC.ver
<3086874304>2007/08/20 16:20:25:INFO:ParamLogOut:WorkFilePath=./wlSyncC.work
<3086874304>2007/08/20 16:20:25:INFO:ParamLogOut:DeleteFlag=1
<3086874304>2007/08/20 16:20:25:INFO:sock2.c:ServerSocketNew:listen to :: 56000
<3086874304>2007/08/20 16:20:25:INFO:sock2.c:ServerSocketNew:listen to 0.0.0.0 56000
<3086874304>2007/08/20 16:20:25:DEBUG:MakeVersionFile:./wlSyncC.ver
<3086874304>2007/08/20 16:20:25:INFO:main:wlSyncC:ready
<3086874304>2007/08/20 16:20:25:DEBUG:AcceptLoop:s_no=2
<3086874304>2007/08/20 16:20:27:ERR:endingFunc:sig=2
<3086874304>2007/08/20 16:20:29:INFO:ParamLogOut:VERSION_STRING=1.0.0
<3086874304>2007/08/20 16:20:29:INFO:ParamLogOut:TargetFolderCnt=1
<3086874304>2007/08/20 16:20:29:INFO:ParamLogOut:TargetFolder0=wlSyncTest,./RecvData/
<3086874304>2007/08/20 16:20:29:INFO:ParamLogOut:Port=56000
<3086874304>2007/08/20 16:20:29:INFO:ParamLogOut:RecvTimeout=5
<3086874304>2007/08/20 16:20:29:INFO:ParamLogOut:UseDigest=0
<3086874304>2007/08/20 16:20:29:INFO:ParamLogOut:LogPath=./
<3086874304>2007/08/20 16:20:29:INFO:ParamLogOut:LogLevel=7
<3086874304>2007/08/20 16:20:29:INFO:ParamLogOut:StderrOut=1
<3086874304>2007/08/20 16:20:29:INFO:ParamLogOut:VersionFilePath=./wlSyncC.ver
<3086874304>2007/08/20 16:20:29:INFO:ParamLogOut:WorkFilePath=./wlSyncC.work
<3086874304>2007/08/20 16:20:29:INFO:ParamLogOut:DeleteFlag=1
<3086874304>2007/08/20 16:20:29:INFO:sock2.c:ServerSocketNew:listen to :: 56000
<3086874304>2007/08/20 16:20:29:INFO:sock2.c:ServerSocketNew:listen to 0.0.0.0 56000
<3086874304>2007/08/20 16:20:29:DEBUG:MakeVersionFile:./wlSyncC.ver
<3086874304>2007/08/20 16:20:29:INFO:main:wlSyncC:ready
<3086874304>2007/08/20 16:20:29:DEBUG:AcceptLoop:s_no=2
<3086874304>2007/08/20 16:20:31:INFO:AcceptLoop:accept(1):192.168.68.128:33336
<3086874304>2007/08/20 16:20:31:INFO:AcceptLoop:pthread_create:thread_id=24288176
<24288176>2007/08/20 16:20:31:INFO:RecvLoop:start:acc=6
<24288176>2007/08/20 16:20:31:DEBUG:RecvLoop:RecvOneLine_2:#Name=wlSyncTest,EUC
<24288176>2007/08/20 16:20:31:INFO:CheckRecvData:td.acc=6,data=#Name=wlSyncTest,EUC
<24288176>2007/08/20 16:20:31:INFO:DoName:workfile=./wlSyncC.work/0000000024288176
<24288176>2007/08/20 16:20:31:DEBUG:DoName:RecvOneLine_2:F:1186747158,4,0,file2.txt
<24288176>2007/08/20 16:20:31:INFO:DoName:RecvOneLine_2:#End
<24288176>2007/08/20 16:20:31:DEBUG:SendToRemote:acc=6,data=#OK

<24288176>2007/08/20 16:20:31:DEBUG:SyncData:acc=6
<24288176>2007/08/20 16:20:31:DEBUG:CheckEraseData:targetNo=0,mptr=b7fff014,mapEnd=b7fff035,code=EUC
<24288176>2007/08/20 16:20:31:INFO:CheckEraseOneFolder:tpath=./RecvData/,path=,mptr=b7fff014,tend=b7fff030,code=EUC
<24288176>2007/08/20 16:20:31:INFO:CheckEraseOneFolder:fullpath=./RecvData/file2.txt
<24288176>2007/08/20 16:20:31:DEBUG:SearchOne:d_f=F,spath=file2.txt,mptr=b7fff014,tend=b7fff030,code=EUC
<24288176>2007/08/20 16:20:31:DEBUG:SearchOne:spath=file2.txt
<24288176>2007/08/20 16:20:31:DEBUG:SearchOne:file2.txt:file2.txt
<24288176>2007/08/20 16:20:31:DEBUG:SearchOne:F,file2.txt:1
<24288176>2007/08/20 16:20:31:ERR:SyncOneFolder:acc=6,targetNo=0,code=EUC,*mptr=b7fff014,mapEnd=b7fff035
<24288176>2007/08/20 16:20:31:DEBUG:MakeTargetFolder:targetNo=0
<24288176>2007/08/20 16:20:31:DEBUG:SyncOneFolder:F:1186747158,4,0,file2.txt
<24288176>2007/08/20 16:20:31:DEBUG:SyncOneFolder_F:acc=6,targetNo=0,code=EUC,stime=1186747158,ssize=4,sdigest=0,path=file2.txt
<24288176>2007/08/20 16:20:31:DEBUG:SyncOneFolder_F:./RecvData//file2.txt
<24288176>2007/08/20 16:20:31:INFO:SyncOneFolder_F:./RecvData//file2.txt:exists
<24288176>2007/08/20 16:20:31:ERR:SyncOneFolder:normal end
<24288176>2007/08/20 16:20:31:INFO:RecvLoop:end
<3086874304>2007/08/20 16:20:36:INFO:AcceptLoop:accept(1):192.168.68.128:33337
<3086874304>2007/08/20 16:20:36:INFO:AcceptLoop:pthread_create:thread_id=24288176
<24288176>2007/08/20 16:20:36:INFO:RecvLoop:start:acc=6
<24288176>2007/08/20 16:20:36:DEBUG:RecvLoop:RecvOneLine_2:#Name=wlSyncTest,EUC
<24288176>2007/08/20 16:20:36:INFO:CheckRecvData:td.acc=6,data=#Name=wlSyncTest,EUC
<24288176>2007/08/20 16:20:36:INFO:DoName:workfile=./wlSyncC.work/0000000024288176
<24288176>2007/08/20 16:20:36:DEBUG:DoName:RecvOneLine_2:F:1186747158,4,0,file2.txt
<24288176>2007/08/20 16:20:36:INFO:DoName:RecvOneLine_2:#End
<24288176>2007/08/20 16:20:36:DEBUG:SendToRemote:acc=6,data=#OK

<24288176>2007/08/20 16:20:36:DEBUG:SyncData:acc=6
<24288176>2007/08/20 16:20:36:DEBUG:CheckEraseData:targetNo=0,mptr=b7fff014,mapEnd=b7fff035,code=EUC
<24288176>2007/08/20 16:20:36:INFO:CheckEraseOneFolder:tpath=./RecvData/,path=,mptr=b7fff014,tend=b7fff030,code=EUC
<24288176>2007/08/20 16:20:36:INFO:CheckEraseOneFolder:fullpath=./RecvData/file2.txt
<24288176>2007/08/20 16:20:36:DEBUG:SearchOne:d_f=F,spath=file2.txt,mptr=b7fff014,tend=b7fff030,code=EUC
<24288176>2007/08/20 16:20:36:DEBUG:SearchOne:spath=file2.txt
<24288176>2007/08/20 16:20:36:DEBUG:SearchOne:file2.txt:file2.txt
<24288176>2007/08/20 16:20:36:DEBUG:SearchOne:F,file2.txt:1
<24288176>2007/08/20 16:20:36:ERR:SyncOneFolder:acc=6,targetNo=0,code=EUC,*mptr=b7fff014,mapEnd=b7fff035
<24288176>2007/08/20 16:20:36:DEBUG:MakeTargetFolder:targetNo=0
<24288176>2007/08/20 16:20:36:DEBUG:SyncOneFolder:F:1186747158,4,0,file2.txt
<24288176>2007/08/20 16:20:36:DEBUG:SyncOneFolder_F:acc=6,targetNo=0,code=EUC,stime=1186747158,ssize=4,sdigest=0,path=file2.txt
<24288176>2007/08/20 16:20:36:DEBUG:SyncOneFolder_F:./RecvData//file2.txt
<24288176>2007/08/20 16:20:36:INFO:SyncOneFolder_F:./RecvData//file2.txt:exists
<24288176>2007/08/20 16:20:36:ERR:SyncOneFolder:normal end
<24288176>2007/08/20 16:20:36:INFO:RecvLoop:end
<3086874304>2007/08/20 16:20:55:INFO:AcceptLoop:accept(1):192.168.68.128:33338
<3086874304>2007/08/20 16:20:55:INFO:AcceptLoop:pthread_create:thread_id=24288176
<24288176>2007/08/20 16:20:55:INFO:RecvLoop:start:acc=6
<24288176>2007/08/20 16:20:55:DEBUG:RecvLoop:RecvOneLine_2:#Name=wlSyncTest,EUC
<24288176>2007/08/20 16:20:55:INFO:CheckRecvData:td.acc=6,data=#Name=wlSyncTest,EUC
<24288176>2007/08/20 16:20:55:INFO:DoName:workfile=./wlSyncC.work/0000000024288176
<24288176>2007/08/20 16:20:55:DEBUG:DoName:RecvOneLine_2:F:1186747158,4,0,file2.txt
<24288176>2007/08/20 16:20:55:INFO:DoName:RecvOneLine_2:#End
<24288176>2007/08/20 16:20:55:DEBUG:SendToRemote:acc=6,data=#OK

<24288176>2007/08/20 16:20:55:DEBUG:SyncData:acc=6
<24288176>2007/08/20 16:20:55:DEBUG:CheckEraseData:targetNo=0,mptr=b7fff014,mapEnd=b7fff035,code=EUC
<24288176>2007/08/20 16:20:55:INFO:CheckEraseOneFolder:tpath=./RecvData/,path=,mptr=b7fff014,tend=b7fff030,code=EUC
<24288176>2007/08/20 16:20:55:INFO:CheckEraseOneFolder:fullpath=./RecvData/file2.txt
<24288176>2007/08/20 16:20:55:DEBUG:SearchOne:d_f=F,spath=file2.txt,mptr=b7fff014,tend=b7fff030,code=EUC
<24288176>2007/08/20 16:20:55:DEBUG:SearchOne:spath=file2.txt
<24288176>2007/08/20 16:20:55:DEBUG:SearchOne:file2.txt:file2.txt
<24288176>2007/08/20 16:20:55:DEBUG:SearchOne:F,file2.txt:1
<24288176>2007/08/20 16:20:55:ERR:SyncOneFolder:acc=6,targetNo=0,code=EUC,*mptr=b7fff014,mapEnd=b7fff035
<24288176>2007/08/20 16:20:55:DEBUG:MakeTargetFolder:targetNo=0
<24288176>2007/08/20 16:20:55:DEBUG:SyncOneFolder:F:1186747158,4,0,file2.txt
<24288176>2007/08/20 16:20:55:DEBUG:SyncOneFolder_F:acc=6,targetNo=0,code=EUC,stime=1186747158,ssize=4,sdigest=0,path=file2.txt
<24288176>2007/08/20 16:20:55:DEBUG:SyncOneFolder_F:./RecvData//file2.txt
<24288176>2007/08/20 16:20:55:INFO:SyncOneFolder_F:./RecvData//file2.txt:exists
<24288176>2007/08/20 16:20:55:ERR:SyncOneFolder:normal end
<24288176>2007/08/20 16:20:55:INFO:RecvLoop:end
<3086874304>2007/08/20 16:21:27:ERR:endingFunc:sig=2
<16384>2007/08/28 13:21:14:INFO:ParamLogOut:VERSION_STRING=1.0.0
<16384>2007/08/28 13:21:14:INFO:ParamLogOut:TargetFolderCnt=1
<16384>2007/08/28 13:21:14:INFO:ParamLogOut:TargetFolder0=wlSyncTest,./RecvData/
<16384>2007/08/28 13:21:14:INFO:ParamLogOut:Port=56000
<16384>2007/08/28 13:21:14:INFO:ParamLogOut:RecvTimeout=5
<16384>2007/08/28 13:21:14:INFO:ParamLogOut:UseDigest=0
<16384>2007/08/28 13:21:14:INFO:ParamLogOut:LogPath=./
<16384>2007/08/28 13:21:14:INFO:ParamLogOut:LogLevel=7
<16384>2007/08/28 13:21:14:INFO:ParamLogOut:StderrOut=1
<16384>2007/08/28 13:21:14:INFO:ParamLogOut:VersionFilePath=./wlSyncC.ver
<16384>2007/08/28 13:21:14:INFO:ParamLogOut:WorkFilePath=./wlSyncC.work
<16384>2007/08/28 13:21:14:INFO:ParamLogOut:DeleteFlag=1
<16384>2007/08/28 13:21:14:ERR:sock2.c:ServerSocketNew:no socket to listen to
<16384>2007/08/28 13:21:14:ERR:main:ServerSocketNew(56000):error
<16384>2007/08/28 13:21:45:INFO:ParamLogOut:VERSION_STRING=1.0.0
<16384>2007/08/28 13:21:45:INFO:ParamLogOut:TargetFolderCnt=1
<16384>2007/08/28 13:21:45:INFO:ParamLogOut:TargetFolder0=wlSyncTest,./RecvData/
<16384>2007/08/28 13:21:45:INFO:ParamLogOut:Port=56001
<16384>2007/08/28 13:21:45:INFO:ParamLogOut:RecvTimeout=5
<16384>2007/08/28 13:21:45:INFO:ParamLogOut:UseDigest=0
<16384>2007/08/28 13:21:45:INFO:ParamLogOut:LogPath=./
<16384>2007/08/28 13:21:45:INFO:ParamLogOut:LogLevel=7
<16384>2007/08/28 13:21:45:INFO:ParamLogOut:StderrOut=1
<16384>2007/08/28 13:21:45:INFO:ParamLogOut:VersionFilePath=./wlSyncC.ver
<16384>2007/08/28 13:21:45:INFO:ParamLogOut:WorkFilePath=./wlSyncC.work
<16384>2007/08/28 13:21:45:INFO:ParamLogOut:DeleteFlag=1
<16384>2007/08/28 13:21:45:INFO:sock2.c:ServerSocketNew:listen to 0.0.0.0 56001
<16384>2007/08/28 13:21:45:DEBUG:MakeVersionFile:./wlSyncC.ver
<16384>2007/08/28 13:21:45:INFO:main:wlSyncC:ready
<16384>2007/08/28 13:21:45:DEBUG:AcceptLoop:s_no=1
<16384>2007/08/28 13:22:10:ERR:endingFunc:sig=2
<4149499584>2016/12/01 13:28:07:INFO:ParamLogOut:VERSION_STRING=1.0.0
<4149499584>2016/12/01 13:28:07:INFO:ParamLogOut:TargetFolderCnt=1
<4149499584>2016/12/01 13:28:07:INFO:ParamLogOut:TargetFolder0=wlSyncTest,./RecvData/
<4149499584>2016/12/01 13:28:07:INFO:ParamLogOut:Port=56000
<4149499584>2016/12/01 13:28:07:INFO:ParamLogOut:RecvTimeout=5
<4149499584>2016/12/01 13:28:07:INFO:ParamLogOut:UseDigest=0
<4149499584>2016/12/01 13:28:07:INFO:ParamLogOut:LogPath=./
<4149499584>2016/12/01 13:28:07:INFO:ParamLogOut:LogLevel=7
<4149499584>2016/12/01 13:28:07:INFO:ParamLogOut:StderrOut=1
<4149499584>2016/12/01 13:28:07:INFO:ParamLogOut:VersionFilePath=./wlSyncC.ver
<4149499584>2016/12/01 13:28:07:INFO:ParamLogOut:WorkFilePath=./wlSyncC.work
<4149499584>2016/12/01 13:28:07:INFO:ParamLogOut:DeleteFlag=1
<4149499584>2016/12/01 13:28:07:INFO:sock2.c:ServerSocketNew:listen to 0.0.0.0 56000
<4149499584>2016/12/01 13:28:07:INFO:sock2.c:ServerSocketNew:listen to :: 56000
<4149499584>2016/12/01 13:28:07:DEBUG:MakeVersionFile:./wlSyncC.ver
<4149499584>2016/12/01 13:28:07:INFO:main:wlSyncC:ready
<4149499584>2016/12/01 13:28:07:DEBUG:AcceptLoop:s_no=2
<4149499584>2016/12/01 13:28:11:INFO:AcceptLoop:accept(0):130.158.64.37:39162
<4149499584>2016/12/01 13:28:11:INFO:AcceptLoop:pthread_create:thread_id=4149496640
<4149496640>2016/12/01 13:28:11:INFO:RecvLoop:start:acc=6
<4149496640>2016/12/01 13:28:11:DEBUG:RecvLoop:RecvOneLine_2:#Name=wlSyncTest,EUC
<4149496640>2016/12/01 13:28:11:INFO:CheckRecvData:td.acc=6,data=#Name=wlSyncTest,EUC
<4149496640>2016/12/01 13:28:11:INFO:DoName:workfile=./wlSyncC.work/0000004149496640
<4149496640>2016/12/01 13:28:11:DEBUG:DoName:RecvOneLine_2:F:1186747158,4,0,file2.txt
<4149496640>2016/12/01 13:28:11:INFO:DoName:RecvOneLine_2:#End
<4149496640>2016/12/01 13:28:11:DEBUG:SendToRemote:acc=6,data=#OK

<4149496640>2016/12/01 13:28:11:DEBUG:SyncData:acc=6
<4149496640>2016/12/01 13:28:11:DEBUG:CheckEraseData:targetNo=0,mptr=f772c014,mapEnd=f772c035,code=EUC
<4149496640>2016/12/01 13:28:11:INFO:CheckEraseOneFolder:tpath=./RecvData/,path=,mptr=f772c014,tend=f772c030,code=EUC
<4149496640>2016/12/01 13:28:11:INFO:CheckEraseOneFolder:fullpath=./RecvData/file2.txt
<4149496640>2016/12/01 13:28:11:DEBUG:SearchOne:d_f=F,spath=file2.txt,mptr=f772c014,tend=f772c030,code=EUC
<4149496640>2016/12/01 13:28:11:DEBUG:SearchOne:spath=file2.txt
<4149496640>2016/12/01 13:28:11:DEBUG:SearchOne:file2.txt:file2.txt
<4149496640>2016/12/01 13:28:11:DEBUG:SearchOne:F,file2.txt:1
<4149496640>2016/12/01 13:28:11:ERR:SyncOneFolder:acc=6,targetNo=0,code=EUC,*mptr=f772c014,mapEnd=f772c035
<4149496640>2016/12/01 13:28:11:DEBUG:MakeTargetFolder:targetNo=0
<4149496640>2016/12/01 13:28:11:DEBUG:SyncOneFolder:F:1186747158,4,0,file2.txt
<4149496640>2016/12/01 13:28:11:DEBUG:SyncOneFolder_F:acc=6,targetNo=0,code=EUC,stime=1186747158,ssize=4,sdigest=0,path=file2.txt
<4149496640>2016/12/01 13:28:11:DEBUG:SyncOneFolder_F:./RecvData//file2.txt
<4149496640>2016/12/01 13:28:11:INFO:SyncOneFolder_F:./RecvData//file2.txt:exists
<4149496640>2016/12/01 13:28:11:ERR:SyncOneFolder:normal end
<4149496640>2016/12/01 13:28:11:INFO:RecvLoop:end
<4149499584>2016/12/01 13:28:19:ERR:endingFunc:sig=2
<139738024945408>2016/12/02 14:00:20:INFO:ParamLogOut:VERSION_STRING=1.0.0
<139738024945408>2016/12/02 14:00:20:INFO:ParamLogOut:TargetFolderCnt=1
<139738024945408>2016/12/02 14:00:20:INFO:ParamLogOut:TargetFolder0=wlSyncTest,./RecvData/
<139738024945408>2016/12/02 14:00:20:INFO:ParamLogOut:Port=56000
<139738024945408>2016/12/02 14:00:20:INFO:ParamLogOut:RecvTimeout=5
<139738024945408>2016/12/02 14:00:20:INFO:ParamLogOut:UseDigest=0
<139738024945408>2016/12/02 14:00:20:INFO:ParamLogOut:LogPath=./
<139738024945408>2016/12/02 14:00:20:INFO:ParamLogOut:LogLevel=7
<139738024945408>2016/12/02 14:00:20:INFO:ParamLogOut:StderrOut=1
<139738024945408>2016/12/02 14:00:20:INFO:ParamLogOut:VersionFilePath=./wlSyncC.ver
<139738024945408>2016/12/02 14:00:20:INFO:ParamLogOut:WorkFilePath=./wlSyncC.work
<139738024945408>2016/12/02 14:00:20:INFO:ParamLogOut:DeleteFlag=1
<139738024945408>2016/12/02 14:00:20:INFO:sock2.c:ServerSocketNew:listen to 0.0.0.0 56000
<139738024945408>2016/12/02 14:00:20:INFO:sock2.c:ServerSocketNew:listen to :: 56000
<139738024945408>2016/12/02 14:00:20:DEBUG:MakeVersionFile:./wlSyncC.ver
<139738024945408>2016/12/02 14:00:20:INFO:main:wlSyncC:ready
<139738024945408>2016/12/02 14:00:20:DEBUG:AcceptLoop:s_no=2
<139738024945408>2016/12/02 14:00:29:INFO:AcceptLoop:accept(0):133.51.46.49:56198
<139738024945408>2016/12/02 14:00:29:INFO:AcceptLoop:pthread_create:thread_id=1255745280
<139738016720640>2016/12/02 14:00:29:INFO:RecvLoop:start:acc=7
<139738016720640>2016/12/02 14:00:29:DEBUG:RecvLoop:RecvOneLine_2:#Name=wlSyncTest,EUC
<139738016720640>2016/12/02 14:00:29:INFO:CheckRecvData:td.acc=7,data=#Name=wlSyncTest,EUC
<139738016720640>2016/12/02 14:00:29:INFO:DoName:workfile=./wlSyncC.work/0139738016720640
<139738016720640>2016/12/02 14:00:29:DEBUG:DoName:RecvOneLine_2:F:1186747158,4,0,file2.txt
<139738016720640>2016/12/02 14:00:29:INFO:DoName:RecvOneLine_2:#End
<139738016720640>2016/12/02 14:00:29:DEBUG:SendToRemote:acc=7,data=#OK

<139738016720640>2016/12/02 14:00:29:DEBUG:SyncData:acc=7
<139738016720640>2016/12/02 14:00:29:DEBUG:CheckEraseData:targetNo=0,mptr=4b58c014,mapEnd=4b58c035,code=EUC
<139738016720640>2016/12/02 14:00:29:INFO:CheckEraseOneFolder:tpath=./RecvData/,path=,mptr=4b58c014,tend=4b58c030,code=EUC
<139738016720640>2016/12/02 14:00:29:INFO:CheckEraseOneFolder:fullpath=./RecvData/file2.txt
<139738016720640>2016/12/02 14:00:29:DEBUG:SearchOne:d_f=F,spath=file2.txt,mptr=4b58c014,tend=4b58c030,code=EUC
<139738016720640>2016/12/02 14:00:29:DEBUG:SearchOne:spath=file2.txt
<139738016720640>2016/12/02 14:00:29:DEBUG:SearchOne:file2.txt:file2.txt
<139738016720640>2016/12/02 14:00:29:DEBUG:SearchOne:F,file2.txt:1
<139738016720640>2016/12/02 14:00:29:ERR:SyncOneFolder:acc=7,targetNo=0,code=EUC,*mptr=4b58c014,mapEnd=4b58c035
<139738016720640>2016/12/02 14:00:29:DEBUG:MakeTargetFolder:targetNo=0
<139738016720640>2016/12/02 14:00:29:DEBUG:SyncOneFolder:F:1186747158,4,0,file2.txt
<139738016720640>2016/12/02 14:00:29:DEBUG:SyncOneFolder_F:acc=7,targetNo=0,code=EUC,stime=1186747158,ssize=4,sdigest=0,path=file2.txt
<139738016720640>2016/12/02 14:00:29:DEBUG:SyncOneFolder_F:./RecvData//file2.txt
<139738016720640>2016/12/02 14:00:29:INFO:SyncOneFolder_F:./RecvData//file2.txt:exists
<139738016720640>2016/12/02 14:00:29:ERR:SyncOneFolder:normal end
<139738016720640>2016/12/02 14:00:29:INFO:RecvLoop:end
<139738024945408>2016/12/02 14:00:42:ERR:endingFunc:sig=2
<140571992667904>2016/12/03 17:17:55:INFO:ParamLogOut:VERSION_STRING=1.0.0
<140571992667904>2016/12/03 17:17:55:INFO:ParamLogOut:TargetFolderCnt=1
<140571992667904>2016/12/03 17:17:55:INFO:ParamLogOut:TargetFolder0=wlSyncTest,./RecvData/
<140571992667904>2016/12/03 17:17:55:INFO:ParamLogOut:Port=56000
<140571992667904>2016/12/03 17:17:55:INFO:ParamLogOut:RecvTimeout=5
<140571992667904>2016/12/03 17:17:55:INFO:ParamLogOut:UseDigest=0
<140571992667904>2016/12/03 17:17:55:INFO:ParamLogOut:LogPath=./
<140571992667904>2016/12/03 17:17:55:INFO:ParamLogOut:LogLevel=7
<140571992667904>2016/12/03 17:17:55:INFO:ParamLogOut:StderrOut=1
<140571992667904>2016/12/03 17:17:55:INFO:ParamLogOut:VersionFilePath=./wlSyncC.ver
<140571992667904>2016/12/03 17:17:55:INFO:ParamLogOut:WorkFilePath=./wlSyncC.work
<140571992667904>2016/12/03 17:17:55:INFO:ParamLogOut:DeleteFlag=1
<140571992667904>2016/12/03 17:17:55:INFO:sock2.c:ServerSocketNew:listen to 0.0.0.0 56000
<140571992667904>2016/12/03 17:17:55:INFO:sock2.c:ServerSocketNew:listen to :: 56000
<140571992667904>2016/12/03 17:17:55:DEBUG:MakeVersionFile:./wlSyncC.ver
<140571992667904>2016/12/03 17:17:55:INFO:main:wlSyncC:ready
<140571992667904>2016/12/03 17:17:55:DEBUG:AcceptLoop:s_no=2
<140571992667904>2016/12/03 17:18:29:ERR:endingFunc:sig=2
<139708198287104>2016/12/03 17:19:43:INFO:ParamLogOut:VERSION_STRING=1.0.0
<139708198287104>2016/12/03 17:19:43:INFO:ParamLogOut:TargetFolderCnt=1
<139708198287104>2016/12/03 17:19:43:INFO:ParamLogOut:TargetFolder0=wlSyncTest,./RecvData/
<139708198287104>2016/12/03 17:19:43:INFO:ParamLogOut:Port=56000
<139708198287104>2016/12/03 17:19:43:INFO:ParamLogOut:RecvTimeout=5
<139708198287104>2016/12/03 17:19:43:INFO:ParamLogOut:UseDigest=0
<139708198287104>2016/12/03 17:19:43:INFO:ParamLogOut:LogPath=./
<139708198287104>2016/12/03 17:19:43:INFO:ParamLogOut:LogLevel=7
<139708198287104>2016/12/03 17:19:43:INFO:ParamLogOut:StderrOut=1
<139708198287104>2016/12/03 17:19:43:INFO:ParamLogOut:VersionFilePath=./wlSyncC.ver
<139708198287104>2016/12/03 17:19:43:INFO:ParamLogOut:WorkFilePath=./wlSyncC.work
<139708198287104>2016/12/03 17:19:43:INFO:ParamLogOut:DeleteFlag=1
<139708198287104>2016/12/03 17:19:43:INFO:sock2.c:ServerSocketNew:listen to 0.0.0.0 56000
<139708198287104>2016/12/03 17:19:43:INFO:sock2.c:ServerSocketNew:listen to :: 56000
<139708198287104>2016/12/03 17:19:43:DEBUG:MakeVersionFile:./wlSyncC.ver
<139708198287104>2016/12/03 17:19:43:INFO:main:wlSyncC:ready
<139708198287104>2016/12/03 17:19:43:DEBUG:AcceptLoop:s_no=2
<139708198287104>2016/12/03 17:19:58:INFO:AcceptLoop:accept(0):130.158.64.37:44650
<139708198287104>2016/12/03 17:19:58:INFO:AcceptLoop:pthread_create:thread_id=1409283840
<139708105488128>2016/12/03 17:19:58:INFO:RecvLoop:start:acc=7
<139708105488128>2016/12/03 17:19:58:DEBUG:RecvLoop:RecvOneLine_2:#Name=wlSyncTest,EUC
<139708105488128>2016/12/03 17:19:58:INFO:CheckRecvData:td.acc=7,data=#Name=wlSyncTest,EUC
<139708105488128>2016/12/03 17:19:58:INFO:DoName:workfile=./wlSyncC.work/0139708105488128
<139708105488128>2016/12/03 17:19:58:DEBUG:DoName:RecvOneLine_2:F:1186747158,4,0,file2.txt
<139708105488128>2016/12/03 17:19:58:INFO:DoName:RecvOneLine_2:#End
<139708105488128>2016/12/03 17:19:58:DEBUG:SendToRemote:acc=7,data=#OK

<139708105488128>2016/12/03 17:19:58:DEBUG:SyncData:acc=7
<139708105488128>2016/12/03 17:19:58:DEBUG:CheckEraseData:targetNo=0,mptr=598a1014,mapEnd=598a1035,code=EUC
<139708105488128>2016/12/03 17:19:58:INFO:CheckEraseOneFolder:tpath=./RecvData/,path=,mptr=598a1014,tend=598a1030,code=EUC
<139708105488128>2016/12/03 17:19:58:INFO:CheckEraseOneFolder:fullpath=./RecvData/file2.txt
<139708105488128>2016/12/03 17:19:58:DEBUG:SearchOne:d_f=F,spath=file2.txt,mptr=598a1014,tend=598a1030,code=EUC
<139708105488128>2016/12/03 17:19:58:DEBUG:SearchOne:spath=file2.txt
<139708105488128>2016/12/03 17:19:58:DEBUG:SearchOne:file2.txt:file2.txt
<139708105488128>2016/12/03 17:19:58:DEBUG:SearchOne:F,file2.txt:1
<139708105488128>2016/12/03 17:19:58:ERR:SyncOneFolder:acc=7,targetNo=0,code=EUC,*mptr=598a1014,mapEnd=598a1035
<139708105488128>2016/12/03 17:19:58:DEBUG:MakeTargetFolder:targetNo=0
<139708105488128>2016/12/03 17:19:58:DEBUG:SyncOneFolder:F:1186747158,4,0,file2.txt
<139708105488128>2016/12/03 17:19:58:DEBUG:SyncOneFolder_F:acc=7,targetNo=0,code=EUC,stime=1186747158,ssize=4,sdigest=0,path=file2.txt
<139708105488128>2016/12/03 17:19:58:DEBUG:SyncOneFolder_F:./RecvData//file2.txt
<139708105488128>2016/12/03 17:19:58:INFO:SyncOneFolder_F:./RecvData//file2.txt:exists
<139708105488128>2016/12/03 17:19:58:ERR:SyncOneFolder:normal end
<139708105488128>2016/12/03 17:19:58:INFO:RecvLoop:end
<139708198287104>2016/12/03 17:20:59:INFO:AcceptLoop:accept(0):130.158.64.37:44651
<139708198287104>2016/12/03 17:20:59:INFO:AcceptLoop:pthread_create:thread_id=1409283840
<139708105488128>2016/12/03 17:20:59:INFO:RecvLoop:start:acc=7
<139708105488128>2016/12/03 17:20:59:DEBUG:RecvLoop:RecvOneLine_2:#Name=wlSyncTest,EUC
<139708105488128>2016/12/03 17:20:59:INFO:CheckRecvData:td.acc=7,data=#Name=wlSyncTest,EUC
<139708105488128>2016/12/03 17:20:59:INFO:DoName:workfile=./wlSyncC.work/0139708105488128
<139708105488128>2016/12/03 17:20:59:DEBUG:DoName:RecvOneLine_2:F:1186747158,4,0,file2.txt
<139708105488128>2016/12/03 17:20:59:INFO:DoName:RecvOneLine_2:#End
<139708105488128>2016/12/03 17:20:59:DEBUG:SendToRemote:acc=7,data=#OK

<139708105488128>2016/12/03 17:20:59:DEBUG:SyncData:acc=7
<139708105488128>2016/12/03 17:20:59:DEBUG:CheckEraseData:targetNo=0,mptr=598a1014,mapEnd=598a1035,code=EUC
<139708105488128>2016/12/03 17:20:59:INFO:CheckEraseOneFolder:tpath=./RecvData/,path=,mptr=598a1014,tend=598a1030,code=EUC
<139708105488128>2016/12/03 17:20:59:INFO:CheckEraseOneFolder:fullpath=./RecvData/file2.txt
<139708105488128>2016/12/03 17:20:59:DEBUG:SearchOne:d_f=F,spath=file2.txt,mptr=598a1014,tend=598a1030,code=EUC
<139708105488128>2016/12/03 17:20:59:DEBUG:SearchOne:spath=file2.txt
<139708105488128>2016/12/03 17:20:59:DEBUG:SearchOne:file2.txt:file2.txt
<139708105488128>2016/12/03 17:20:59:DEBUG:SearchOne:F,file2.txt:1
<139708105488128>2016/12/03 17:20:59:ERR:SyncOneFolder:acc=7,targetNo=0,code=EUC,*mptr=598a1014,mapEnd=598a1035
<139708105488128>2016/12/03 17:20:59:DEBUG:MakeTargetFolder:targetNo=0
<139708105488128>2016/12/03 17:20:59:DEBUG:SyncOneFolder:F:1186747158,4,0,file2.txt
<139708105488128>2016/12/03 17:20:59:DEBUG:SyncOneFolder_F:acc=7,targetNo=0,code=EUC,stime=1186747158,ssize=4,sdigest=0,path=file2.txt
<139708105488128>2016/12/03 17:20:59:DEBUG:SyncOneFolder_F:./RecvData//file2.txt
<139708105488128>2016/12/03 17:20:59:INFO:SyncOneFolder_F:./RecvData//file2.txt:exists
<139708105488128>2016/12/03 17:20:59:ERR:SyncOneFolder:normal end
<139708105488128>2016/12/03 17:20:59:INFO:RecvLoop:end
<139708198287104>2016/12/03 17:21:08:ERR:endingFunc:sig=2
<139826491647744>2016/12/03 17:23:27:INFO:ParamLogOut:VERSION_STRING=1.0.0
<139826491647744>2016/12/03 17:23:27:INFO:ParamLogOut:TargetFolderCnt=1
<139826491647744>2016/12/03 17:23:27:INFO:ParamLogOut:TargetFolder0=wlSyncTest,./RecvData/
<139826491647744>2016/12/03 17:23:27:INFO:ParamLogOut:Port=56000
<139826491647744>2016/12/03 17:23:27:INFO:ParamLogOut:RecvTimeout=5
<139826491647744>2016/12/03 17:23:27:INFO:ParamLogOut:UseDigest=0
<139826491647744>2016/12/03 17:23:27:INFO:ParamLogOut:LogPath=./
<139826491647744>2016/12/03 17:23:27:INFO:ParamLogOut:LogLevel=7
<139826491647744>2016/12/03 17:23:27:INFO:ParamLogOut:StderrOut=1
<139826491647744>2016/12/03 17:23:27:INFO:ParamLogOut:VersionFilePath=./wlSyncC.ver
<139826491647744>2016/12/03 17:23:27:INFO:ParamLogOut:WorkFilePath=./wlSyncC.work
<139826491647744>2016/12/03 17:23:27:INFO:ParamLogOut:DeleteFlag=1
<139826491647744>2016/12/03 17:23:27:INFO:sock2.c:ServerSocketNew:listen to 0.0.0.0 56000
<139826491647744>2016/12/03 17:23:27:INFO:sock2.c:ServerSocketNew:listen to :: 56000
<139826491647744>2016/12/03 17:23:27:DEBUG:MakeVersionFile:./wlSyncC.ver
<139826491647744>2016/12/03 17:23:27:INFO:main:wlSyncC:ready
<139826491647744>2016/12/03 17:23:27:DEBUG:AcceptLoop:s_no=2
<139826491647744>2016/12/03 17:23:34:INFO:AcceptLoop:accept(0):130.158.64.37:44653
<139826491647744>2016/12/03 17:23:34:INFO:AcceptLoop:pthread_create:thread_id=3806316288
<139826466637568>2016/12/03 17:23:34:INFO:RecvLoop:start:acc=7
<139826466637568>2016/12/03 17:23:34:DEBUG:RecvLoop:RecvOneLine_2:#Name=wlSyncTest,EUC
<139826466637568>2016/12/03 17:23:34:INFO:CheckRecvData:td.acc=7,data=#Name=wlSyncTest,EUC
<139826466637568>2016/12/03 17:23:34:INFO:DoName:workfile=./wlSyncC.work/0139826466637568
<139826466637568>2016/12/03 17:23:34:DEBUG:DoName:RecvOneLine_2:F:1480753349,8,0,file2.txt
<139826466637568>2016/12/03 17:23:34:INFO:DoName:RecvOneLine_2:#End
<139826466637568>2016/12/03 17:23:34:DEBUG:SendToRemote:acc=7,data=#OK

<139826466637568>2016/12/03 17:23:34:DEBUG:SyncData:acc=7
<139826466637568>2016/12/03 17:23:34:DEBUG:CheckEraseData:targetNo=0,mptr=e45f8014,mapEnd=e45f8035,code=EUC
<139826466637568>2016/12/03 17:23:34:INFO:CheckEraseOneFolder:tpath=./RecvData/,path=,mptr=e45f8014,tend=e45f8030,code=EUC
<139826466637568>2016/12/03 17:23:34:ERR:SyncOneFolder:acc=7,targetNo=0,code=EUC,*mptr=e45f8014,mapEnd=e45f8035
<139826466637568>2016/12/03 17:23:34:DEBUG:MakeTargetFolder:targetNo=0
<139826466637568>2016/12/03 17:23:34:DEBUG:SyncOneFolder:F:1480753349,8,0,file2.txt
<139826466637568>2016/12/03 17:23:34:DEBUG:SyncOneFolder_F:acc=7,targetNo=0,code=EUC,stime=1480753349,ssize=8,sdigest=0,path=file2.txt
<139826466637568>2016/12/03 17:23:34:DEBUG:SyncOneFolder_F:./RecvData//file2.txt
<139826466637568>2016/12/03 17:23:34:INFO:SyncOneFolder_F:./RecvData//file2.txt:stat=-1:Get
<139826466637568>2016/12/03 17:23:34:INFO:GetOneFile:acc=7,targetNo=0,code=EUC,path=file2.txt
<139826466637568>2016/12/03 17:23:34:DEBUG:GetOneFile:buf=#Get=wlSyncTest,file2.txt

<139826466637568>2016/12/03 17:23:34:DEBUG:SendToRemote:acc=7,data=#Get=wlSyncTest,file2.txt

<139826466637568>2016/12/03 17:23:35:DEBUG:GetOneFile:RecvOneLine_2:#Size=8,0
<139826466637568>2016/12/03 17:23:35:DEBUG:GetOneFile:open:./RecvData//file2.txt
<139826466637568>2016/12/03 17:23:35:DEBUG:lockf(lock)=0
<139826466637568>2016/12/03 17:23:35:DEBUG:GetOneFile:size=8
<139826466637568>2016/12/03 17:23:35:DEBUG:GetOneFile:RecvTimeoutPoll=8
<139826466637568>2016/12/03 17:23:35:DEBUG:GetOneFile:RecvOneLine_2:#Size=0,0
<139826466637568>2016/12/03 17:23:35:DEBUG:GetOneFile:size=0
<139826466637568>2016/12/03 17:23:35:DEBUG:GetOneFile:size=0:end
<139826466637568>2016/12/03 17:23:35:DEBUG:lockf(unlock)=0
<139826466637568>2016/12/03 17:23:35:DEBUG:GetOneFile:Success
<139826466637568>2016/12/03 17:23:35:ERR:SyncOneFolder:normal end
<139826466637568>2016/12/03 17:23:35:INFO:RecvLoop:end
<139826491647744>2016/12/03 17:23:46:ERR:endingFunc:sig=2
<139688302831360>2016/12/03 18:10:16:INFO:ParamLogOut:VERSION_STRING=1.0.0
<139688302831360>2016/12/03 18:10:16:INFO:ParamLogOut:TargetFolderCnt=1
<139688302831360>2016/12/03 18:10:16:INFO:ParamLogOut:TargetFolder0=wlSyncTest,./RecvData/
<139688302831360>2016/12/03 18:10:16:INFO:ParamLogOut:Port=56000
<139688302831360>2016/12/03 18:10:16:INFO:ParamLogOut:RecvTimeout=5
<139688302831360>2016/12/03 18:10:16:INFO:ParamLogOut:UseDigest=0
<139688302831360>2016/12/03 18:10:16:INFO:ParamLogOut:LogPath=./
<139688302831360>2016/12/03 18:10:16:INFO:ParamLogOut:LogLevel=7
<139688302831360>2016/12/03 18:10:16:INFO:ParamLogOut:StderrOut=1
<139688302831360>2016/12/03 18:10:16:INFO:ParamLogOut:VersionFilePath=./wlSyncC.ver
<139688302831360>2016/12/03 18:10:16:INFO:ParamLogOut:WorkFilePath=./wlSyncC.work
<139688302831360>2016/12/03 18:10:16:INFO:ParamLogOut:DeleteFlag=1
<139688302831360>2016/12/03 18:10:16:INFO:sock2.c:ServerSocketNew:listen to 0.0.0.0 56000
<139688302831360>2016/12/03 18:10:16:INFO:sock2.c:ServerSocketNew:listen to :: 56000
<139688302831360>2016/12/03 18:10:16:DEBUG:MakeVersionFile:./wlSyncC.ver
<139688302831360>2016/12/03 18:10:16:INFO:main:wlSyncC:ready
<139688302831360>2016/12/03 18:10:16:DEBUG:AcceptLoop:s_no=2
<139688302831360>2016/12/03 18:10:32:ERR:endingFunc:sig=2
<139806439679744>2016/12/03 18:19:56:INFO:ParamLogOut:VERSION_STRING=1.0.0
<139806439679744>2016/12/03 18:19:56:INFO:ParamLogOut:TargetFolderCnt=1
<139806439679744>2016/12/03 18:19:56:INFO:ParamLogOut:TargetFolder0=wlSyncTest,./RecvData/
<139806439679744>2016/12/03 18:19:56:INFO:ParamLogOut:Port=56000
<139806439679744>2016/12/03 18:19:56:INFO:ParamLogOut:RecvTimeout=5
<139806439679744>2016/12/03 18:19:56:INFO:ParamLogOut:UseDigest=0
<139806439679744>2016/12/03 18:19:56:INFO:ParamLogOut:LogPath=./
<139806439679744>2016/12/03 18:19:56:INFO:ParamLogOut:LogLevel=7
<139806439679744>2016/12/03 18:19:56:INFO:ParamLogOut:StderrOut=1
<139806439679744>2016/12/03 18:19:56:INFO:ParamLogOut:VersionFilePath=./wlSyncC.ver
<139806439679744>2016/12/03 18:19:56:INFO:ParamLogOut:WorkFilePath=./wlSyncC.work
<139806439679744>2016/12/03 18:19:56:INFO:ParamLogOut:DeleteFlag=1
<139806439679744>2016/12/03 18:19:56:INFO:sock2.c:ServerSocketNew:listen to 0.0.0.0 56000
<139806439679744>2016/12/03 18:19:56:INFO:sock2.c:ServerSocketNew:listen to :: 56000
<139806439679744>2016/12/03 18:19:56:DEBUG:MakeVersionFile:./wlSyncC.ver
<139806439679744>2016/12/03 18:19:56:INFO:main:wlSyncC:ready
<139806439679744>2016/12/03 18:19:56:DEBUG:AcceptLoop:s_no=2
<139806439679744>2016/12/03 18:20:02:INFO:AcceptLoop:accept(0):130.158.64.37:44691
<139806439679744>2016/12/03 18:20:02:INFO:AcceptLoop:pthread_create:thread_id=934217472
<139806414669568>2016/12/03 18:20:02:INFO:RecvLoop:start:acc=7
<139806414669568>2016/12/03 18:20:02:DEBUG:RecvLoop:RecvOneLine_2:#Name=wlSyncTest,EUC
<139806414669568>2016/12/03 18:20:02:INFO:CheckRecvData:td.acc=7,data=#Name=wlSyncTest,EUC
<139806414669568>2016/12/03 18:20:02:INFO:DoName:workfile=./wlSyncC.work/0139806414669568
<139806414669568>2016/12/03 18:20:02:DEBUG:DoName:RecvOneLine_2:F:1480753349,8,0,file2.txt
<139806414669568>2016/12/03 18:20:02:INFO:DoName:RecvOneLine_2:#End
<139806414669568>2016/12/03 18:20:02:DEBUG:SendToRemote:acc=7,data=#OK

<139806414669568>2016/12/03 18:20:02:DEBUG:SyncData:acc=7
<139806414669568>2016/12/03 18:20:02:DEBUG:CheckEraseData:targetNo=0,mptr=392ec014,mapEnd=392ec035,code=EUC
<139806414669568>2016/12/03 18:20:02:INFO:CheckEraseOneFolder:tpath=./RecvData/,path=,mptr=392ec014,tend=392ec030,code=EUC
<139806414669568>2016/12/03 18:20:02:INFO:CheckEraseOneFolder:fullpath=./RecvData/file2.txt
<139806414669568>2016/12/03 18:20:02:DEBUG:SearchOne:d_f=F,spath=file2.txt,mptr=392ec014,tend=392ec030,code=EUC
<139806414669568>2016/12/03 18:20:02:DEBUG:SearchOne:spath=file2.txt
<139806414669568>2016/12/03 18:20:02:DEBUG:SearchOne:file2.txt:file2.txt
<139806414669568>2016/12/03 18:20:02:DEBUG:SearchOne:F,file2.txt:1
<139806414669568>2016/12/03 18:20:02:ERR:SyncOneFolder:acc=7,targetNo=0,code=EUC,*mptr=392ec014,mapEnd=392ec035
<139806414669568>2016/12/03 18:20:02:DEBUG:MakeTargetFolder:targetNo=0
<139806414669568>2016/12/03 18:20:02:DEBUG:SyncOneFolder:F:1480753349,8,0,file2.txt
<139806414669568>2016/12/03 18:20:02:DEBUG:SyncOneFolder_F:acc=7,targetNo=0,code=EUC,stime=1480753349,ssize=8,sdigest=0,path=file2.txt
<139806414669568>2016/12/03 18:20:02:DEBUG:SyncOneFolder_F:./RecvData//file2.txt
<139806414669568>2016/12/03 18:20:02:INFO:SyncOneFolder_F:./RecvData//file2.txt:exists
<139806414669568>2016/12/03 18:20:02:ERR:SyncOneFolder:normal end
<139806414669568>2016/12/03 18:20:02:INFO:RecvLoop:end
<139806439679744>2016/12/03 18:21:03:INFO:AcceptLoop:accept(0):130.158.64.37:44692
<139806439679744>2016/12/03 18:21:03:INFO:AcceptLoop:pthread_create:thread_id=934217472
<139806414669568>2016/12/03 18:21:03:INFO:RecvLoop:start:acc=7
<139806414669568>2016/12/03 18:21:03:DEBUG:RecvLoop:RecvOneLine_2:#Name=wlSyncTest,EUC
<139806414669568>2016/12/03 18:21:03:INFO:CheckRecvData:td.acc=7,data=#Name=wlSyncTest,EUC
<139806414669568>2016/12/03 18:21:03:INFO:DoName:workfile=./wlSyncC.work/0139806414669568
<139806414669568>2016/12/03 18:21:03:DEBUG:DoName:RecvOneLine_2:F:1480753349,8,0,file2.txt
<139806414669568>2016/12/03 18:21:03:INFO:DoName:RecvOneLine_2:#End
<139806414669568>2016/12/03 18:21:03:DEBUG:SendToRemote:acc=7,data=#OK

<139806414669568>2016/12/03 18:21:03:DEBUG:SyncData:acc=7
<139806414669568>2016/12/03 18:21:03:DEBUG:CheckEraseData:targetNo=0,mptr=392ec014,mapEnd=392ec035,code=EUC
<139806414669568>2016/12/03 18:21:03:INFO:CheckEraseOneFolder:tpath=./RecvData/,path=,mptr=392ec014,tend=392ec030,code=EUC
<139806414669568>2016/12/03 18:21:03:INFO:CheckEraseOneFolder:fullpath=./RecvData/file2.txt
<139806414669568>2016/12/03 18:21:03:DEBUG:SearchOne:d_f=F,spath=file2.txt,mptr=392ec014,tend=392ec030,code=EUC
<139806414669568>2016/12/03 18:21:03:DEBUG:SearchOne:spath=file2.txt
<139806414669568>2016/12/03 18:21:03:DEBUG:SearchOne:file2.txt:file2.txt
<139806414669568>2016/12/03 18:21:03:DEBUG:SearchOne:F,file2.txt:1
<139806414669568>2016/12/03 18:21:03:ERR:SyncOneFolder:acc=7,targetNo=0,code=EUC,*mptr=392ec014,mapEnd=392ec035
<139806414669568>2016/12/03 18:21:03:DEBUG:MakeTargetFolder:targetNo=0
<139806414669568>2016/12/03 18:21:03:DEBUG:SyncOneFolder:F:1480753349,8,0,file2.txt
<139806414669568>2016/12/03 18:21:03:DEBUG:SyncOneFolder_F:acc=7,targetNo=0,code=EUC,stime=1480753349,ssize=8,sdigest=0,path=file2.txt
<139806414669568>2016/12/03 18:21:03:DEBUG:SyncOneFolder_F:./RecvData//file2.txt
<139806414669568>2016/12/03 18:21:03:INFO:SyncOneFolder_F:./RecvData//file2.txt:exists
<139806414669568>2016/12/03 18:21:03:ERR:SyncOneFolder:normal end
<139806414669568>2016/12/03 18:21:03:INFO:RecvLoop:end
<139806439679744>2016/12/03 18:21:06:ERR:endingFunc:sig=2
<140302614759168>2016/12/03 18:24:14:INFO:ParamLogOut:VERSION_STRING=1.0.0
<140302614759168>2016/12/03 18:24:14:INFO:ParamLogOut:TargetFolderCnt=1
<140302614759168>2016/12/03 18:24:14:INFO:ParamLogOut:TargetFolder0=wlSyncTest,./RecvData/
<140302614759168>2016/12/03 18:24:14:INFO:ParamLogOut:Port=56000
<140302614759168>2016/12/03 18:24:14:INFO:ParamLogOut:RecvTimeout=5
<140302614759168>2016/12/03 18:24:14:INFO:ParamLogOut:UseDigest=0
<140302614759168>2016/12/03 18:24:14:INFO:ParamLogOut:LogPath=./
<140302614759168>2016/12/03 18:24:14:INFO:ParamLogOut:LogLevel=7
<140302614759168>2016/12/03 18:24:14:INFO:ParamLogOut:StderrOut=1
<140302614759168>2016/12/03 18:24:14:INFO:ParamLogOut:VersionFilePath=./wlSyncC.ver
<140302614759168>2016/12/03 18:24:14:INFO:ParamLogOut:WorkFilePath=./wlSyncC.work
<140302614759168>2016/12/03 18:24:14:INFO:ParamLogOut:DeleteFlag=1
<140302614759168>2016/12/03 18:24:14:INFO:sock2.c:ServerSocketNew:listen to 0.0.0.0 56000
<140302614759168>2016/12/03 18:24:14:INFO:sock2.c:ServerSocketNew:listen to :: 56000
<140302614759168>2016/12/03 18:24:14:DEBUG:MakeVersionFile:./wlSyncC.ver
<140302614759168>2016/12/03 18:24:14:INFO:main:wlSyncC:ready
<140302614759168>2016/12/03 18:24:14:DEBUG:AcceptLoop:s_no=2
<140302614759168>2016/12/03 18:24:21:INFO:AcceptLoop:accept(0):130.158.64.37:44694
<140302614759168>2016/12/03 18:24:21:INFO:AcceptLoop:pthread_create:thread_id=3188057856
<140302589748992>2016/12/03 18:24:21:INFO:RecvLoop:start:acc=7
<140302589748992>2016/12/03 18:24:21:DEBUG:RecvLoop:RecvOneLine_2:#Name=wlSyncTest,EUC
<140302589748992>2016/12/03 18:24:21:INFO:CheckRecvData:td.acc=7,data=#Name=wlSyncTest,EUC
<140302589748992>2016/12/03 18:24:21:INFO:DoName:workfile=./wlSyncC.work/0140302589748992
<140302589748992>2016/12/03 18:24:21:DEBUG:DoName:RecvOneLine_2:F:1480753349,8,0,file2.txt
<140302589748992>2016/12/03 18:24:21:INFO:DoName:RecvOneLine_2:#End
<140302589748992>2016/12/03 18:24:21:DEBUG:SendToRemote:acc=7,data=#OK

<140302589748992>2016/12/03 18:24:21:DEBUG:SyncData:acc=7
<140302589748992>2016/12/03 18:24:21:DEBUG:CheckEraseData:targetNo=0,mptr=bf85a014,mapEnd=bf85a035,code=EUC
<140302589748992>2016/12/03 18:24:21:INFO:CheckEraseOneFolder:tpath=./RecvData/,path=,mptr=bf85a014,tend=bf85a030,code=EUC
<140302589748992>2016/12/03 18:24:21:INFO:CheckEraseOneFolder:fullpath=./RecvData/file2.txt
<140302589748992>2016/12/03 18:24:21:DEBUG:SearchOne:d_f=F,spath=file2.txt,mptr=bf85a014,tend=bf85a030,code=EUC
<140302589748992>2016/12/03 18:24:21:DEBUG:SearchOne:spath=file2.txt
<140302589748992>2016/12/03 18:24:21:DEBUG:SearchOne:file2.txt:file2.txt
<140302589748992>2016/12/03 18:24:21:DEBUG:SearchOne:F,file2.txt:1
<140302589748992>2016/12/03 18:24:21:ERR:SyncOneFolder:acc=7,targetNo=0,code=EUC,*mptr=bf85a014,mapEnd=bf85a035
<140302589748992>2016/12/03 18:24:21:DEBUG:MakeTargetFolder:targetNo=0
<140302589748992>2016/12/03 18:24:21:DEBUG:SyncOneFolder:F:1480753349,8,0,file2.txt
<140302589748992>2016/12/03 18:24:21:DEBUG:SyncOneFolder_F:acc=7,targetNo=0,code=EUC,stime=1480753349,ssize=8,sdigest=0,path=file2.txt
<140302589748992>2016/12/03 18:24:21:DEBUG:SyncOneFolder_F:./RecvData//file2.txt
<140302589748992>2016/12/03 18:24:21:INFO:SyncOneFolder_F:./RecvData//file2.txt:exists
<140302589748992>2016/12/03 18:24:21:ERR:SyncOneFolder:normal end
<140302589748992>2016/12/03 18:24:21:INFO:RecvLoop:end
<140302614759168>2016/12/03 18:25:07:ERR:endingFunc:sig=2
<139936540604160>2016/12/03 18:25:09:INFO:ParamLogOut:VERSION_STRING=1.0.0
<139936540604160>2016/12/03 18:25:09:INFO:ParamLogOut:TargetFolderCnt=1
<139936540604160>2016/12/03 18:25:09:INFO:ParamLogOut:TargetFolder0=wlSyncTest,./RecvData/
<139936540604160>2016/12/03 18:25:09:INFO:ParamLogOut:Port=56000
<139936540604160>2016/12/03 18:25:09:INFO:ParamLogOut:RecvTimeout=5
<139936540604160>2016/12/03 18:25:09:INFO:ParamLogOut:UseDigest=0
<139936540604160>2016/12/03 18:25:09:INFO:ParamLogOut:LogPath=./
<139936540604160>2016/12/03 18:25:09:INFO:ParamLogOut:LogLevel=7
<139936540604160>2016/12/03 18:25:09:INFO:ParamLogOut:StderrOut=1
<139936540604160>2016/12/03 18:25:09:INFO:ParamLogOut:VersionFilePath=./wlSyncC.ver
<139936540604160>2016/12/03 18:25:09:INFO:ParamLogOut:WorkFilePath=./wlSyncC.work
<139936540604160>2016/12/03 18:25:09:INFO:ParamLogOut:DeleteFlag=1
<139936540604160>2016/12/03 18:25:09:INFO:sock2.c:ServerSocketNew:listen to :: 56000
<139936540604160>2016/12/03 18:25:09:DEBUG:MakeVersionFile:./wlSyncC.ver
<139936540604160>2016/12/03 18:25:09:INFO:main:wlSyncC:ready
<139936540604160>2016/12/03 18:25:09:DEBUG:AcceptLoop:s_no=1
<139936540604160>2016/12/03 18:25:40:ERR:endingFunc:sig=2
<140253765953280>2016/12/03 18:37:02:INFO:ParamLogOut:VERSION_STRING=1.0.0
<140253765953280>2016/12/03 18:37:02:INFO:ParamLogOut:TargetFolderCnt=1
<140253765953280>2016/12/03 18:37:02:INFO:ParamLogOut:TargetFolder0=wlSyncTest,./RecvData/
<140253765953280>2016/12/03 18:37:02:INFO:ParamLogOut:Port=56000
<140253765953280>2016/12/03 18:37:02:INFO:ParamLogOut:RecvTimeout=5
<140253765953280>2016/12/03 18:37:02:INFO:ParamLogOut:UseDigest=0
<140253765953280>2016/12/03 18:37:02:INFO:ParamLogOut:LogPath=./
<140253765953280>2016/12/03 18:37:02:INFO:ParamLogOut:LogLevel=7
<140253765953280>2016/12/03 18:37:02:INFO:ParamLogOut:StderrOut=1
<140253765953280>2016/12/03 18:37:02:INFO:ParamLogOut:VersionFilePath=./wlSyncC.ver
<140253765953280>2016/12/03 18:37:02:INFO:ParamLogOut:WorkFilePath=./wlSyncC.work
<140253765953280>2016/12/03 18:37:02:INFO:ParamLogOut:DeleteFlag=1
<140253765953280>2016/12/03 18:37:02:INFO:sock2.c:ServerSocketNew:listen to 0.0.0.0 56000
<140253765953280>2016/12/03 18:37:02:INFO:sock2.c:ServerSocketNew:listen to :: 56000
<140253765953280>2016/12/03 18:37:02:DEBUG:MakeVersionFile:./wlSyncC.ver
<140253765953280>2016/12/03 18:37:02:INFO:main:wlSyncC:ready
<140253765953280>2016/12/03 18:37:02:DEBUG:AcceptLoop:s_no=2
<140253765953280>2016/12/03 18:37:07:INFO:AcceptLoop:accept(0):130.158.64.37:44702
<140253765953280>2016/12/03 18:37:07:INFO:AcceptLoop:pthread_create:thread_id=1583892224
<140253740943104>2016/12/03 18:37:07:INFO:RecvLoop:start:acc=7
<140253740943104>2016/12/03 18:37:07:DEBUG:RecvLoop:RecvOneLine_2:#Name=wlSyncTest,EUC
<140253740943104>2016/12/03 18:37:07:INFO:CheckRecvData:td.acc=7,data=#Name=wlSyncTest,EUC
<140253740943104>2016/12/03 18:37:07:INFO:DoName:workfile=./wlSyncC.work/0140253740943104
<140253740943104>2016/12/03 18:37:07:DEBUG:DoName:RecvOneLine_2:F:1480753349,8,0,file2.txt
<140253740943104>2016/12/03 18:37:07:INFO:DoName:RecvOneLine_2:#End
<140253740943104>2016/12/03 18:37:07:DEBUG:SendToRemote:acc=7,data=#OK

<140253740943104>2016/12/03 18:37:07:DEBUG:SyncData:acc=7
<140253740943104>2016/12/03 18:37:07:DEBUG:CheckEraseData:targetNo=0,mptr=5fe80014,mapEnd=5fe80035,code=EUC
<140253740943104>2016/12/03 18:37:07:INFO:CheckEraseOneFolder:tpath=./RecvData/,path=,mptr=5fe80014,tend=5fe80030,code=EUC
<140253740943104>2016/12/03 18:37:07:INFO:CheckEraseOneFolder:fullpath=./RecvData/file2.txt
<140253740943104>2016/12/03 18:37:07:DEBUG:SearchOne:d_f=F,spath=file2.txt,mptr=5fe80014,tend=5fe80030,code=EUC
<140253740943104>2016/12/03 18:37:07:DEBUG:SearchOne:spath=file2.txt
<140253740943104>2016/12/03 18:37:07:DEBUG:SearchOne:file2.txt:file2.txt
<140253740943104>2016/12/03 18:37:07:DEBUG:SearchOne:F,file2.txt:1
<140253740943104>2016/12/03 18:37:07:ERR:SyncOneFolder:acc=7,targetNo=0,code=EUC,*mptr=5fe80014,mapEnd=5fe80035
<140253740943104>2016/12/03 18:37:07:DEBUG:MakeTargetFolder:targetNo=0
<140253740943104>2016/12/03 18:37:07:DEBUG:SyncOneFolder:F:1480753349,8,0,file2.txt
<140253740943104>2016/12/03 18:37:07:DEBUG:SyncOneFolder_F:acc=7,targetNo=0,code=EUC,stime=1480753349,ssize=8,sdigest=0,path=file2.txt
<140253740943104>2016/12/03 18:37:07:DEBUG:SyncOneFolder_F:./RecvData//file2.txt
<140253740943104>2016/12/03 18:37:07:INFO:SyncOneFolder_F:./RecvData//file2.txt:exists
<140253740943104>2016/12/03 18:37:07:ERR:SyncOneFolder:normal end
<140253740943104>2016/12/03 18:37:07:INFO:RecvLoop:end
<140253765953280>2016/12/03 18:38:08:INFO:AcceptLoop:accept(0):130.158.64.37:44703
<140253765953280>2016/12/03 18:38:08:INFO:AcceptLoop:pthread_create:thread_id=1583892224
<140253740943104>2016/12/03 18:38:08:INFO:RecvLoop:start:acc=7
<140253740943104>2016/12/03 18:38:08:DEBUG:RecvLoop:RecvOneLine_2:#Name=wlSyncTest,EUC
<140253740943104>2016/12/03 18:38:08:INFO:CheckRecvData:td.acc=7,data=#Name=wlSyncTest,EUC
<140253740943104>2016/12/03 18:38:08:INFO:DoName:workfile=./wlSyncC.work/0140253740943104
<140253740943104>2016/12/03 18:38:08:DEBUG:DoName:RecvOneLine_2:F:1480753349,8,0,file2.txt
<140253740943104>2016/12/03 18:38:08:INFO:DoName:RecvOneLine_2:#End
<140253740943104>2016/12/03 18:38:08:DEBUG:SendToRemote:acc=7,data=#OK

<140253740943104>2016/12/03 18:38:08:DEBUG:SyncData:acc=7
<140253740943104>2016/12/03 18:38:08:DEBUG:CheckEraseData:targetNo=0,mptr=5fe80014,mapEnd=5fe80035,code=EUC
<140253740943104>2016/12/03 18:38:08:INFO:CheckEraseOneFolder:tpath=./RecvData/,path=,mptr=5fe80014,tend=5fe80030,code=EUC
<140253740943104>2016/12/03 18:38:08:INFO:CheckEraseOneFolder:fullpath=./RecvData/file2.txt
<140253740943104>2016/12/03 18:38:08:DEBUG:SearchOne:d_f=F,spath=file2.txt,mptr=5fe80014,tend=5fe80030,code=EUC
<140253740943104>2016/12/03 18:38:08:DEBUG:SearchOne:spath=file2.txt
<140253740943104>2016/12/03 18:38:08:DEBUG:SearchOne:file2.txt:file2.txt
<140253740943104>2016/12/03 18:38:08:DEBUG:SearchOne:F,file2.txt:1
<140253740943104>2016/12/03 18:38:08:ERR:SyncOneFolder:acc=7,targetNo=0,code=EUC,*mptr=5fe80014,mapEnd=5fe80035
<140253740943104>2016/12/03 18:38:08:DEBUG:MakeTargetFolder:targetNo=0
<140253740943104>2016/12/03 18:38:08:DEBUG:SyncOneFolder:F:1480753349,8,0,file2.txt
<140253740943104>2016/12/03 18:38:08:DEBUG:SyncOneFolder_F:acc=7,targetNo=0,code=EUC,stime=1480753349,ssize=8,sdigest=0,path=file2.txt
<140253740943104>2016/12/03 18:38:08:DEBUG:SyncOneFolder_F:./RecvData//file2.txt
<140253740943104>2016/12/03 18:38:08:INFO:SyncOneFolder_F:./RecvData//file2.txt:exists
<140253740943104>2016/12/03 18:38:08:ERR:SyncOneFolder:normal end
<140253740943104>2016/12/03 18:38:08:INFO:RecvLoop:end
<140253765953280>2016/12/03 18:39:09:INFO:AcceptLoop:accept(0):130.158.64.37:44705
<140253765953280>2016/12/03 18:39:09:INFO:AcceptLoop:pthread_create:thread_id=1583892224
<140253740943104>2016/12/03 18:39:09:INFO:RecvLoop:start:acc=7
<140253740943104>2016/12/03 18:39:09:DEBUG:RecvLoop:RecvOneLine_2:#Name=wlSyncTest,EUC
<140253740943104>2016/12/03 18:39:09:INFO:CheckRecvData:td.acc=7,data=#Name=wlSyncTest,EUC
<140253740943104>2016/12/03 18:39:09:INFO:DoName:workfile=./wlSyncC.work/0140253740943104
<140253740943104>2016/12/03 18:39:09:DEBUG:DoName:RecvOneLine_2:F:1480753349,8,0,file2.txt
<140253740943104>2016/12/03 18:39:09:INFO:DoName:RecvOneLine_2:#End
<140253740943104>2016/12/03 18:39:09:DEBUG:SendToRemote:acc=7,data=#OK

<140253740943104>2016/12/03 18:39:09:DEBUG:SyncData:acc=7
<140253740943104>2016/12/03 18:39:09:DEBUG:CheckEraseData:targetNo=0,mptr=5fe80014,mapEnd=5fe80035,code=EUC
<140253740943104>2016/12/03 18:39:09:INFO:CheckEraseOneFolder:tpath=./RecvData/,path=,mptr=5fe80014,tend=5fe80030,code=EUC
<140253740943104>2016/12/03 18:39:09:INFO:CheckEraseOneFolder:fullpath=./RecvData/file2.txt
<140253740943104>2016/12/03 18:39:09:DEBUG:SearchOne:d_f=F,spath=file2.txt,mptr=5fe80014,tend=5fe80030,code=EUC
<140253740943104>2016/12/03 18:39:09:DEBUG:SearchOne:spath=file2.txt
<140253740943104>2016/12/03 18:39:09:DEBUG:SearchOne:file2.txt:file2.txt
<140253740943104>2016/12/03 18:39:09:DEBUG:SearchOne:F,file2.txt:1
<140253740943104>2016/12/03 18:39:09:ERR:SyncOneFolder:acc=7,targetNo=0,code=EUC,*mptr=5fe80014,mapEnd=5fe80035
<140253740943104>2016/12/03 18:39:09:DEBUG:MakeTargetFolder:targetNo=0
<140253740943104>2016/12/03 18:39:09:DEBUG:SyncOneFolder:F:1480753349,8,0,file2.txt
<140253740943104>2016/12/03 18:39:09:DEBUG:SyncOneFolder_F:acc=7,targetNo=0,code=EUC,stime=1480753349,ssize=8,sdigest=0,path=file2.txt
<140253740943104>2016/12/03 18:39:09:DEBUG:SyncOneFolder_F:./RecvData//file2.txt
<140253740943104>2016/12/03 18:39:09:INFO:SyncOneFolder_F:./RecvData//file2.txt:exists
<140253740943104>2016/12/03 18:39:09:ERR:SyncOneFolder:normal end
<140253740943104>2016/12/03 18:39:09:INFO:RecvLoop:end
<140084202862336>2016/12/03 18:54:43:INFO:ParamLogOut:VERSION_STRING=1.0.0
<140084202862336>2016/12/03 18:54:43:INFO:ParamLogOut:TargetFolderCnt=1
<140084202862336>2016/12/03 18:54:43:INFO:ParamLogOut:TargetFolder0=wlSyncTest,./RecvData/
<140084202862336>2016/12/03 18:54:43:INFO:ParamLogOut:Port=56000
<140084202862336>2016/12/03 18:54:43:INFO:ParamLogOut:RecvTimeout=5
<140084202862336>2016/12/03 18:54:43:INFO:ParamLogOut:UseDigest=0
<140084202862336>2016/12/03 18:54:43:INFO:ParamLogOut:LogPath=./
<140084202862336>2016/12/03 18:54:43:INFO:ParamLogOut:LogLevel=7
<140084202862336>2016/12/03 18:54:43:INFO:ParamLogOut:StderrOut=1
<140084202862336>2016/12/03 18:54:43:INFO:ParamLogOut:VersionFilePath=./wlSyncC.ver
<140084202862336>2016/12/03 18:54:43:INFO:ParamLogOut:WorkFilePath=./wlSyncC.work
<140084202862336>2016/12/03 18:54:43:INFO:ParamLogOut:DeleteFlag=1
<140084202862336>2016/12/03 18:54:43:INFO:sock2.c:ServerSocketNew:listen to 0.0.0.0 56000
<140084202862336>2016/12/03 18:54:43:INFO:sock2.c:ServerSocketNew:listen to :: 56000
<140084202862336>2016/12/03 18:54:43:DEBUG:MakeVersionFile:./wlSyncC.ver
<140084202862336>2016/12/03 18:54:43:INFO:main:wlSyncC:ready
<140084202862336>2016/12/03 18:54:43:DEBUG:AcceptLoop:s_no=2
<140084202862336>2016/12/03 18:54:50:INFO:AcceptLoop:accept(0):130.158.64.37:44711
<140084202862336>2016/12/03 18:54:50:INFO:AcceptLoop:pthread_create:thread_id=3819493120
<140084177852160>2016/12/03 18:54:50:INFO:RecvLoop:start:acc=7
<140084177852160>2016/12/03 18:54:50:DEBUG:RecvLoop:RecvOneLine_2:#Name=wlSyncTest,EUC
<140084177852160>2016/12/03 18:54:50:INFO:CheckRecvData:td.acc=7,data=#Name=wlSyncTest,EUC
<140084177852160>2016/12/03 18:54:50:INFO:DoName:workfile=./wlSyncC.work/0140084177852160
<140084177852160>2016/12/03 18:54:50:DEBUG:DoName:RecvOneLine_2:F:1480753349,8,0,file2.txt
<140084177852160>2016/12/03 18:54:50:INFO:DoName:RecvOneLine_2:#End
<140084177852160>2016/12/03 18:54:50:DEBUG:SendToRemote:acc=7,data=#OK

<140084177852160>2016/12/03 18:54:50:DEBUG:SyncData:acc=7
<140084177852160>2016/12/03 18:54:50:DEBUG:CheckEraseData:targetNo=0,mptr=e5289014,mapEnd=e5289035,code=EUC
<140084177852160>2016/12/03 18:54:50:INFO:CheckEraseOneFolder:tpath=./RecvData/,path=,mptr=e5289014,tend=e5289030,code=EUC
<140084177852160>2016/12/03 18:54:50:INFO:CheckEraseOneFolder:fullpath=./RecvData/file2.txt
<140084177852160>2016/12/03 18:54:50:DEBUG:SearchOne:d_f=F,spath=file2.txt,mptr=e5289014,tend=e5289030,code=EUC
<140084177852160>2016/12/03 18:54:50:DEBUG:SearchOne:spath=file2.txt
<140084177852160>2016/12/03 18:54:50:DEBUG:SearchOne:file2.txt:file2.txt
<140084177852160>2016/12/03 18:54:50:DEBUG:SearchOne:F,file2.txt:1
<140084177852160>2016/12/03 18:54:50:ERR:SyncOneFolder:acc=7,targetNo=0,code=EUC,*mptr=e5289014,mapEnd=e5289035
<140084177852160>2016/12/03 18:54:50:DEBUG:MakeTargetFolder:targetNo=0
<140084177852160>2016/12/03 18:54:50:DEBUG:SyncOneFolder:F:1480753349,8,0,file2.txt
<140084177852160>2016/12/03 18:54:50:DEBUG:SyncOneFolder_F:acc=7,targetNo=0,code=EUC,stime=1480753349,ssize=8,sdigest=0,path=file2.txt
<140084177852160>2016/12/03 18:54:50:DEBUG:SyncOneFolder_F:./RecvData//file2.txt
<140084177852160>2016/12/03 18:54:50:INFO:SyncOneFolder_F:./RecvData//file2.txt:exists
<140084177852160>2016/12/03 18:54:50:ERR:SyncOneFolder:normal end
<140084177852160>2016/12/03 18:54:50:INFO:RecvLoop:end
<140084202862336>2016/12/03 18:55:06:ERR:endingFunc:sig=2
<140508478981888>2016/12/03 18:55:09:INFO:ParamLogOut:VERSION_STRING=1.0.0
<140508478981888>2016/12/03 18:55:09:INFO:ParamLogOut:TargetFolderCnt=1
<140508478981888>2016/12/03 18:55:09:INFO:ParamLogOut:TargetFolder0=wlSyncTest,./RecvData/
<140508478981888>2016/12/03 18:55:09:INFO:ParamLogOut:Port=56000
<140508478981888>2016/12/03 18:55:09:INFO:ParamLogOut:RecvTimeout=5
<140508478981888>2016/12/03 18:55:09:INFO:ParamLogOut:UseDigest=0
<140508478981888>2016/12/03 18:55:09:INFO:ParamLogOut:LogPath=./
<140508478981888>2016/12/03 18:55:09:INFO:ParamLogOut:LogLevel=7
<140508478981888>2016/12/03 18:55:09:INFO:ParamLogOut:StderrOut=1
<140508478981888>2016/12/03 18:55:09:INFO:ParamLogOut:VersionFilePath=./wlSyncC.ver
<140508478981888>2016/12/03 18:55:09:INFO:ParamLogOut:WorkFilePath=./wlSyncC.work
<140508478981888>2016/12/03 18:55:09:INFO:ParamLogOut:DeleteFlag=1
<140508478981888>2016/12/03 18:55:09:INFO:sock2.c:ServerSocketNew:listen to :: 56000
<140508478981888>2016/12/03 18:55:09:DEBUG:MakeVersionFile:./wlSyncC.ver
<140508478981888>2016/12/03 18:55:09:INFO:main:wlSyncC:ready
<140508478981888>2016/12/03 18:55:09:DEBUG:AcceptLoop:s_no=1
<140508478981888>2016/12/03 18:56:04:ERR:endingFunc:sig=2
<140298957682432>2016/12/03 18:58:48:INFO:ParamLogOut:VERSION_STRING=1.0.0
<140298957682432>2016/12/03 18:58:48:INFO:ParamLogOut:TargetFolderCnt=1
<140298957682432>2016/12/03 18:58:48:INFO:ParamLogOut:TargetFolder0=wlSyncTest,./RecvData/
<140298957682432>2016/12/03 18:58:48:INFO:ParamLogOut:Port=56000
<140298957682432>2016/12/03 18:58:48:INFO:ParamLogOut:RecvTimeout=5
<140298957682432>2016/12/03 18:58:48:INFO:ParamLogOut:UseDigest=0
<140298957682432>2016/12/03 18:58:48:INFO:ParamLogOut:LogPath=./
<140298957682432>2016/12/03 18:58:48:INFO:ParamLogOut:LogLevel=7
<140298957682432>2016/12/03 18:58:48:INFO:ParamLogOut:StderrOut=1
<140298957682432>2016/12/03 18:58:48:INFO:ParamLogOut:VersionFilePath=./wlSyncC.ver
<140298957682432>2016/12/03 18:58:48:INFO:ParamLogOut:WorkFilePath=./wlSyncC.work
<140298957682432>2016/12/03 18:58:48:INFO:ParamLogOut:DeleteFlag=1
<140298957682432>2016/12/03 18:58:48:INFO:sock2.c:ServerSocketNew:listen to 0.0.0.0 56000
<140298957682432>2016/12/03 18:58:48:INFO:sock2.c:ServerSocketNew:listen to :: 56000
<140298957682432>2016/12/03 18:58:48:DEBUG:MakeVersionFile:./wlSyncC.ver
<140298957682432>2016/12/03 18:58:48:INFO:main:wlSyncC:ready
<140298957682432>2016/12/03 18:58:48:DEBUG:AcceptLoop:s_no=2
<140298957682432>2016/12/03 18:58:53:INFO:AcceptLoop:accept(0):130.158.64.37:44713
<140298957682432>2016/12/03 18:58:53:INFO:AcceptLoop:pthread_create:thread_id=3758094080
<140298864817920>2016/12/03 18:58:53:INFO:RecvLoop:start:acc=7
<140298864817920>2016/12/03 18:58:53:DEBUG:RecvLoop:RecvOneLine_2:#Name=wlSyncTest,EUC
<140298864817920>2016/12/03 18:58:53:INFO:CheckRecvData:td.acc=7,data=#Name=wlSyncTest,EUC
<140298864817920>2016/12/03 18:58:53:INFO:DoName:workfile=./wlSyncC.work/0140298864817920
<140298864817920>2016/12/03 18:58:53:DEBUG:DoName:RecvOneLine_2:F:1480753349,8,0,file2.txt
<140298864817920>2016/12/03 18:58:53:INFO:DoName:RecvOneLine_2:#End
<140298864817920>2016/12/03 18:58:53:DEBUG:SendToRemote:acc=7,data=#OK

<140298864817920>2016/12/03 18:58:53:DEBUG:SyncData:acc=7
<140298864817920>2016/12/03 18:58:53:DEBUG:CheckEraseData:targetNo=0,mptr=e58b1014,mapEnd=e58b1035,code=EUC
<140298864817920>2016/12/03 18:58:53:INFO:CheckEraseOneFolder:tpath=./RecvData/,path=,mptr=e58b1014,tend=e58b1030,code=EUC
<140298864817920>2016/12/03 18:58:53:INFO:CheckEraseOneFolder:fullpath=./RecvData/file2.txt
<140298864817920>2016/12/03 18:58:53:DEBUG:SearchOne:d_f=F,spath=file2.txt,mptr=e58b1014,tend=e58b1030,code=EUC
<140298864817920>2016/12/03 18:58:53:DEBUG:SearchOne:spath=file2.txt
<140298864817920>2016/12/03 18:58:53:DEBUG:SearchOne:file2.txt:file2.txt
<140298864817920>2016/12/03 18:58:53:DEBUG:SearchOne:F,file2.txt:1
<140298864817920>2016/12/03 18:58:53:ERR:SyncOneFolder:acc=7,targetNo=0,code=EUC,*mptr=e58b1014,mapEnd=e58b1035
<140298864817920>2016/12/03 18:58:53:DEBUG:MakeTargetFolder:targetNo=0
<140298864817920>2016/12/03 18:58:53:DEBUG:SyncOneFolder:F:1480753349,8,0,file2.txt
<140298864817920>2016/12/03 18:58:53:DEBUG:SyncOneFolder_F:acc=7,targetNo=0,code=EUC,stime=1480753349,ssize=8,sdigest=0,path=file2.txt
<140298864817920>2016/12/03 18:58:53:DEBUG:SyncOneFolder_F:./RecvData//file2.txt
<140298864817920>2016/12/03 18:58:53:INFO:SyncOneFolder_F:./RecvData//file2.txt:exists
<140298864817920>2016/12/03 18:58:53:ERR:SyncOneFolder:normal end
<140298864817920>2016/12/03 18:58:53:INFO:RecvLoop:end
<140298957682432>2016/12/03 18:59:28:ERR:endingFunc:sig=2
<140155351873280>2016/12/03 18:59:50:INFO:ParamLogOut:VERSION_STRING=1.0.0
<140155351873280>2016/12/03 18:59:50:INFO:ParamLogOut:TargetFolderCnt=1
<140155351873280>2016/12/03 18:59:50:INFO:ParamLogOut:TargetFolder0=wlSyncTest,./RecvData/
<140155351873280>2016/12/03 18:59:50:INFO:ParamLogOut:Port=56000
<140155351873280>2016/12/03 18:59:50:INFO:ParamLogOut:RecvTimeout=5
<140155351873280>2016/12/03 18:59:50:INFO:ParamLogOut:UseDigest=0
<140155351873280>2016/12/03 18:59:50:INFO:ParamLogOut:LogPath=./
<140155351873280>2016/12/03 18:59:50:INFO:ParamLogOut:LogLevel=7
<140155351873280>2016/12/03 18:59:50:INFO:ParamLogOut:StderrOut=1
<140155351873280>2016/12/03 18:59:50:INFO:ParamLogOut:VersionFilePath=./wlSyncC.ver
<140155351873280>2016/12/03 18:59:50:INFO:ParamLogOut:WorkFilePath=./wlSyncC.work
<140155351873280>2016/12/03 18:59:50:INFO:ParamLogOut:DeleteFlag=1
<140155351873280>2016/12/03 18:59:50:INFO:sock2.c:ServerSocketNew:listen to :: 56000
<140155351873280>2016/12/03 18:59:50:DEBUG:MakeVersionFile:./wlSyncC.ver
<140155351873280>2016/12/03 18:59:50:INFO:main:wlSyncC:ready
<140155351873280>2016/12/03 18:59:50:DEBUG:AcceptLoop:s_no=1
<140155351873280>2016/12/03 19:06:37:ERR:endingFunc:sig=2
<139956365637376>2016/12/03 21:34:45:INFO:ParamLogOut:VERSION_STRING=1.0.0
<139956365637376>2016/12/03 21:34:45:INFO:ParamLogOut:TargetFolderCnt=1
<139956365637376>2016/12/03 21:34:45:INFO:ParamLogOut:TargetFolder0=wlSyncTest,./RecvData/
<139956365637376>2016/12/03 21:34:45:INFO:ParamLogOut:Port=56000
<139956365637376>2016/12/03 21:34:45:INFO:ParamLogOut:RecvTimeout=5
<139956365637376>2016/12/03 21:34:45:INFO:ParamLogOut:UseDigest=0
<139956365637376>2016/12/03 21:34:45:INFO:ParamLogOut:LogPath=./
<139956365637376>2016/12/03 21:34:45:INFO:ParamLogOut:LogLevel=7
<139956365637376>2016/12/03 21:34:45:INFO:ParamLogOut:StderrOut=1
<139956365637376>2016/12/03 21:34:45:INFO:ParamLogOut:VersionFilePath=./wlSyncC.ver
<139956365637376>2016/12/03 21:34:45:INFO:ParamLogOut:WorkFilePath=./wlSyncC.work
<139956365637376>2016/12/03 21:34:45:INFO:ParamLogOut:DeleteFlag=1
<139956365637376>2016/12/03 21:34:45:INFO:sock2.c:ServerSocketNew:listen to 0.0.0.0 56000
<139956365637376>2016/12/03 21:34:45:INFO:sock2.c:ServerSocketNew:listen to :: 56000
<139956365637376>2016/12/03 21:34:45:DEBUG:MakeVersionFile:./wlSyncC.ver
<139956365637376>2016/12/03 21:34:45:INFO:main:wlSyncC:ready
<139956365637376>2016/12/03 21:34:45:DEBUG:AcceptLoop:s_no=2
<139956365637376>2016/12/03 21:34:50:INFO:AcceptLoop:accept(0):130.158.64.37:44866
<139956365637376>2016/12/03 21:34:50:INFO:AcceptLoop:pthread_create:thread_id=536319744
<139956340627200>2016/12/03 21:34:50:INFO:RecvLoop:start:acc=7
<139956340627200>2016/12/03 21:34:50:DEBUG:RecvLoop:RecvOneLine_2:#Name=wlSyncTest,EUC
<139956340627200>2016/12/03 21:34:50:INFO:CheckRecvData:td.acc=7,data=#Name=wlSyncTest,EUC
<139956340627200>2016/12/03 21:34:50:INFO:DoName:workfile=./wlSyncC.work/0139956340627200
<139956340627200>2016/12/03 21:34:50:DEBUG:DoName:RecvOneLine_2:F:1480753349,8,0,file2.txt
<139956340627200>2016/12/03 21:34:50:INFO:DoName:RecvOneLine_2:#End
<139956340627200>2016/12/03 21:34:50:DEBUG:SendToRemote:acc=7,data=#OK

<139956340627200>2016/12/03 21:34:50:DEBUG:SyncData:acc=7
<139956340627200>2016/12/03 21:34:50:DEBUG:CheckEraseData:targetNo=0,mptr=21775014,mapEnd=21775035,code=EUC
<139956340627200>2016/12/03 21:34:50:INFO:CheckEraseOneFolder:tpath=./RecvData/,path=,mptr=21775014,tend=21775030,code=EUC
<139956340627200>2016/12/03 21:34:50:INFO:CheckEraseOneFolder:fullpath=./RecvData/file2.txt
<139956340627200>2016/12/03 21:34:50:DEBUG:SearchOne:d_f=F,spath=file2.txt,mptr=21775014,tend=21775030,code=EUC
<139956340627200>2016/12/03 21:34:50:DEBUG:SearchOne:spath=file2.txt
<139956340627200>2016/12/03 21:34:50:DEBUG:SearchOne:file2.txt:file2.txt
<139956340627200>2016/12/03 21:34:50:DEBUG:SearchOne:F,file2.txt:1
<139956340627200>2016/12/03 21:34:50:ERR:SyncOneFolder:acc=7,targetNo=0,code=EUC,*mptr=21775014,mapEnd=21775035
<139956340627200>2016/12/03 21:34:50:DEBUG:MakeTargetFolder:targetNo=0
<139956340627200>2016/12/03 21:34:50:DEBUG:SyncOneFolder:F:1480753349,8,0,file2.txt
<139956340627200>2016/12/03 21:34:50:DEBUG:SyncOneFolder_F:acc=7,targetNo=0,code=EUC,stime=1480753349,ssize=8,sdigest=0,path=file2.txt
<139956340627200>2016/12/03 21:34:50:DEBUG:SyncOneFolder_F:./RecvData//file2.txt
<139956340627200>2016/12/03 21:34:50:INFO:SyncOneFolder_F:./RecvData//file2.txt:exists
<139956340627200>2016/12/03 21:34:50:ERR:SyncOneFolder:normal end
<139956340627200>2016/12/03 21:34:50:INFO:RecvLoop:end
<139956365637376>2016/12/03 21:35:36:ERR:endingFunc:sig=2
