<3086874304>2007/08/10 20:45:47:INFO:ParamLogOut:VERSION_STRING=1.0.0
<3086874304>2007/08/10 20:45:47:INFO:ParamLogOut:TargetFolderCnt=1
<3086874304>2007/08/10 20:45:47:INFO:ParamLogOut:TargetFolder0=wlSyncTest,./SendData/
<3086874304>2007/08/10 20:45:47:INFO:ParamLogOut:TargetHostCnt=1
<3086874304>2007/08/10 20:45:47:INFO:ParamLogOut:TargetHost0=192.168.68.128:56000
<3086874304>2007/08/10 20:45:47:INFO:ParamLogOut:Interval=1
<3086874304>2007/08/10 20:45:47:INFO:ParamLogOut:RecvTimeout=5
<3086874304>2007/08/10 20:45:47:INFO:ParamLogOut:UseDigest=0
<3086874304>2007/08/10 20:45:47:INFO:ParamLogOut:SendSize=8096
<3086874304>2007/08/10 20:45:47:INFO:ParamLogOut:LogPath=./
<3086874304>2007/08/10 20:45:47:INFO:ParamLogOut:LogLevel=7
<3086874304>2007/08/10 20:45:47:INFO:ParamLogOut:StderrOut=1
<3086874304>2007/08/10 20:45:47:INFO:ParamLogOut:VersionFilePath=./wlSyncS.ver
<3086874304>2007/08/10 20:45:47:INFO:ParamLogOut:WorkFilePath=./wlSyncS.work
<3086874304>2007/08/10 20:45:47:DEBUG:MakeVersionFile:./wlSyncS.ver
<3086874304>2007/08/10 20:45:47:INFO:main:wlSyncS:ready
<3086874304>2007/08/10 20:45:47:DEBUG:ExecWork:start
<3086874304>2007/08/10 20:45:47:DEBUG:MakeFolderList:tpath=./SendData/,path=:start
<3086874304>2007/08/10 20:45:47:INFO:MakeFolderList:fullpath=./SendData//file1.txt
<3086874304>2007/08/10 20:45:47:DEBUG:MakeFolderList:tpath=./SendData/,path=:end
<3086874304>2007/08/10 20:45:47:INFO:ExecWork:pthread_create:thread_id=24288176
<24288176>2007/08/10 20:45:47:DEBUG:WorkThread:0:start
<24288176>2007/08/10 20:45:47:DEBUG:sock2.c:ClientSocketNew:trying 192.168.68.128 port 56000
<24288176>2007/08/10 20:45:47:DEBUG:sock2.c:ClientSocketNew:connect:Success
<24288176>2007/08/10 20:45:47:DEBUG:WorkThread:RecvOneLine_2:#OK
<24288176>2007/08/10 20:45:47:INFO:WorkThread:RecvOneLine_2:#Get=wlSyncTest,file1.txt
<24288176>2007/08/10 20:45:47:DEBUG:SendOneData:start:wlSyncTest,file1.txt
<24288176>2007/08/10 20:45:47:DEBUG:SendOneData:fullpath=./SendData/file1.txt
<24288176>2007/08/10 20:45:47:DEBUG:lockf(lock)=0
<24288176>2007/08/10 20:45:47:DEBUG:SendToRemote:acc=5,data=#Size=4,0

<24288176>2007/08/10 20:45:47:DEBUG:SendToRemote:acc=5,data=#Size=0,0

<24288176>2007/08/10 20:45:47:DEBUG:lockf(unlock)=0
<24288176>2007/08/10 20:45:47:DEBUG:SendOneData:end
<24288176>2007/08/10 20:45:47:DEBUG:sock.c:RecvOneLine_1():recv():EOF
<24288176>2007/08/10 20:45:47:INFO:WorkThread:RecvOneLine_2:error or closed
<24288176>2007/08/10 20:45:47:DEBUG:WorkThread:0:end
<3086874304>2007/08/10 20:45:48:DEBUG:ExecWork:end
<3086874304>2007/08/10 20:52:05:INFO:ParamLogOut:VERSION_STRING=1.0.0
<3086874304>2007/08/10 20:52:05:INFO:ParamLogOut:TargetFolderCnt=1
<3086874304>2007/08/10 20:52:05:INFO:ParamLogOut:TargetFolder0=wlSyncTest,./SendData/
<3086874304>2007/08/10 20:52:05:INFO:ParamLogOut:TargetHostCnt=1
<3086874304>2007/08/10 20:52:05:INFO:ParamLogOut:TargetHost0=192.168.68.128:56000
<3086874304>2007/08/10 20:52:05:INFO:ParamLogOut:Interval=1
<3086874304>2007/08/10 20:52:05:INFO:ParamLogOut:RecvTimeout=5
<3086874304>2007/08/10 20:52:05:INFO:ParamLogOut:UseDigest=0
<3086874304>2007/08/10 20:52:05:INFO:ParamLogOut:SendSize=8096
<3086874304>2007/08/10 20:52:05:INFO:ParamLogOut:LogPath=./
<3086874304>2007/08/10 20:52:05:INFO:ParamLogOut:LogLevel=7
<3086874304>2007/08/10 20:52:05:INFO:ParamLogOut:StderrOut=1
<3086874304>2007/08/10 20:52:05:INFO:ParamLogOut:VersionFilePath=./wlSyncS.ver
<3086874304>2007/08/10 20:52:05:INFO:ParamLogOut:WorkFilePath=./wlSyncS.work
<3086874304>2007/08/10 20:52:05:DEBUG:MakeVersionFile:./wlSyncS.ver
<3086874304>2007/08/10 20:52:05:INFO:main:wlSyncS:ready
<3086874304>2007/08/10 20:52:05:DEBUG:ExecWork:start
<3086874304>2007/08/10 20:52:05:DEBUG:MakeFolderList:tpath=./SendData/,path=:start
<3086874304>2007/08/10 20:52:05:INFO:MakeFolderList:fullpath=./SendData//file1.txt
<3086874304>2007/08/10 20:52:05:DEBUG:MakeFolderList:tpath=./SendData/,path=:end
<3086874304>2007/08/10 20:52:05:INFO:ExecWork:pthread_create:thread_id=24288176
<24288176>2007/08/10 20:52:05:DEBUG:WorkThread:0:start
<24288176>2007/08/10 20:52:05:DEBUG:sock2.c:ClientSocketNew:trying 192.168.68.128 port 56000
<24288176>2007/08/10 20:52:05:DEBUG:sock2.c:ClientSocketNew:connect:Success
<24288176>2007/08/10 20:52:05:DEBUG:WorkThread:RecvOneLine_2:#OK
<24288176>2007/08/10 20:52:05:DEBUG:sock.c:RecvOneLine_1():recv():EOF
<24288176>2007/08/10 20:52:05:INFO:WorkThread:RecvOneLine_2:error or closed
<24288176>2007/08/10 20:52:05:DEBUG:WorkThread:0:end
<3086874304>2007/08/10 20:52:06:DEBUG:ExecWork:end
<3086874304>2007/08/10 20:57:18:INFO:ParamLogOut:VERSION_STRING=1.0.0
<3086874304>2007/08/10 20:57:18:INFO:ParamLogOut:TargetFolderCnt=1
<3086874304>2007/08/10 20:57:18:INFO:ParamLogOut:TargetFolder0=wlSyncTest,./SendData/
<3086874304>2007/08/10 20:57:18:INFO:ParamLogOut:TargetHostCnt=1
<3086874304>2007/08/10 20:57:18:INFO:ParamLogOut:TargetHost0=192.168.68.128:56000
<3086874304>2007/08/10 20:57:18:INFO:ParamLogOut:Interval=1
<3086874304>2007/08/10 20:57:18:INFO:ParamLogOut:RecvTimeout=5
<3086874304>2007/08/10 20:57:18:INFO:ParamLogOut:UseDigest=0
<3086874304>2007/08/10 20:57:18:INFO:ParamLogOut:SendSize=8096
<3086874304>2007/08/10 20:57:18:INFO:ParamLogOut:LogPath=./
<3086874304>2007/08/10 20:57:18:INFO:ParamLogOut:LogLevel=7
<3086874304>2007/08/10 20:57:18:INFO:ParamLogOut:StderrOut=1
<3086874304>2007/08/10 20:57:18:INFO:ParamLogOut:VersionFilePath=./wlSyncS.ver
<3086874304>2007/08/10 20:57:18:INFO:ParamLogOut:WorkFilePath=./wlSyncS.work
<3086874304>2007/08/10 20:57:18:DEBUG:MakeVersionFile:./wlSyncS.ver
<3086874304>2007/08/10 20:57:18:INFO:main:wlSyncS:ready
<3086874304>2007/08/10 20:57:18:DEBUG:ExecWork:start
<3086874304>2007/08/10 20:57:18:DEBUG:MakeFolderList:tpath=./SendData/,path=:start
<3086874304>2007/08/10 20:57:18:INFO:MakeFolderList:fullpath=./SendData//file1.txt
<3086874304>2007/08/10 20:57:18:DEBUG:MakeFolderList:tpath=./SendData/,path=:end
<3086874304>2007/08/10 20:57:18:INFO:ExecWork:pthread_create:thread_id=24288176
<24288176>2007/08/10 20:57:18:DEBUG:WorkThread:0:start
<24288176>2007/08/10 20:57:18:DEBUG:sock2.c:ClientSocketNew:trying 192.168.68.128 port 56000
<24288176>2007/08/10 20:57:18:DEBUG:sock2.c:ClientSocketNew:connect:Success
<24288176>2007/08/10 20:57:18:DEBUG:WorkThread:RecvOneLine_2:#OK
<24288176>2007/08/10 20:57:18:INFO:WorkThread:RecvOneLine_2:#Get=wlSyncTest,file1.txt
<24288176>2007/08/10 20:57:18:DEBUG:SendOneData:start:wlSyncTest,file1.txt
<24288176>2007/08/10 20:57:18:DEBUG:SendOneData:fullpath=./SendData/file1.txt
<24288176>2007/08/10 20:57:18:DEBUG:lockf(lock)=0
<24288176>2007/08/10 20:57:18:DEBUG:SendToRemote:acc=5,data=#Size=8,0

<24288176>2007/08/10 20:57:18:DEBUG:SendToRemote:acc=5,data=#Size=0,0

<24288176>2007/08/10 20:57:18:DEBUG:lockf(unlock)=0
<24288176>2007/08/10 20:57:18:DEBUG:SendOneData:end
<24288176>2007/08/10 20:57:18:DEBUG:sock.c:RecvOneLine_1():recv():EOF
<24288176>2007/08/10 20:57:18:INFO:WorkThread:RecvOneLine_2:error or closed
<24288176>2007/08/10 20:57:18:DEBUG:WorkThread:0:end
<3086874304>2007/08/10 20:57:19:DEBUG:ExecWork:end
<3086874304>2007/08/10 21:00:34:INFO:ParamLogOut:VERSION_STRING=1.0.0
<3086874304>2007/08/10 21:00:34:INFO:ParamLogOut:TargetFolderCnt=1
<3086874304>2007/08/10 21:00:34:INFO:ParamLogOut:TargetFolder0=wlSyncTest,./SendData/
<3086874304>2007/08/10 21:00:34:INFO:ParamLogOut:TargetHostCnt=1
<3086874304>2007/08/10 21:00:34:INFO:ParamLogOut:TargetHost0=192.168.68.128:56000
<3086874304>2007/08/10 21:00:34:INFO:ParamLogOut:Interval=1
<3086874304>2007/08/10 21:00:34:INFO:ParamLogOut:RecvTimeout=5
<3086874304>2007/08/10 21:00:34:INFO:ParamLogOut:UseDigest=0
<3086874304>2007/08/10 21:00:34:INFO:ParamLogOut:SendSize=8096
<3086874304>2007/08/10 21:00:34:INFO:ParamLogOut:LogPath=./
<3086874304>2007/08/10 21:00:34:INFO:ParamLogOut:LogLevel=7
<3086874304>2007/08/10 21:00:34:INFO:ParamLogOut:StderrOut=1
<3086874304>2007/08/10 21:00:34:INFO:ParamLogOut:VersionFilePath=./wlSyncS.ver
<3086874304>2007/08/10 21:00:34:INFO:ParamLogOut:WorkFilePath=./wlSyncS.work
<3086874304>2007/08/10 21:00:34:DEBUG:MakeVersionFile:./wlSyncS.ver
<3086874304>2007/08/10 21:00:34:INFO:main:wlSyncS:ready
<3086874304>2007/08/10 21:00:34:DEBUG:ExecWork:start
<3086874304>2007/08/10 21:00:34:DEBUG:MakeFolderList:tpath=./SendData/,path=:start
<3086874304>2007/08/10 21:00:34:INFO:MakeFolderList:fullpath=./SendData//file2.txt
<3086874304>2007/08/10 21:00:34:DEBUG:MakeFolderList:tpath=./SendData/,path=:end
<3086874304>2007/08/10 21:00:34:INFO:ExecWork:pthread_create:thread_id=24288176
<24288176>2007/08/10 21:00:34:DEBUG:WorkThread:0:start
<24288176>2007/08/10 21:00:34:DEBUG:sock2.c:ClientSocketNew:trying 192.168.68.128 port 56000
<24288176>2007/08/10 21:00:34:DEBUG:sock2.c:ClientSocketNew:connect:Success
<24288176>2007/08/10 21:00:34:DEBUG:WorkThread:RecvOneLine_2:#OK
<24288176>2007/08/10 21:00:34:INFO:WorkThread:RecvOneLine_2:#Get=wlSyncTest,file2.txt
<24288176>2007/08/10 21:00:34:DEBUG:SendOneData:start:wlSyncTest,file2.txt
<24288176>2007/08/10 21:00:34:DEBUG:SendOneData:fullpath=./SendData/file2.txt
<24288176>2007/08/10 21:00:34:DEBUG:lockf(lock)=0
<24288176>2007/08/10 21:00:34:DEBUG:SendToRemote:acc=5,data=#Size=4,0

<24288176>2007/08/10 21:00:34:DEBUG:SendToRemote:acc=5,data=#Size=0,0

<24288176>2007/08/10 21:00:34:DEBUG:lockf(unlock)=0
<24288176>2007/08/10 21:00:34:DEBUG:SendOneData:end
<24288176>2007/08/10 21:00:34:DEBUG:sock.c:RecvOneLine_1():recv():EOF
<24288176>2007/08/10 21:00:34:INFO:WorkThread:RecvOneLine_2:error or closed
<24288176>2007/08/10 21:00:34:DEBUG:WorkThread:0:end
<3086874304>2007/08/10 21:00:35:DEBUG:ExecWork:end
<3086182080>2007/08/20 16:20:31:INFO:ParamLogOut:VERSION_STRING=1.0.0
<3086182080>2007/08/20 16:20:31:INFO:ParamLogOut:TargetFolderCnt=1
<3086182080>2007/08/20 16:20:31:INFO:ParamLogOut:TargetFolder0=wlSyncTest,./SendData/
<3086182080>2007/08/20 16:20:31:INFO:ParamLogOut:TargetHostCnt=1
<3086182080>2007/08/20 16:20:31:INFO:ParamLogOut:TargetHost0=192.168.68.128:56000
<3086182080>2007/08/20 16:20:31:INFO:ParamLogOut:Interval=1
<3086182080>2007/08/20 16:20:31:INFO:ParamLogOut:RecvTimeout=5
<3086182080>2007/08/20 16:20:31:INFO:ParamLogOut:UseDigest=0
<3086182080>2007/08/20 16:20:31:INFO:ParamLogOut:SendSize=8096
<3086182080>2007/08/20 16:20:31:INFO:ParamLogOut:LogPath=./
<3086182080>2007/08/20 16:20:31:INFO:ParamLogOut:LogLevel=7
<3086182080>2007/08/20 16:20:31:INFO:ParamLogOut:StderrOut=1
<3086182080>2007/08/20 16:20:31:INFO:ParamLogOut:VersionFilePath=./wlSyncS.ver
<3086182080>2007/08/20 16:20:31:INFO:ParamLogOut:WorkFilePath=./wlSyncS.work
<3086182080>2007/08/20 16:20:31:DEBUG:MakeVersionFile:./wlSyncS.ver
<3086182080>2007/08/20 16:20:31:INFO:main:wlSyncS:ready
<3086182080>2007/08/20 16:20:31:DEBUG:now-beforeTime=1187594431:60
<3086182080>2007/08/20 16:20:31:DEBUG:Time to work
<3086182080>2007/08/20 16:20:31:DEBUG:No working thread
<3086182080>2007/08/20 16:20:31:DEBUG:ExecWork:start
<3086182080>2007/08/20 16:20:31:DEBUG:MakeFolderList:tpath=./SendData/,path=:start
<3086182080>2007/08/20 16:20:31:INFO:MakeFolderList:fullpath=./SendData//file2.txt
<3086182080>2007/08/20 16:20:31:DEBUG:MakeFolderList:tpath=./SendData/,path=:end
<3086182080>2007/08/20 16:20:31:INFO:ExecWork:pthread_create:thread_id=3086179248
<3086179248>2007/08/20 16:20:31:DEBUG:WorkThread:0:start
<3086179248>2007/08/20 16:20:31:DEBUG:sock2.c:ClientSocketNew:trying 192.168.68.128 port 56000
<3086179248>2007/08/20 16:20:31:DEBUG:sock2.c:ClientSocketNew:connect:Success
<3086179248>2007/08/20 16:20:31:DEBUG:WorkThread:RecvOneLine_2:#OK
<3086179248>2007/08/20 16:20:31:DEBUG:sock.c:RecvOneLine_1():recv():EOF
<3086179248>2007/08/20 16:20:31:INFO:WorkThread:RecvOneLine_2:error or closed
<3086179248>2007/08/20 16:20:31:DEBUG:WorkThread:0:end
<3086182080>2007/08/20 16:20:32:DEBUG:ExecWork:end
<3086182080>2007/08/20 16:20:33:ERR:endingFunc:sig=2
<3086325440>2007/08/20 16:20:36:INFO:ParamLogOut:VERSION_STRING=1.0.0
<3086325440>2007/08/20 16:20:36:INFO:ParamLogOut:TargetFolderCnt=1
<3086325440>2007/08/20 16:20:36:INFO:ParamLogOut:TargetFolder0=wlSyncTest,./SendData/
<3086325440>2007/08/20 16:20:36:INFO:ParamLogOut:TargetHostCnt=1
<3086325440>2007/08/20 16:20:36:INFO:ParamLogOut:TargetHost0=192.168.68.128:56000
<3086325440>2007/08/20 16:20:36:INFO:ParamLogOut:Interval=1
<3086325440>2007/08/20 16:20:36:INFO:ParamLogOut:RecvTimeout=5
<3086325440>2007/08/20 16:20:36:INFO:ParamLogOut:UseDigest=0
<3086325440>2007/08/20 16:20:36:INFO:ParamLogOut:SendSize=8096
<3086325440>2007/08/20 16:20:36:INFO:ParamLogOut:LogPath=./
<3086325440>2007/08/20 16:20:36:INFO:ParamLogOut:LogLevel=7
<3086325440>2007/08/20 16:20:36:INFO:ParamLogOut:StderrOut=1
<3086325440>2007/08/20 16:20:36:INFO:ParamLogOut:VersionFilePath=./wlSyncS.ver
<3086325440>2007/08/20 16:20:36:INFO:ParamLogOut:WorkFilePath=./wlSyncS.work
<3086325440>2007/08/20 16:20:36:DEBUG:MakeVersionFile:./wlSyncS.ver
<3086325440>2007/08/20 16:20:36:INFO:main:wlSyncS:ready
<3086325440>2007/08/20 16:20:36:DEBUG:now-beforeTime=1187594436:60
<3086325440>2007/08/20 16:20:36:DEBUG:Time to work
<3086325440>2007/08/20 16:20:36:DEBUG:No working thread
<3086325440>2007/08/20 16:20:36:DEBUG:ExecWork:start
<3086325440>2007/08/20 16:20:36:DEBUG:MakeFolderList:tpath=./SendData/,path=:start
<3086325440>2007/08/20 16:20:36:INFO:MakeFolderList:fullpath=./SendData//file2.txt
<3086325440>2007/08/20 16:20:36:DEBUG:MakeFolderList:tpath=./SendData/,path=:end
<3086325440>2007/08/20 16:20:36:INFO:ExecWork:pthread_create:thread_id=3086322608
<3086322608>2007/08/20 16:20:36:DEBUG:WorkThread:0:start
<3086322608>2007/08/20 16:20:36:DEBUG:sock2.c:ClientSocketNew:trying 192.168.68.128 port 56000
<3086322608>2007/08/20 16:20:36:DEBUG:sock2.c:ClientSocketNew:connect:Success
<3086322608>2007/08/20 16:20:36:DEBUG:WorkThread:RecvOneLine_2:#OK
<3086322608>2007/08/20 16:20:36:DEBUG:sock.c:RecvOneLine_1():recv():EOF
<3086322608>2007/08/20 16:20:36:INFO:WorkThread:RecvOneLine_2:error or closed
<3086322608>2007/08/20 16:20:36:DEBUG:WorkThread:0:end
<3086325440>2007/08/20 16:20:37:DEBUG:ExecWork:end
<3086325440>2007/08/20 16:20:38:DEBUG:now-beforeTime=2:60
<3086325440>2007/08/20 16:20:39:DEBUG:now-beforeTime=3:60
<3086325440>2007/08/20 16:20:40:DEBUG:now-beforeTime=4:60
<3086325440>2007/08/20 16:20:41:DEBUG:now-beforeTime=5:60
<3086325440>2007/08/20 16:20:42:DEBUG:now-beforeTime=6:60
<3086325440>2007/08/20 16:20:43:DEBUG:now-beforeTime=7:60
<3086325440>2007/08/20 16:20:44:DEBUG:now-beforeTime=8:60
<3086325440>2007/08/20 16:20:45:DEBUG:now-beforeTime=9:60
<3086325440>2007/08/20 16:20:46:DEBUG:now-beforeTime=10:60
<3086325440>2007/08/20 16:20:47:DEBUG:now-beforeTime=11:60
<3086325440>2007/08/20 16:20:48:DEBUG:now-beforeTime=12:60
<3086325440>2007/08/20 16:20:49:DEBUG:now-beforeTime=13:60
<3086325440>2007/08/20 16:20:50:ERR:endingFunc:sig=2
<3086538432>2007/08/20 16:20:55:INFO:ParamLogOut:VERSION_STRING=1.0.0
<3086538432>2007/08/20 16:20:55:INFO:ParamLogOut:TargetFolderCnt=1
<3086538432>2007/08/20 16:20:55:INFO:ParamLogOut:TargetFolder0=wlSyncTest,./SendData/
<3086538432>2007/08/20 16:20:55:INFO:ParamLogOut:TargetHostCnt=1
<3086538432>2007/08/20 16:20:55:INFO:ParamLogOut:TargetHost0=192.168.68.128:56000
<3086538432>2007/08/20 16:20:55:INFO:ParamLogOut:Interval=1
<3086538432>2007/08/20 16:20:55:INFO:ParamLogOut:RecvTimeout=5
<3086538432>2007/08/20 16:20:55:INFO:ParamLogOut:UseDigest=0
<3086538432>2007/08/20 16:20:55:INFO:ParamLogOut:SendSize=8096
<3086538432>2007/08/20 16:20:55:INFO:ParamLogOut:LogPath=./
<3086538432>2007/08/20 16:20:55:INFO:ParamLogOut:LogLevel=7
<3086538432>2007/08/20 16:20:55:INFO:ParamLogOut:StderrOut=1
<3086538432>2007/08/20 16:20:55:INFO:ParamLogOut:VersionFilePath=./wlSyncS.ver
<3086538432>2007/08/20 16:20:55:INFO:ParamLogOut:WorkFilePath=./wlSyncS.work
<3086538432>2007/08/20 16:20:55:DEBUG:MakeVersionFile:./wlSyncS.ver
<3086538432>2007/08/20 16:20:55:INFO:main:wlSyncS:ready
<3086538432>2007/08/20 16:20:55:DEBUG:ExecWork:start
<3086538432>2007/08/20 16:20:55:DEBUG:MakeFolderList:tpath=./SendData/,path=:start
<3086538432>2007/08/20 16:20:55:INFO:MakeFolderList:fullpath=./SendData//file2.txt
<3086538432>2007/08/20 16:20:55:DEBUG:MakeFolderList:tpath=./SendData/,path=:end
<3086538432>2007/08/20 16:20:55:INFO:ExecWork:pthread_create:thread_id=3086535600
<3086535600>2007/08/20 16:20:55:DEBUG:WorkThread:0:start
<3086535600>2007/08/20 16:20:55:DEBUG:sock2.c:ClientSocketNew:trying 192.168.68.128 port 56000
<3086535600>2007/08/20 16:20:55:DEBUG:sock2.c:ClientSocketNew:connect:Success
<3086535600>2007/08/20 16:20:55:DEBUG:WorkThread:RecvOneLine_2:#OK
<3086535600>2007/08/20 16:20:55:DEBUG:sock.c:RecvOneLine_1():recv():EOF
<3086535600>2007/08/20 16:20:55:INFO:WorkThread:RecvOneLine_2:error or closed
<3086535600>2007/08/20 16:20:55:DEBUG:WorkThread:0:end
<3086538432>2007/08/20 16:20:56:DEBUG:ExecWork:end
<1119936>2007/08/28 12:52:46:INFO:ParamLogOut:VERSION_STRING=1.0.0
<1119936>2007/08/28 12:52:46:INFO:ParamLogOut:TargetFolderCnt=1
<1119936>2007/08/28 12:52:46:INFO:ParamLogOut:TargetFolder0=wlSyncTest,./SendData/
<1119936>2007/08/28 12:52:46:INFO:ParamLogOut:TargetHostCnt=1
<1119936>2007/08/28 12:52:46:INFO:ParamLogOut:TargetHost0=fe80::2a0:ccff:fe66:6914%eth0:56000
<1119936>2007/08/28 12:52:46:INFO:ParamLogOut:Interval=1
<1119936>2007/08/28 12:52:46:INFO:ParamLogOut:RecvTimeout=5
<1119936>2007/08/28 12:52:46:INFO:ParamLogOut:UseDigest=0
<1119936>2007/08/28 12:52:46:INFO:ParamLogOut:SendSize=8096
<1119936>2007/08/28 12:52:46:INFO:ParamLogOut:LogPath=./
<1119936>2007/08/28 12:52:46:INFO:ParamLogOut:LogLevel=7
<1119936>2007/08/28 12:52:46:INFO:ParamLogOut:StderrOut=1
<1119936>2007/08/28 12:52:46:INFO:ParamLogOut:VersionFilePath=./wlSyncS.ver
<1119936>2007/08/28 12:52:46:INFO:ParamLogOut:WorkFilePath=./wlSyncS.work
<1119936>2007/08/28 12:52:46:DEBUG:MakeVersionFile:./wlSyncS.ver
<1119936>2007/08/28 12:52:46:INFO:main:wlSyncS:ready
<1119936>2007/08/28 12:52:46:DEBUG:ExecWork:start
<1119936>2007/08/28 12:52:46:DEBUG:MakeFolderList:tpath=./SendData/,path=:start
<1119936>2007/08/28 12:52:46:INFO:MakeFolderList:fullpath=./SendData//file2.txt
<1119936>2007/08/28 12:52:46:DEBUG:MakeFolderList:tpath=./SendData/,path=:end
<1119936>2007/08/28 12:52:46:INFO:ExecWork:pthread_create:thread_id=24288176
<24288176>2007/08/28 12:52:46:DEBUG:WorkThread:0:start
<24288176>2007/08/28 12:52:46:DEBUG:sock2.c:ClientSocketNew:trying fe80::2a0:ccff:fe66:6914%eth0 port 56000
<24288176>2007/08/28 12:55:55:ERR:sock2.c:ClientSocketNew:no destination to connect to
<24288176>2007/08/28 12:55:55:ERR:WorkThread:ClientSocketNew(fe80::2a0:ccff:fe66:6914%eth0,56000):-1
<1119936>2007/08/28 12:55:56:DEBUG:ExecWork:end
