<3086874304>2007/08/10 20:45:09:INFO:ParamLogOut:VERSION_STRING=1.0.0
<3086874304>2007/08/10 20:45:09:INFO:ParamLogOut:TargetFolderCnt=1
<3086874304>2007/08/10 20:45:09:INFO:ParamLogOut:TargetFolder0=wlSyncTest,./RecvData/
<3086874304>2007/08/10 20:45:09:INFO:ParamLogOut:Port=56000
<3086874304>2007/08/10 20:45:09:INFO:ParamLogOut:RecvTimeout=5
<3086874304>2007/08/10 20:45:09:INFO:ParamLogOut:UseDigest=0
<3086874304>2007/08/10 20:45:09:INFO:ParamLogOut:LogPath=./
<3086874304>2007/08/10 20:45:09:INFO:ParamLogOut:LogLevel=7
<3086874304>2007/08/10 20:45:09:INFO:ParamLogOut:StderrOut=1
<3086874304>2007/08/10 20:45:09:INFO:ParamLogOut:VersionFilePath=./wlSyncC.ver
<3086874304>2007/08/10 20:45:09:INFO:ParamLogOut:WorkFilePath=./wlSyncC.work
<3086874304>2007/08/10 20:45:09:INFO:ParamLogOut:DeleteFlag=1
<3086874304>2007/08/10 20:45:09:INFO:sock2.c:ServerSocketNew:listen to :: 56000
<3086874304>2007/08/10 20:45:09:INFO:sock2.c:ServerSocketNew:listen to 0.0.0.0 56000
<3086874304>2007/08/10 20:45:09:DEBUG:MakeVersionFile:./wlSyncC.ver
<3086874304>2007/08/10 20:45:09:INFO:main:wlSyncC:ready
<3086874304>2007/08/10 20:45:09:DEBUG:AcceptLoop:s_no=2
<3086874304>2007/08/10 20:45:47:INFO:AcceptLoop:accept(1):192.168.68.128:32795
<3086874304>2007/08/10 20:45:47:INFO:AcceptLoop:pthread_create:thread_id=24288176
<24288176>2007/08/10 20:45:47:INFO:RecvLoop:start:acc=6
<24288176>2007/08/10 20:45:47:DEBUG:RecvLoop:RecvOneLine_2:#Name=wlSyncTest,EUC
<24288176>2007/08/10 20:45:47:INFO:CheckRecvData:td.acc=6,data=#Name=wlSyncTest,EUC
<24288176>2007/08/10 20:45:47:INFO:DoName:workfile=./wlSyncC.work/0000000024288176
<24288176>2007/08/10 20:45:47:DEBUG:DoName:RecvOneLine_2:F:1186745685,4,0,file1.txt
<24288176>2007/08/10 20:45:47:INFO:DoName:RecvOneLine_2:#End
<24288176>2007/08/10 20:45:47:DEBUG:SendToRemote:acc=6,data=#OK

<24288176>2007/08/10 20:45:47:DEBUG:SyncData:acc=6
<24288176>2007/08/10 20:45:47:DEBUG:CheckEraseData:targetNo=0,mptr=b7fff014,mapEnd=b7fff035,code=EUC
<24288176>2007/08/10 20:45:47:INFO:CheckEraseOneFolder:tpath=./RecvData/,path=,mptr=b7fff014,tend=b7fff030,code=EUC
<24288176>2007/08/10 20:45:47:ERR:SyncOneFolder:acc=6,targetNo=0,code=EUC,*mptr=b7fff014,mapEnd=b7fff035
<24288176>2007/08/10 20:45:47:DEBUG:MakeTargetFolder:targetNo=0
<24288176>2007/08/10 20:45:47:DEBUG:SyncOneFolder:F:1186745685,4,0,file1.txt
<24288176>2007/08/10 20:45:47:DEBUG:SyncOneFolder_F:acc=6,targetNo=0,code=EUC,stime=1186745685,ssize=4,sdigest=0,path=file1.txt
<24288176>2007/08/10 20:45:47:DEBUG:SyncOneFolder_F:./RecvData//file1.txt
<24288176>2007/08/10 20:45:47:INFO:SyncOneFolder_F:./RecvData//file1.txt:stat=-1:Get
<24288176>2007/08/10 20:45:47:INFO:GetOneFile:acc=6,targetNo=0,code=EUC,path=file1.txt
<24288176>2007/08/10 20:45:47:DEBUG:GetOneFile:buf=#Get=wlSyncTest,file1.txt

<24288176>2007/08/10 20:45:47:DEBUG:SendToRemote:acc=6,data=#Get=wlSyncTest,file1.txt

<24288176>2007/08/10 20:45:47:DEBUG:GetOneFile:RecvOneLine_2:#Size=4,0
<24288176>2007/08/10 20:45:47:DEBUG:GetOneFile:fopen:./RecvData//file1.txt
<24288176>2007/08/10 20:45:47:DEBUG:lockf(lock)=0
<24288176>2007/08/10 20:45:47:DEBUG:GetOneFile:size=4
<24288176>2007/08/10 20:45:47:DEBUG:GetOneFile:RecvTimeoutPoll=4
<24288176>2007/08/10 20:45:47:DEBUG:GetOneFile:RecvOneLine_2:#Size=0,0
<24288176>2007/08/10 20:45:47:DEBUG:GetOneFile:size=0
<24288176>2007/08/10 20:45:47:DEBUG:GetOneFile:size=0:end
<24288176>2007/08/10 20:45:47:DEBUG:lockf(unlock)=0
<24288176>2007/08/10 20:45:47:DEBUG:GetOneFile:Success
<24288176>2007/08/10 20:45:47:ERR:SyncOneFolder:normal end
<24288176>2007/08/10 20:45:47:INFO:RecvLoop:end
<3086874304>2007/08/10 20:50:06:ERR:ending:sig=2
<3086874304>2007/08/10 20:51:32:INFO:ParamLogOut:VERSION_STRING=1.0.0
<3086874304>2007/08/10 20:51:32:INFO:ParamLogOut:TargetFolderCnt=1
<3086874304>2007/08/10 20:51:32:INFO:ParamLogOut:TargetFolder0=wlSyncTest,./RecvData/
<3086874304>2007/08/10 20:51:32:INFO:ParamLogOut:Port=56000
<3086874304>2007/08/10 20:51:32:INFO:ParamLogOut:RecvTimeout=5
<3086874304>2007/08/10 20:51:32:INFO:ParamLogOut:UseDigest=0
<3086874304>2007/08/10 20:51:32:INFO:ParamLogOut:LogPath=./
<3086874304>2007/08/10 20:51:32:INFO:ParamLogOut:LogLevel=7
<3086874304>2007/08/10 20:51:32:INFO:ParamLogOut:StderrOut=1
<3086874304>2007/08/10 20:51:32:INFO:ParamLogOut:VersionFilePath=./wlSyncC.ver
<3086874304>2007/08/10 20:51:32:INFO:ParamLogOut:WorkFilePath=./wlSyncC.work
<3086874304>2007/08/10 20:51:32:INFO:ParamLogOut:DeleteFlag=1
<3086874304>2007/08/10 20:51:32:INFO:sock2.c:ServerSocketNew:listen to :: 56000
<3086874304>2007/08/10 20:51:32:INFO:sock2.c:ServerSocketNew:listen to 0.0.0.0 56000
<3086874304>2007/08/10 20:51:32:DEBUG:MakeVersionFile:./wlSyncC.ver
<3086874304>2007/08/10 20:51:32:INFO:main:wlSyncC:ready
<3086874304>2007/08/10 20:51:32:DEBUG:AcceptLoop:s_no=2
<3086874304>2007/08/10 20:52:05:INFO:AcceptLoop:accept(1):192.168.68.128:32796
<3086874304>2007/08/10 20:52:05:INFO:AcceptLoop:pthread_create:thread_id=24288176
<24288176>2007/08/10 20:52:05:INFO:RecvLoop:start:acc=6
<24288176>2007/08/10 20:52:05:DEBUG:RecvLoop:RecvOneLine_2:#Name=wlSyncTest,EUC
<24288176>2007/08/10 20:52:05:INFO:CheckRecvData:td.acc=6,data=#Name=wlSyncTest,EUC
<24288176>2007/08/10 20:52:05:INFO:DoName:workfile=./wlSyncC.work/0000000024288176
<24288176>2007/08/10 20:52:05:DEBUG:DoName:RecvOneLine_2:F:1186745685,4,0,file1.txt
<24288176>2007/08/10 20:52:05:INFO:DoName:RecvOneLine_2:#End
<24288176>2007/08/10 20:52:05:DEBUG:SendToRemote:acc=6,data=#OK

<24288176>2007/08/10 20:52:05:DEBUG:SyncData:acc=6
<24288176>2007/08/10 20:52:05:DEBUG:CheckEraseData:targetNo=0,mptr=b7fff014,mapEnd=b7fff035,code=EUC
<24288176>2007/08/10 20:52:05:INFO:CheckEraseOneFolder:tpath=./RecvData/,path=,mptr=b7fff014,tend=b7fff030,code=EUC
<24288176>2007/08/10 20:52:05:INFO:CheckEraseOneFolder:fullpath=./RecvData/file1.txt
<24288176>2007/08/10 20:52:05:DEBUG:SearchOne:d_f=F,spath=file1.txt,mptr=b7fff014,tend=b7fff030,code=EUC
<24288176>2007/08/10 20:52:05:DEBUG:SearchOne:spath=file1.txt
<24288176>2007/08/10 20:52:05:DEBUG:SearchOne:file1.txt:file1.txt
<24288176>2007/08/10 20:52:05:DEBUG:SearchOne:F,file1.txt:1
<24288176>2007/08/10 20:52:05:ERR:SyncOneFolder:acc=6,targetNo=0,code=EUC,*mptr=b7fff014,mapEnd=b7fff035
<24288176>2007/08/10 20:52:05:DEBUG:MakeTargetFolder:targetNo=0
<24288176>2007/08/10 20:52:05:DEBUG:SyncOneFolder:F:1186745685,4,0,file1.txt
<24288176>2007/08/10 20:52:05:DEBUG:SyncOneFolder_F:acc=6,targetNo=0,code=EUC,stime=1186745685,ssize=4,sdigest=0,path=file1.txt
<24288176>2007/08/10 20:52:05:DEBUG:SyncOneFolder_F:./RecvData//file1.txt
<24288176>2007/08/10 20:52:05:INFO:SyncOneFolder_F:./RecvData//file1.txt:exists
<24288176>2007/08/10 20:52:05:ERR:SyncOneFolder:normal end
<24288176>2007/08/10 20:52:05:INFO:RecvLoop:end
<3086874304>2007/08/10 20:57:18:INFO:AcceptLoop:accept(1):192.168.68.128:32797
<3086874304>2007/08/10 20:57:18:INFO:AcceptLoop:pthread_create:thread_id=24288176
<24288176>2007/08/10 20:57:18:INFO:RecvLoop:start:acc=6
<24288176>2007/08/10 20:57:18:DEBUG:RecvLoop:RecvOneLine_2:#Name=wlSyncTest,EUC
<24288176>2007/08/10 20:57:18:INFO:CheckRecvData:td.acc=6,data=#Name=wlSyncTest,EUC
<24288176>2007/08/10 20:57:18:INFO:DoName:workfile=./wlSyncC.work/0000000024288176
<24288176>2007/08/10 20:57:18:DEBUG:DoName:RecvOneLine_2:F:1186746992,8,0,file1.txt
<24288176>2007/08/10 20:57:18:INFO:DoName:RecvOneLine_2:#End
<24288176>2007/08/10 20:57:18:DEBUG:SendToRemote:acc=6,data=#OK

<24288176>2007/08/10 20:57:18:DEBUG:SyncData:acc=6
<24288176>2007/08/10 20:57:18:DEBUG:CheckEraseData:targetNo=0,mptr=b7fff014,mapEnd=b7fff035,code=EUC
<24288176>2007/08/10 20:57:18:INFO:CheckEraseOneFolder:tpath=./RecvData/,path=,mptr=b7fff014,tend=b7fff030,code=EUC
<24288176>2007/08/10 20:57:18:INFO:CheckEraseOneFolder:fullpath=./RecvData/file1.txt
<24288176>2007/08/10 20:57:18:DEBUG:SearchOne:d_f=F,spath=file1.txt,mptr=b7fff014,tend=b7fff030,code=EUC
<24288176>2007/08/10 20:57:18:DEBUG:SearchOne:spath=file1.txt
<24288176>2007/08/10 20:57:18:DEBUG:SearchOne:file1.txt:file1.txt
<24288176>2007/08/10 20:57:18:DEBUG:SearchOne:F,file1.txt:1
<24288176>2007/08/10 20:57:18:ERR:SyncOneFolder:acc=6,targetNo=0,code=EUC,*mptr=b7fff014,mapEnd=b7fff035
<24288176>2007/08/10 20:57:18:DEBUG:MakeTargetFolder:targetNo=0
<24288176>2007/08/10 20:57:18:DEBUG:SyncOneFolder:F:1186746992,8,0,file1.txt
<24288176>2007/08/10 20:57:18:DEBUG:SyncOneFolder_F:acc=6,targetNo=0,code=EUC,stime=1186746992,ssize=8,sdigest=0,path=file1.txt
<24288176>2007/08/10 20:57:18:DEBUG:SyncOneFolder_F:./RecvData//file1.txt
<24288176>2007/08/10 20:57:18:INFO:SyncOneFolder_F:./RecvData//file1.txt:st.st_size(4)!=size(8):Get
<24288176>2007/08/10 20:57:18:INFO:GetOneFile:acc=6,targetNo=0,code=EUC,path=file1.txt
<24288176>2007/08/10 20:57:18:DEBUG:GetOneFile:buf=#Get=wlSyncTest,file1.txt

<24288176>2007/08/10 20:57:18:DEBUG:SendToRemote:acc=6,data=#Get=wlSyncTest,file1.txt

<24288176>2007/08/10 20:57:18:DEBUG:GetOneFile:RecvOneLine_2:#Size=8,0
<24288176>2007/08/10 20:57:18:DEBUG:GetOneFile:fopen:./RecvData//file1.txt
<24288176>2007/08/10 20:57:18:DEBUG:lockf(lock)=0
<24288176>2007/08/10 20:57:18:DEBUG:GetOneFile:size=8
<24288176>2007/08/10 20:57:18:DEBUG:GetOneFile:RecvTimeoutPoll=8
<24288176>2007/08/10 20:57:18:DEBUG:GetOneFile:RecvOneLine_2:#Size=0,0
<24288176>2007/08/10 20:57:18:DEBUG:GetOneFile:size=0
<24288176>2007/08/10 20:57:18:DEBUG:GetOneFile:size=0:end
<24288176>2007/08/10 20:57:18:DEBUG:lockf(unlock)=0
<24288176>2007/08/10 20:57:18:DEBUG:GetOneFile:Success
<24288176>2007/08/10 20:57:18:ERR:SyncOneFolder:normal end
<24288176>2007/08/10 20:57:18:INFO:RecvLoop:end
<3086874304>2007/08/10 21:00:34:INFO:AcceptLoop:accept(1):192.168.68.128:32798
<3086874304>2007/08/10 21:00:34:INFO:AcceptLoop:pthread_create:thread_id=24288176
<24288176>2007/08/10 21:00:34:INFO:RecvLoop:start:acc=6
<24288176>2007/08/10 21:00:34:DEBUG:RecvLoop:RecvOneLine_2:#Name=wlSyncTest,EUC
<24288176>2007/08/10 21:00:34:INFO:CheckRecvData:td.acc=6,data=#Name=wlSyncTest,EUC
<24288176>2007/08/10 21:00:34:INFO:DoName:workfile=./wlSyncC.work/0000000024288176
<24288176>2007/08/10 21:00:34:DEBUG:DoName:RecvOneLine_2:F:1186747158,4,0,file2.txt
<24288176>2007/08/10 21:00:34:INFO:DoName:RecvOneLine_2:#End
<24288176>2007/08/10 21:00:34:DEBUG:SendToRemote:acc=6,data=#OK

<24288176>2007/08/10 21:00:34:DEBUG:SyncData:acc=6
<24288176>2007/08/10 21:00:34:DEBUG:CheckEraseData:targetNo=0,mptr=b7fff014,mapEnd=b7fff035,code=EUC
<24288176>2007/08/10 21:00:34:INFO:CheckEraseOneFolder:tpath=./RecvData/,path=,mptr=b7fff014,tend=b7fff030,code=EUC
<24288176>2007/08/10 21:00:34:INFO:CheckEraseOneFolder:fullpath=./RecvData/file1.txt
<24288176>2007/08/10 21:00:34:DEBUG:SearchOne:d_f=F,spath=file1.txt,mptr=b7fff014,tend=b7fff030,code=EUC
<24288176>2007/08/10 21:00:34:DEBUG:SearchOne:spath=file1.txt
<24288176>2007/08/10 21:00:34:DEBUG:SearchOne:file2.txt:file1.txt
<24288176>2007/08/10 21:00:34:DEBUG:SearchOne:F,file1.txt:0
<24288176>2007/08/10 21:00:34:DEBUG:DoDelete:fullpath=./RecvData/file1.txt
<24288176>2007/08/10 21:00:34:INFO:DoDelete:rm -rf './RecvData/file1.txt'
<24288176>2007/08/10 21:00:34:ERR:SyncOneFolder:acc=6,targetNo=0,code=EUC,*mptr=b7fff014,mapEnd=b7fff035
<24288176>2007/08/10 21:00:34:DEBUG:MakeTargetFolder:targetNo=0
<24288176>2007/08/10 21:00:34:DEBUG:SyncOneFolder:F:1186747158,4,0,file2.txt
<24288176>2007/08/10 21:00:34:DEBUG:SyncOneFolder_F:acc=6,targetNo=0,code=EUC,stime=1186747158,ssize=4,sdigest=0,path=file2.txt
<24288176>2007/08/10 21:00:34:DEBUG:SyncOneFolder_F:./RecvData//file2.txt
<24288176>2007/08/10 21:00:34:INFO:SyncOneFolder_F:./RecvData//file2.txt:stat=-1:Get
<24288176>2007/08/10 21:00:34:INFO:GetOneFile:acc=6,targetNo=0,code=EUC,path=file2.txt
<24288176>2007/08/10 21:00:34:DEBUG:GetOneFile:buf=#Get=wlSyncTest,file2.txt

<24288176>2007/08/10 21:00:34:DEBUG:SendToRemote:acc=6,data=#Get=wlSyncTest,file2.txt

<24288176>2007/08/10 21:00:34:DEBUG:GetOneFile:RecvOneLine_2:#Size=4,0
<24288176>2007/08/10 21:00:34:DEBUG:GetOneFile:fopen:./RecvData//file2.txt
<24288176>2007/08/10 21:00:34:DEBUG:lockf(lock)=0
<24288176>2007/08/10 21:00:34:DEBUG:GetOneFile:size=4
<24288176>2007/08/10 21:00:34:DEBUG:GetOneFile:RecvTimeoutPoll=4
<24288176>2007/08/10 21:00:34:DEBUG:GetOneFile:RecvOneLine_2:#Size=0,0
<24288176>2007/08/10 21:00:34:DEBUG:GetOneFile:size=0
<24288176>2007/08/10 21:00:34:DEBUG:GetOneFile:size=0:end
<24288176>2007/08/10 21:00:34:DEBUG:lockf(unlock)=0
<24288176>2007/08/10 21:00:34:DEBUG:GetOneFile:Success
<24288176>2007/08/10 21:00:34:ERR:SyncOneFolder:normal end
<24288176>2007/08/10 21:00:34:INFO:RecvLoop:end
<3086874304>2007/08/20 16:20:11:INFO:ParamLogOut:VERSION_STRING=1.0.0
<3086874304>2007/08/20 16:20:11:INFO:ParamLogOut:TargetFolderCnt=1
<3086874304>2007/08/20 16:20:11:INFO:ParamLogOut:TargetFolder0=wlSyncTest,./RecvData/
<3086874304>2007/08/20 16:20:11:INFO:ParamLogOut:Port=56000
<3086874304>2007/08/20 16:20:11:INFO:ParamLogOut:RecvTimeout=5
<3086874304>2007/08/20 16:20:11:INFO:ParamLogOut:UseDigest=0
<3086874304>2007/08/20 16:20:11:INFO:ParamLogOut:LogPath=./
<3086874304>2007/08/20 16:20:11:INFO:ParamLogOut:LogLevel=7
<3086874304>2007/08/20 16:20:11:INFO:ParamLogOut:StderrOut=1
<3086874304>2007/08/20 16:20:11:INFO:ParamLogOut:VersionFilePath=./wlSyncC.ver
<3086874304>2007/08/20 16:20:11:INFO:ParamLogOut:WorkFilePath=./wlSyncC.work
<3086874304>2007/08/20 16:20:11:INFO:ParamLogOut:DeleteFlag=1
<3086874304>2007/08/20 16:20:11:INFO:sock2.c:ServerSocketNew:listen to :: 56000
<3086874304>2007/08/20 16:20:11:INFO:sock2.c:ServerSocketNew:listen to 0.0.0.0 56000
<3086874304>2007/08/20 16:20:11:DEBUG:MakeVersionFile:./wlSyncC.ver
<3086874304>2007/08/20 16:20:11:INFO:main:wlSyncC:ready
<3086874304>2007/08/20 16:20:11:DEBUG:AcceptLoop:s_no=2
<3086874304>2007/08/20 16:20:20:ERR:endingFunc:sig=2
<3086874304>2007/08/20 16:20:25:INFO:ParamLogOut:VERSION_STRING=1.0.0
<3086874304>2007/08/20 16:20:25:INFO:ParamLogOut:TargetFolderCnt=1
<3086874304>2007/08/20 16:20:25:INFO:ParamLogOut:TargetFolder0=wlSyncTest,./RecvData/
<3086874304>2007/08/20 16:20:25:INFO:ParamLogOut:Port=56000
<3086874304>2007/08/20 16:20:25:INFO:ParamLogOut:RecvTimeout=5
<3086874304>2007/08/20 16:20:25:INFO:ParamLogOut:UseDigest=0
<3086874304>2007/08/20 16:20:25:INFO:ParamLogOut:LogPath=./
<3086874304>2007/08/20 16:20:25:INFO:ParamLogOut:LogLevel=7
<3086874304>2007/08/20 16:20:25:INFO:ParamLogOut:StderrOut=1
<3086874304>2007/08/20 16:20:25:INFO:ParamLogOut:VersionFilePath=./wlSyncC.ver
<3086874304>2007/08/20 16:20:25:INFO:ParamLogOut:WorkFilePath=./wlSyncC.work
<3086874304>2007/08/20 16:20:25:INFO:ParamLogOut:DeleteFlag=1
<3086874304>2007/08/20 16:20:25:INFO:sock2.c:ServerSocketNew:listen to :: 56000
<3086874304>2007/08/20 16:20:25:INFO:sock2.c:ServerSocketNew:listen to 0.0.0.0 56000
<3086874304>2007/08/20 16:20:25:DEBUG:MakeVersionFile:./wlSyncC.ver
<3086874304>2007/08/20 16:20:25:INFO:main:wlSyncC:ready
<3086874304>2007/08/20 16:20:25:DEBUG:AcceptLoop:s_no=2
<3086874304>2007/08/20 16:20:27:ERR:endingFunc:sig=2
<3086874304>2007/08/20 16:20:29:INFO:ParamLogOut:VERSION_STRING=1.0.0
<3086874304>2007/08/20 16:20:29:INFO:ParamLogOut:TargetFolderCnt=1
<3086874304>2007/08/20 16:20:29:INFO:ParamLogOut:TargetFolder0=wlSyncTest,./RecvData/
<3086874304>2007/08/20 16:20:29:INFO:ParamLogOut:Port=56000
<3086874304>2007/08/20 16:20:29:INFO:ParamLogOut:RecvTimeout=5
<3086874304>2007/08/20 16:20:29:INFO:ParamLogOut:UseDigest=0
<3086874304>2007/08/20 16:20:29:INFO:ParamLogOut:LogPath=./
<3086874304>2007/08/20 16:20:29:INFO:ParamLogOut:LogLevel=7
<3086874304>2007/08/20 16:20:29:INFO:ParamLogOut:StderrOut=1
<3086874304>2007/08/20 16:20:29:INFO:ParamLogOut:VersionFilePath=./wlSyncC.ver
<3086874304>2007/08/20 16:20:29:INFO:ParamLogOut:WorkFilePath=./wlSyncC.work
<3086874304>2007/08/20 16:20:29:INFO:ParamLogOut:DeleteFlag=1
<3086874304>2007/08/20 16:20:29:INFO:sock2.c:ServerSocketNew:listen to :: 56000
<3086874304>2007/08/20 16:20:29:INFO:sock2.c:ServerSocketNew:listen to 0.0.0.0 56000
<3086874304>2007/08/20 16:20:29:DEBUG:MakeVersionFile:./wlSyncC.ver
<3086874304>2007/08/20 16:20:29:INFO:main:wlSyncC:ready
<3086874304>2007/08/20 16:20:29:DEBUG:AcceptLoop:s_no=2
<3086874304>2007/08/20 16:20:31:INFO:AcceptLoop:accept(1):192.168.68.128:33336
<3086874304>2007/08/20 16:20:31:INFO:AcceptLoop:pthread_create:thread_id=24288176
<24288176>2007/08/20 16:20:31:INFO:RecvLoop:start:acc=6
<24288176>2007/08/20 16:20:31:DEBUG:RecvLoop:RecvOneLine_2:#Name=wlSyncTest,EUC
<24288176>2007/08/20 16:20:31:INFO:CheckRecvData:td.acc=6,data=#Name=wlSyncTest,EUC
<24288176>2007/08/20 16:20:31:INFO:DoName:workfile=./wlSyncC.work/0000000024288176
<24288176>2007/08/20 16:20:31:DEBUG:DoName:RecvOneLine_2:F:1186747158,4,0,file2.txt
<24288176>2007/08/20 16:20:31:INFO:DoName:RecvOneLine_2:#End
<24288176>2007/08/20 16:20:31:DEBUG:SendToRemote:acc=6,data=#OK

<24288176>2007/08/20 16:20:31:DEBUG:SyncData:acc=6
<24288176>2007/08/20 16:20:31:DEBUG:CheckEraseData:targetNo=0,mptr=b7fff014,mapEnd=b7fff035,code=EUC
<24288176>2007/08/20 16:20:31:INFO:CheckEraseOneFolder:tpath=./RecvData/,path=,mptr=b7fff014,tend=b7fff030,code=EUC
<24288176>2007/08/20 16:20:31:INFO:CheckEraseOneFolder:fullpath=./RecvData/file2.txt
<24288176>2007/08/20 16:20:31:DEBUG:SearchOne:d_f=F,spath=file2.txt,mptr=b7fff014,tend=b7fff030,code=EUC
<24288176>2007/08/20 16:20:31:DEBUG:SearchOne:spath=file2.txt
<24288176>2007/08/20 16:20:31:DEBUG:SearchOne:file2.txt:file2.txt
<24288176>2007/08/20 16:20:31:DEBUG:SearchOne:F,file2.txt:1
<24288176>2007/08/20 16:20:31:ERR:SyncOneFolder:acc=6,targetNo=0,code=EUC,*mptr=b7fff014,mapEnd=b7fff035
<24288176>2007/08/20 16:20:31:DEBUG:MakeTargetFolder:targetNo=0
<24288176>2007/08/20 16:20:31:DEBUG:SyncOneFolder:F:1186747158,4,0,file2.txt
<24288176>2007/08/20 16:20:31:DEBUG:SyncOneFolder_F:acc=6,targetNo=0,code=EUC,stime=1186747158,ssize=4,sdigest=0,path=file2.txt
<24288176>2007/08/20 16:20:31:DEBUG:SyncOneFolder_F:./RecvData//file2.txt
<24288176>2007/08/20 16:20:31:INFO:SyncOneFolder_F:./RecvData//file2.txt:exists
<24288176>2007/08/20 16:20:31:ERR:SyncOneFolder:normal end
<24288176>2007/08/20 16:20:31:INFO:RecvLoop:end
<3086874304>2007/08/20 16:20:36:INFO:AcceptLoop:accept(1):192.168.68.128:33337
<3086874304>2007/08/20 16:20:36:INFO:AcceptLoop:pthread_create:thread_id=24288176
<24288176>2007/08/20 16:20:36:INFO:RecvLoop:start:acc=6
<24288176>2007/08/20 16:20:36:DEBUG:RecvLoop:RecvOneLine_2:#Name=wlSyncTest,EUC
<24288176>2007/08/20 16:20:36:INFO:CheckRecvData:td.acc=6,data=#Name=wlSyncTest,EUC
<24288176>2007/08/20 16:20:36:INFO:DoName:workfile=./wlSyncC.work/0000000024288176
<24288176>2007/08/20 16:20:36:DEBUG:DoName:RecvOneLine_2:F:1186747158,4,0,file2.txt
<24288176>2007/08/20 16:20:36:INFO:DoName:RecvOneLine_2:#End
<24288176>2007/08/20 16:20:36:DEBUG:SendToRemote:acc=6,data=#OK

<24288176>2007/08/20 16:20:36:DEBUG:SyncData:acc=6
<24288176>2007/08/20 16:20:36:DEBUG:CheckEraseData:targetNo=0,mptr=b7fff014,mapEnd=b7fff035,code=EUC
<24288176>2007/08/20 16:20:36:INFO:CheckEraseOneFolder:tpath=./RecvData/,path=,mptr=b7fff014,tend=b7fff030,code=EUC
<24288176>2007/08/20 16:20:36:INFO:CheckEraseOneFolder:fullpath=./RecvData/file2.txt
<24288176>2007/08/20 16:20:36:DEBUG:SearchOne:d_f=F,spath=file2.txt,mptr=b7fff014,tend=b7fff030,code=EUC
<24288176>2007/08/20 16:20:36:DEBUG:SearchOne:spath=file2.txt
<24288176>2007/08/20 16:20:36:DEBUG:SearchOne:file2.txt:file2.txt
<24288176>2007/08/20 16:20:36:DEBUG:SearchOne:F,file2.txt:1
<24288176>2007/08/20 16:20:36:ERR:SyncOneFolder:acc=6,targetNo=0,code=EUC,*mptr=b7fff014,mapEnd=b7fff035
<24288176>2007/08/20 16:20:36:DEBUG:MakeTargetFolder:targetNo=0
<24288176>2007/08/20 16:20:36:DEBUG:SyncOneFolder:F:1186747158,4,0,file2.txt
<24288176>2007/08/20 16:20:36:DEBUG:SyncOneFolder_F:acc=6,targetNo=0,code=EUC,stime=1186747158,ssize=4,sdigest=0,path=file2.txt
<24288176>2007/08/20 16:20:36:DEBUG:SyncOneFolder_F:./RecvData//file2.txt
<24288176>2007/08/20 16:20:36:INFO:SyncOneFolder_F:./RecvData//file2.txt:exists
<24288176>2007/08/20 16:20:36:ERR:SyncOneFolder:normal end
<24288176>2007/08/20 16:20:36:INFO:RecvLoop:end
<3086874304>2007/08/20 16:20:55:INFO:AcceptLoop:accept(1):192.168.68.128:33338
<3086874304>2007/08/20 16:20:55:INFO:AcceptLoop:pthread_create:thread_id=24288176
<24288176>2007/08/20 16:20:55:INFO:RecvLoop:start:acc=6
<24288176>2007/08/20 16:20:55:DEBUG:RecvLoop:RecvOneLine_2:#Name=wlSyncTest,EUC
<24288176>2007/08/20 16:20:55:INFO:CheckRecvData:td.acc=6,data=#Name=wlSyncTest,EUC
<24288176>2007/08/20 16:20:55:INFO:DoName:workfile=./wlSyncC.work/0000000024288176
<24288176>2007/08/20 16:20:55:DEBUG:DoName:RecvOneLine_2:F:1186747158,4,0,file2.txt
<24288176>2007/08/20 16:20:55:INFO:DoName:RecvOneLine_2:#End
<24288176>2007/08/20 16:20:55:DEBUG:SendToRemote:acc=6,data=#OK

<24288176>2007/08/20 16:20:55:DEBUG:SyncData:acc=6
<24288176>2007/08/20 16:20:55:DEBUG:CheckEraseData:targetNo=0,mptr=b7fff014,mapEnd=b7fff035,code=EUC
<24288176>2007/08/20 16:20:55:INFO:CheckEraseOneFolder:tpath=./RecvData/,path=,mptr=b7fff014,tend=b7fff030,code=EUC
<24288176>2007/08/20 16:20:55:INFO:CheckEraseOneFolder:fullpath=./RecvData/file2.txt
<24288176>2007/08/20 16:20:55:DEBUG:SearchOne:d_f=F,spath=file2.txt,mptr=b7fff014,tend=b7fff030,code=EUC
<24288176>2007/08/20 16:20:55:DEBUG:SearchOne:spath=file2.txt
<24288176>2007/08/20 16:20:55:DEBUG:SearchOne:file2.txt:file2.txt
<24288176>2007/08/20 16:20:55:DEBUG:SearchOne:F,file2.txt:1
<24288176>2007/08/20 16:20:55:ERR:SyncOneFolder:acc=6,targetNo=0,code=EUC,*mptr=b7fff014,mapEnd=b7fff035
<24288176>2007/08/20 16:20:55:DEBUG:MakeTargetFolder:targetNo=0
<24288176>2007/08/20 16:20:55:DEBUG:SyncOneFolder:F:1186747158,4,0,file2.txt
<24288176>2007/08/20 16:20:55:DEBUG:SyncOneFolder_F:acc=6,targetNo=0,code=EUC,stime=1186747158,ssize=4,sdigest=0,path=file2.txt
<24288176>2007/08/20 16:20:55:DEBUG:SyncOneFolder_F:./RecvData//file2.txt
<24288176>2007/08/20 16:20:55:INFO:SyncOneFolder_F:./RecvData//file2.txt:exists
<24288176>2007/08/20 16:20:55:ERR:SyncOneFolder:normal end
<24288176>2007/08/20 16:20:55:INFO:RecvLoop:end
<3086874304>2007/08/20 16:21:27:ERR:endingFunc:sig=2
<16384>2007/08/28 13:21:14:INFO:ParamLogOut:VERSION_STRING=1.0.0
<16384>2007/08/28 13:21:14:INFO:ParamLogOut:TargetFolderCnt=1
<16384>2007/08/28 13:21:14:INFO:ParamLogOut:TargetFolder0=wlSyncTest,./RecvData/
<16384>2007/08/28 13:21:14:INFO:ParamLogOut:Port=56000
<16384>2007/08/28 13:21:14:INFO:ParamLogOut:RecvTimeout=5
<16384>2007/08/28 13:21:14:INFO:ParamLogOut:UseDigest=0
<16384>2007/08/28 13:21:14:INFO:ParamLogOut:LogPath=./
<16384>2007/08/28 13:21:14:INFO:ParamLogOut:LogLevel=7
<16384>2007/08/28 13:21:14:INFO:ParamLogOut:StderrOut=1
<16384>2007/08/28 13:21:14:INFO:ParamLogOut:VersionFilePath=./wlSyncC.ver
<16384>2007/08/28 13:21:14:INFO:ParamLogOut:WorkFilePath=./wlSyncC.work
<16384>2007/08/28 13:21:14:INFO:ParamLogOut:DeleteFlag=1
<16384>2007/08/28 13:21:14:ERR:sock2.c:ServerSocketNew:no socket to listen to
<16384>2007/08/28 13:21:14:ERR:main:ServerSocketNew(56000):error
<16384>2007/08/28 13:21:45:INFO:ParamLogOut:VERSION_STRING=1.0.0
<16384>2007/08/28 13:21:45:INFO:ParamLogOut:TargetFolderCnt=1
<16384>2007/08/28 13:21:45:INFO:ParamLogOut:TargetFolder0=wlSyncTest,./RecvData/
<16384>2007/08/28 13:21:45:INFO:ParamLogOut:Port=56001
<16384>2007/08/28 13:21:45:INFO:ParamLogOut:RecvTimeout=5
<16384>2007/08/28 13:21:45:INFO:ParamLogOut:UseDigest=0
<16384>2007/08/28 13:21:45:INFO:ParamLogOut:LogPath=./
<16384>2007/08/28 13:21:45:INFO:ParamLogOut:LogLevel=7
<16384>2007/08/28 13:21:45:INFO:ParamLogOut:StderrOut=1
<16384>2007/08/28 13:21:45:INFO:ParamLogOut:VersionFilePath=./wlSyncC.ver
<16384>2007/08/28 13:21:45:INFO:ParamLogOut:WorkFilePath=./wlSyncC.work
<16384>2007/08/28 13:21:45:INFO:ParamLogOut:DeleteFlag=1
<16384>2007/08/28 13:21:45:INFO:sock2.c:ServerSocketNew:listen to 0.0.0.0 56001
<16384>2007/08/28 13:21:45:DEBUG:MakeVersionFile:./wlSyncC.ver
<16384>2007/08/28 13:21:45:INFO:main:wlSyncC:ready
<16384>2007/08/28 13:21:45:DEBUG:AcceptLoop:s_no=1
<16384>2007/08/28 13:22:10:ERR:endingFunc:sig=2
<139725333051136>2016/11/17 13:11:37:INFO:ParamLogOut:VERSION_STRING=1.0.0
<139725333051136>2016/11/17 13:11:37:INFO:ParamLogOut:TargetFolderCnt=1
<139725333051136>2016/11/17 13:11:37:INFO:ParamLogOut:TargetFolder0=wlSyncTest,./RecvData/
<139725333051136>2016/11/17 13:11:37:INFO:ParamLogOut:Port=56000
<139725333051136>2016/11/17 13:11:37:INFO:ParamLogOut:RecvTimeout=5
<139725333051136>2016/11/17 13:11:37:INFO:ParamLogOut:UseDigest=0
<139725333051136>2016/11/17 13:11:37:INFO:ParamLogOut:LogPath=./
<139725333051136>2016/11/17 13:11:37:INFO:ParamLogOut:LogLevel=7
<139725333051136>2016/11/17 13:11:37:INFO:ParamLogOut:StderrOut=1
<139725333051136>2016/11/17 13:11:37:INFO:ParamLogOut:VersionFilePath=./wlSyncC.ver
<139725333051136>2016/11/17 13:11:37:INFO:ParamLogOut:WorkFilePath=./wlSyncC.work
<139725333051136>2016/11/17 13:11:37:INFO:ParamLogOut:DeleteFlag=1
<139725333051136>2016/11/17 13:11:37:INFO:sock2.c:ServerSocketNew:listen to 0.0.0.0 56000
<139725333051136>2016/11/17 13:11:37:INFO:sock2.c:ServerSocketNew:listen to :: 56000
<139725333051136>2016/11/17 13:11:37:DEBUG:MakeVersionFile:./wlSyncC.ver
<139725333051136>2016/11/17 13:11:37:INFO:main:wlSyncC:ready
<139725333051136>2016/11/17 13:11:37:DEBUG:AcceptLoop:s_no=2
<139725333051136>2016/11/17 13:13:38:INFO:AcceptLoop:accept(0):130.158.64.37:58312
<139725333051136>2016/11/17 13:13:38:INFO:AcceptLoop:pthread_create:thread_id=1448752896
<139725324826368>2016/11/17 13:13:38:INFO:RecvLoop:start:acc=6
<139725324826368>2016/11/17 13:13:38:DEBUG:RecvLoop:RecvOneLine_2:#Name=wlSyncTest,EUC
<139725324826368>2016/11/17 13:13:38:INFO:CheckRecvData:td.acc=6,data=#Name=wlSyncTest,EUC
<139725324826368>2016/11/17 13:13:38:INFO:DoName:workfile=./wlSyncC.work/0139725324826368
<139725324826368>2016/11/17 13:13:38:DEBUG:DoName:RecvOneLine_2:F:1186747158,4,0,file2.txt
<139725324826368>2016/11/17 13:13:38:INFO:DoName:RecvOneLine_2:#End
<139725324826368>2016/11/17 13:13:38:DEBUG:SendToRemote:acc=6,data=#OK

<139725324826368>2016/11/17 13:13:38:DEBUG:SyncData:acc=6
<139725324826368>2016/11/17 13:13:38:DEBUG:CheckEraseData:targetNo=0,mptr=56d9e014,mapEnd=56d9e035,code=EUC
<139725324826368>2016/11/17 13:13:38:INFO:CheckEraseOneFolder:tpath=./RecvData/,path=,mptr=56d9e014,tend=56d9e030,code=EUC
<139725324826368>2016/11/17 13:13:38:INFO:CheckEraseOneFolder:fullpath=./RecvData/file2.txt
<139725324826368>2016/11/17 13:13:38:DEBUG:SearchOne:d_f=F,spath=file2.txt,mptr=56d9e014,tend=56d9e030,code=EUC
<139725324826368>2016/11/17 13:13:38:DEBUG:SearchOne:spath=file2.txt
<139725324826368>2016/11/17 13:13:38:DEBUG:SearchOne:file2.txt:file2.txt
<139725324826368>2016/11/17 13:13:38:DEBUG:SearchOne:F,file2.txt:1
<139725324826368>2016/11/17 13:13:38:ERR:SyncOneFolder:acc=6,targetNo=0,code=EUC,*mptr=56d9e014,mapEnd=56d9e035
<139725324826368>2016/11/17 13:13:38:DEBUG:MakeTargetFolder:targetNo=0
<139725324826368>2016/11/17 13:13:38:DEBUG:SyncOneFolder:F:1186747158,4,0,file2.txt
<139725324826368>2016/11/17 13:13:38:DEBUG:SyncOneFolder_F:acc=6,targetNo=0,code=EUC,stime=1186747158,ssize=4,sdigest=0,path=file2.txt
<139725324826368>2016/11/17 13:13:38:DEBUG:SyncOneFolder_F:./RecvData//file2.txt
<139725324826368>2016/11/17 13:13:38:INFO:SyncOneFolder_F:./RecvData//file2.txt:exists
<139725324826368>2016/11/17 13:13:38:ERR:SyncOneFolder:normal end
<139725324826368>2016/11/17 13:13:38:INFO:RecvLoop:end
<139725333051136>2016/11/17 13:14:23:ERR:endingFunc:sig=2
<140581829097216>2016/11/17 13:15:03:INFO:ParamLogOut:VERSION_STRING=1.0.0
<140581829097216>2016/11/17 13:15:03:INFO:ParamLogOut:TargetFolderCnt=1
<140581829097216>2016/11/17 13:15:03:INFO:ParamLogOut:TargetFolder0=wlSyncTest,./RecvData/
<140581829097216>2016/11/17 13:15:03:INFO:ParamLogOut:Port=56000
<140581829097216>2016/11/17 13:15:03:INFO:ParamLogOut:RecvTimeout=5
<140581829097216>2016/11/17 13:15:03:INFO:ParamLogOut:UseDigest=0
<140581829097216>2016/11/17 13:15:03:INFO:ParamLogOut:LogPath=./
<140581829097216>2016/11/17 13:15:03:INFO:ParamLogOut:LogLevel=7
<140581829097216>2016/11/17 13:15:03:INFO:ParamLogOut:StderrOut=1
<140581829097216>2016/11/17 13:15:03:INFO:ParamLogOut:VersionFilePath=./wlSyncC.ver
<140581829097216>2016/11/17 13:15:03:INFO:ParamLogOut:WorkFilePath=./wlSyncC.work
<140581829097216>2016/11/17 13:15:03:INFO:ParamLogOut:DeleteFlag=1
<140581829097216>2016/11/17 13:15:03:INFO:sock2.c:ServerSocketNew:listen to 0.0.0.0 56000
<140581829097216>2016/11/17 13:15:03:INFO:sock2.c:ServerSocketNew:listen to :: 56000
<140581829097216>2016/11/17 13:15:03:DEBUG:MakeVersionFile:./wlSyncC.ver
<140581829097216>2016/11/17 13:15:03:INFO:main:wlSyncC:ready
<140581829097216>2016/11/17 13:15:03:DEBUG:AcceptLoop:s_no=2
<140581829097216>2016/11/17 13:15:10:INFO:AcceptLoop:accept(0):130.158.64.37:58340
<140581829097216>2016/11/17 13:15:10:INFO:AcceptLoop:pthread_create:thread_id=3246307072
<140581820872448>2016/11/17 13:15:10:INFO:RecvLoop:start:acc=6
<140581820872448>2016/11/17 13:15:10:DEBUG:RecvLoop:RecvOneLine_2:#Name=wlSyncTest,EUC
<140581820872448>2016/11/17 13:15:10:INFO:CheckRecvData:td.acc=6,data=#Name=wlSyncTest,EUC
<140581820872448>2016/11/17 13:15:10:INFO:DoName:workfile=./wlSyncC.work/0140581820872448
<140581820872448>2016/11/17 13:15:10:DEBUG:DoName:RecvOneLine_2:F:1186747158,4,0,file2.txt
<140581820872448>2016/11/17 13:15:10:INFO:DoName:RecvOneLine_2:#End
<140581820872448>2016/11/17 13:15:10:DEBUG:SendToRemote:acc=6,data=#OK

<140581820872448>2016/11/17 13:15:10:DEBUG:SyncData:acc=6
<140581820872448>2016/11/17 13:15:10:DEBUG:CheckEraseData:targetNo=0,mptr=c1fe6014,mapEnd=c1fe6035,code=EUC
<140581820872448>2016/11/17 13:15:10:INFO:CheckEraseOneFolder:tpath=./RecvData/,path=,mptr=c1fe6014,tend=c1fe6030,code=EUC
<140581820872448>2016/11/17 13:15:10:ERR:SyncOneFolder:acc=6,targetNo=0,code=EUC,*mptr=c1fe6014,mapEnd=c1fe6035
<140581820872448>2016/11/17 13:15:10:DEBUG:MakeTargetFolder:targetNo=0
<140581820872448>2016/11/17 13:15:10:DEBUG:SyncOneFolder:F:1186747158,4,0,file2.txt
<140581820872448>2016/11/17 13:15:10:DEBUG:SyncOneFolder_F:acc=6,targetNo=0,code=EUC,stime=1186747158,ssize=4,sdigest=0,path=file2.txt
<140581820872448>2016/11/17 13:15:10:DEBUG:SyncOneFolder_F:./RecvData//file2.txt
<140581820872448>2016/11/17 13:15:10:INFO:SyncOneFolder_F:./RecvData//file2.txt:stat=-1:Get
<140581820872448>2016/11/17 13:15:10:INFO:GetOneFile:acc=6,targetNo=0,code=EUC,path=file2.txt
<140581820872448>2016/11/17 13:15:10:DEBUG:GetOneFile:buf=#Get=wlSyncTest,file2.txt

<140581820872448>2016/11/17 13:15:10:DEBUG:SendToRemote:acc=6,data=#Get=wlSyncTest,file2.txt

<140581820872448>2016/11/17 13:15:11:DEBUG:GetOneFile:RecvOneLine_2:#Size=4,0
<140581820872448>2016/11/17 13:15:11:DEBUG:GetOneFile:open:./RecvData//file2.txt
<140581820872448>2016/11/17 13:15:11:DEBUG:lockf(lock)=0
<140581820872448>2016/11/17 13:15:11:DEBUG:GetOneFile:size=4
<140581820872448>2016/11/17 13:15:11:DEBUG:GetOneFile:RecvTimeoutPoll=4
<140581820872448>2016/11/17 13:15:11:DEBUG:GetOneFile:RecvOneLine_2:#Size=0,0
<140581820872448>2016/11/17 13:15:11:DEBUG:GetOneFile:size=0
<140581820872448>2016/11/17 13:15:11:DEBUG:GetOneFile:size=0:end
<140581820872448>2016/11/17 13:15:11:DEBUG:lockf(unlock)=0
<140581820872448>2016/11/17 13:15:11:DEBUG:GetOneFile:Success
<140581820872448>2016/11/17 13:15:11:ERR:SyncOneFolder:normal end
<140581820872448>2016/11/17 13:15:11:INFO:RecvLoop:end
<140581829097216>2016/11/17 13:15:25:ERR:endingFunc:sig=2
<140697161426688>2016/11/17 13:17:12:INFO:ParamLogOut:VERSION_STRING=1.0.0
<140697161426688>2016/11/17 13:17:12:INFO:ParamLogOut:TargetFolderCnt=1
<140697161426688>2016/11/17 13:17:12:INFO:ParamLogOut:TargetFolder0=wlSyncTest,./RecvData/
<140697161426688>2016/11/17 13:17:12:INFO:ParamLogOut:Port=56000
<140697161426688>2016/11/17 13:17:12:INFO:ParamLogOut:RecvTimeout=5
<140697161426688>2016/11/17 13:17:12:INFO:ParamLogOut:UseDigest=0
<140697161426688>2016/11/17 13:17:12:INFO:ParamLogOut:LogPath=./
<140697161426688>2016/11/17 13:17:12:INFO:ParamLogOut:LogLevel=7
<140697161426688>2016/11/17 13:17:12:INFO:ParamLogOut:StderrOut=1
<140697161426688>2016/11/17 13:17:12:INFO:ParamLogOut:VersionFilePath=./wlSyncC.ver
<140697161426688>2016/11/17 13:17:12:INFO:ParamLogOut:WorkFilePath=./wlSyncC.work
<140697161426688>2016/11/17 13:17:12:INFO:ParamLogOut:DeleteFlag=1
<140697161426688>2016/11/17 13:17:12:INFO:sock2.c:ServerSocketNew:listen to 0.0.0.0 56000
<140697161426688>2016/11/17 13:17:12:INFO:sock2.c:ServerSocketNew:listen to :: 56000
<140697161426688>2016/11/17 13:17:12:DEBUG:MakeVersionFile:./wlSyncC.ver
<140697161426688>2016/11/17 13:17:12:INFO:main:wlSyncC:ready
<140697161426688>2016/11/17 13:17:12:DEBUG:AcceptLoop:s_no=2
<140697161426688>2016/11/17 13:17:20:INFO:AcceptLoop:accept(0):130.158.64.37:58369
<140697161426688>2016/11/17 13:17:20:INFO:AcceptLoop:pthread_create:thread_id=2614519552
<140697153201920>2016/11/17 13:17:20:INFO:RecvLoop:start:acc=6
<140697153201920>2016/11/17 13:17:20:DEBUG:RecvLoop:RecvOneLine_2:#Name=wlSyncTest,EUC
<140697153201920>2016/11/17 13:17:20:INFO:CheckRecvData:td.acc=6,data=#Name=wlSyncTest,EUC
<140697153201920>2016/11/17 13:17:20:INFO:DoName:workfile=./wlSyncC.work/0140697153201920
<140697153201920>2016/11/17 13:17:20:DEBUG:DoName:RecvOneLine_2:F:1479356227,4,0,file2.txt
<140697153201920>2016/11/17 13:17:20:INFO:DoName:RecvOneLine_2:#End
<140697153201920>2016/11/17 13:17:20:DEBUG:SendToRemote:acc=6,data=#OK

<140697153201920>2016/11/17 13:17:20:DEBUG:SyncData:acc=6
<140697153201920>2016/11/17 13:17:20:DEBUG:CheckEraseData:targetNo=0,mptr=9c561014,mapEnd=9c561035,code=EUC
<140697153201920>2016/11/17 13:17:20:INFO:CheckEraseOneFolder:tpath=./RecvData/,path=,mptr=9c561014,tend=9c561030,code=EUC
<140697153201920>2016/11/17 13:17:20:ERR:SyncOneFolder:acc=6,targetNo=0,code=EUC,*mptr=9c561014,mapEnd=9c561035
<140697153201920>2016/11/17 13:17:20:DEBUG:MakeTargetFolder:targetNo=0
<140697153201920>2016/11/17 13:17:20:DEBUG:SyncOneFolder:F:1479356227,4,0,file2.txt
<140697153201920>2016/11/17 13:17:20:DEBUG:SyncOneFolder_F:acc=6,targetNo=0,code=EUC,stime=1479356227,ssize=4,sdigest=0,path=file2.txt
<140697153201920>2016/11/17 13:17:20:DEBUG:SyncOneFolder_F:./RecvData//file2.txt
<140697153201920>2016/11/17 13:17:20:INFO:SyncOneFolder_F:./RecvData//file2.txt:stat=-1:Get
<140697153201920>2016/11/17 13:17:20:INFO:GetOneFile:acc=6,targetNo=0,code=EUC,path=file2.txt
<140697153201920>2016/11/17 13:17:20:DEBUG:GetOneFile:buf=#Get=wlSyncTest,file2.txt

<140697153201920>2016/11/17 13:17:20:DEBUG:SendToRemote:acc=6,data=#Get=wlSyncTest,file2.txt

<140697153201920>2016/11/17 13:17:20:DEBUG:GetOneFile:RecvOneLine_2:#Size=4,0
<140697153201920>2016/11/17 13:17:20:DEBUG:GetOneFile:open:./RecvData//file2.txt
<140697153201920>2016/11/17 13:17:20:DEBUG:lockf(lock)=0
<140697153201920>2016/11/17 13:17:20:DEBUG:GetOneFile:size=4
<140697153201920>2016/11/17 13:17:20:DEBUG:GetOneFile:RecvTimeoutPoll=4
<140697153201920>2016/11/17 13:17:20:DEBUG:GetOneFile:RecvOneLine_2:#Size=0,0
<140697153201920>2016/11/17 13:17:20:DEBUG:GetOneFile:size=0
<140697153201920>2016/11/17 13:17:20:DEBUG:GetOneFile:size=0:end
<140697153201920>2016/11/17 13:17:20:DEBUG:lockf(unlock)=0
<140697153201920>2016/11/17 13:17:20:DEBUG:GetOneFile:Success
<140697153201920>2016/11/17 13:17:20:ERR:SyncOneFolder:normal end
<140697153201920>2016/11/17 13:17:20:INFO:RecvLoop:end
<140697161426688>2016/11/17 13:17:24:ERR:endingFunc:sig=2
<139955496785664>2016/11/17 13:23:26:INFO:ParamLogOut:VERSION_STRING=1.0.0
<139955496785664>2016/11/17 13:23:26:INFO:ParamLogOut:TargetFolderCnt=1
<139955496785664>2016/11/17 13:23:26:INFO:ParamLogOut:TargetFolder0=wlSyncTest,./RecvData/
<139955496785664>2016/11/17 13:23:26:INFO:ParamLogOut:Port=56000
<139955496785664>2016/11/17 13:23:26:INFO:ParamLogOut:RecvTimeout=5
<139955496785664>2016/11/17 13:23:26:INFO:ParamLogOut:UseDigest=0
<139955496785664>2016/11/17 13:23:26:INFO:ParamLogOut:LogPath=./
<139955496785664>2016/11/17 13:23:26:INFO:ParamLogOut:LogLevel=7
<139955496785664>2016/11/17 13:23:26:INFO:ParamLogOut:StderrOut=1
<139955496785664>2016/11/17 13:23:26:INFO:ParamLogOut:VersionFilePath=./wlSyncC.ver
<139955496785664>2016/11/17 13:23:26:INFO:ParamLogOut:WorkFilePath=./wlSyncC.work
<139955496785664>2016/11/17 13:23:26:INFO:ParamLogOut:DeleteFlag=1
<139955496785664>2016/11/17 13:23:26:INFO:sock2.c:ServerSocketNew:listen to 0.0.0.0 56000
<139955496785664>2016/11/17 13:23:26:INFO:sock2.c:ServerSocketNew:listen to :: 56000
<139955496785664>2016/11/17 13:23:26:DEBUG:MakeVersionFile:./wlSyncC.ver
<139955496785664>2016/11/17 13:23:26:INFO:main:wlSyncC:ready
<139955496785664>2016/11/17 13:23:26:DEBUG:AcceptLoop:s_no=2
<139803433248512>2016/11/17 13:23:30:INFO:ParamLogOut:VERSION_STRING=1.0.0
<139803433248512>2016/11/17 13:23:30:INFO:ParamLogOut:TargetFolderCnt=1
<139803433248512>2016/11/17 13:23:30:INFO:ParamLogOut:TargetFolder0=wlSyncTest,./RecvData/
<139803433248512>2016/11/17 13:23:30:INFO:ParamLogOut:Port=56000
<139803433248512>2016/11/17 13:23:30:INFO:ParamLogOut:RecvTimeout=5
<139803433248512>2016/11/17 13:23:30:INFO:ParamLogOut:UseDigest=0
<139803433248512>2016/11/17 13:23:30:INFO:ParamLogOut:LogPath=./
<139803433248512>2016/11/17 13:23:30:INFO:ParamLogOut:LogLevel=7
<139803433248512>2016/11/17 13:23:30:INFO:ParamLogOut:StderrOut=1
<139803433248512>2016/11/17 13:23:30:INFO:ParamLogOut:VersionFilePath=./wlSyncC.ver
<139803433248512>2016/11/17 13:23:30:INFO:ParamLogOut:WorkFilePath=./wlSyncC.work
<139803433248512>2016/11/17 13:23:30:INFO:ParamLogOut:DeleteFlag=1
<139803433248512>2016/11/17 13:23:30:ERR:sock2.c:ServerSocketNew:no socket to listen to
<139803433248512>2016/11/17 13:23:30:ERR:main:ServerSocketNew(56000):error
<139955496785664>2016/11/17 13:26:26:INFO:AcceptLoop:accept(0):130.158.64.37:33568
<139955496785664>2016/11/17 13:26:26:INFO:AcceptLoop:pthread_create:thread_id=3979220736
<139955488560896>2016/11/17 13:26:26:INFO:RecvLoop:start:acc=6
<139955488560896>2016/11/17 13:26:26:DEBUG:RecvLoop:RecvOneLine_2:#Name=wlSyncTest,EUC
<139955488560896>2016/11/17 13:26:26:INFO:CheckRecvData:td.acc=6,data=#Name=wlSyncTest,EUC
<139955488560896>2016/11/17 13:26:26:INFO:DoName:workfile=./wlSyncC.work/0139955488560896
<139955488560896>2016/11/17 13:26:26:DEBUG:DoName:RecvOneLine_2:F:1479356227,4,0,file2.txt
<139955488560896>2016/11/17 13:26:26:INFO:DoName:RecvOneLine_2:#End
<139955488560896>2016/11/17 13:26:26:DEBUG:SendToRemote:acc=6,data=#OK

<139955488560896>2016/11/17 13:26:26:DEBUG:SyncData:acc=6
<139955488560896>2016/11/17 13:26:26:DEBUG:CheckEraseData:targetNo=0,mptr=edadc014,mapEnd=edadc035,code=EUC
<139955488560896>2016/11/17 13:26:26:INFO:CheckEraseOneFolder:tpath=./RecvData/,path=,mptr=edadc014,tend=edadc030,code=EUC
<139955488560896>2016/11/17 13:26:26:INFO:CheckEraseOneFolder:fullpath=./RecvData/file2.txt
<139955488560896>2016/11/17 13:26:26:DEBUG:SearchOne:d_f=F,spath=file2.txt,mptr=edadc014,tend=edadc030,code=EUC
<139955488560896>2016/11/17 13:26:26:DEBUG:SearchOne:spath=file2.txt
<139955488560896>2016/11/17 13:26:26:DEBUG:SearchOne:file2.txt:file2.txt
<139955488560896>2016/11/17 13:26:26:DEBUG:SearchOne:F,file2.txt:1
<139955488560896>2016/11/17 13:26:26:ERR:SyncOneFolder:acc=6,targetNo=0,code=EUC,*mptr=edadc014,mapEnd=edadc035
<139955488560896>2016/11/17 13:26:26:DEBUG:MakeTargetFolder:targetNo=0
<139955488560896>2016/11/17 13:26:26:DEBUG:SyncOneFolder:F:1479356227,4,0,file2.txt
<139955488560896>2016/11/17 13:26:26:DEBUG:SyncOneFolder_F:acc=6,targetNo=0,code=EUC,stime=1479356227,ssize=4,sdigest=0,path=file2.txt
<139955488560896>2016/11/17 13:26:26:DEBUG:SyncOneFolder_F:./RecvData//file2.txt
<139955488560896>2016/11/17 13:26:26:INFO:SyncOneFolder_F:./RecvData//file2.txt:exists
<139955488560896>2016/11/17 13:26:26:ERR:SyncOneFolder:normal end
<139955488560896>2016/11/17 13:26:26:INFO:RecvLoop:end
<140475208185600>2016/11/22 03:07:29:INFO:ParamLogOut:VERSION_STRING=1.0.0
<140475208185600>2016/11/22 03:07:29:INFO:ParamLogOut:TargetFolderCnt=1
<140475208185600>2016/11/22 03:07:29:INFO:ParamLogOut:TargetFolder0=wlSyncTest,./RecvData/
<140475208185600>2016/11/22 03:07:29:INFO:ParamLogOut:Port=56000
<140475208185600>2016/11/22 03:07:29:INFO:ParamLogOut:RecvTimeout=5
<140475208185600>2016/11/22 03:07:29:INFO:ParamLogOut:UseDigest=0
<140475208185600>2016/11/22 03:07:29:INFO:ParamLogOut:LogPath=./
<140475208185600>2016/11/22 03:07:29:INFO:ParamLogOut:LogLevel=7
<140475208185600>2016/11/22 03:07:29:INFO:ParamLogOut:StderrOut=1
<140475208185600>2016/11/22 03:07:29:INFO:ParamLogOut:VersionFilePath=./wlSyncC.ver
<140475208185600>2016/11/22 03:07:29:INFO:ParamLogOut:WorkFilePath=./wlSyncC.work
<140475208185600>2016/11/22 03:07:29:INFO:ParamLogOut:DeleteFlag=1
<140475208185600>2016/11/22 03:07:29:INFO:sock2.c:ServerSocketNew:listen to 0.0.0.0 56000
<140475208185600>2016/11/22 03:07:29:INFO:sock2.c:ServerSocketNew:listen to :: 56000
<140475208185600>2016/11/22 03:07:29:DEBUG:MakeVersionFile:./wlSyncC.ver
<140475208185600>2016/11/22 03:07:29:INFO:main:wlSyncC:ready
<140475208185600>2016/11/22 03:07:29:DEBUG:AcceptLoop:s_no=2
<140475208185600>2016/11/22 03:07:32:INFO:AcceptLoop:accept(0):130.158.64.37:43722
<140475208185600>2016/11/22 03:07:32:INFO:AcceptLoop:pthread_create:thread_id=3999577856
<140475199960832>2016/11/22 03:07:32:INFO:RecvLoop:start:acc=6
<140475199960832>2016/11/22 03:07:32:DEBUG:RecvLoop:RecvOneLine_2:#Name=wlSyncTest,EUC
<140475199960832>2016/11/22 03:07:32:INFO:CheckRecvData:td.acc=6,data=#Name=wlSyncTest,EUC
<140475199960832>2016/11/22 03:07:32:INFO:DoName:workfile=./wlSyncC.work/0140475199960832
<140475199960832>2016/11/22 03:07:32:DEBUG:DoName:RecvOneLine_2:F:1479356227,4,0,file2.txt
<140475199960832>2016/11/22 03:07:32:INFO:DoName:RecvOneLine_2:#End
<140475199960832>2016/11/22 03:07:32:DEBUG:SendToRemote:acc=6,data=#OK

<140475199960832>2016/11/22 03:07:32:DEBUG:SyncData:acc=6
<140475199960832>2016/11/22 03:07:32:DEBUG:CheckEraseData:targetNo=0,mptr=eee46014,mapEnd=eee46035,code=EUC
<140475199960832>2016/11/22 03:07:32:INFO:CheckEraseOneFolder:tpath=./RecvData/,path=,mptr=eee46014,tend=eee46030,code=EUC
<140475199960832>2016/11/22 03:07:32:INFO:CheckEraseOneFolder:fullpath=./RecvData/file2.txt
<140475199960832>2016/11/22 03:07:32:DEBUG:SearchOne:d_f=F,spath=file2.txt,mptr=eee46014,tend=eee46030,code=EUC
<140475199960832>2016/11/22 03:07:32:DEBUG:SearchOne:spath=file2.txt
<140475199960832>2016/11/22 03:07:32:DEBUG:SearchOne:file2.txt:file2.txt
<140475199960832>2016/11/22 03:07:32:DEBUG:SearchOne:F,file2.txt:1
<140475199960832>2016/11/22 03:07:32:ERR:SyncOneFolder:acc=6,targetNo=0,code=EUC,*mptr=eee46014,mapEnd=eee46035
<140475199960832>2016/11/22 03:07:32:DEBUG:MakeTargetFolder:targetNo=0
<140475199960832>2016/11/22 03:07:32:DEBUG:SyncOneFolder:F:1479356227,4,0,file2.txt
<140475199960832>2016/11/22 03:07:32:DEBUG:SyncOneFolder_F:acc=6,targetNo=0,code=EUC,stime=1479356227,ssize=4,sdigest=0,path=file2.txt
<140475199960832>2016/11/22 03:07:32:DEBUG:SyncOneFolder_F:./RecvData//file2.txt
<140475199960832>2016/11/22 03:07:32:INFO:SyncOneFolder_F:./RecvData//file2.txt:exists
<140475199960832>2016/11/22 03:07:32:ERR:SyncOneFolder:normal end
<140475199960832>2016/11/22 03:07:32:INFO:RecvLoop:end
<140475208185600>2016/11/22 03:08:33:INFO:AcceptLoop:accept(0):130.158.64.37:43744
<140475208185600>2016/11/22 03:08:33:INFO:AcceptLoop:pthread_create:thread_id=3999577856
<140475199960832>2016/11/22 03:08:33:INFO:RecvLoop:start:acc=6
<140475199960832>2016/11/22 03:08:33:DEBUG:RecvLoop:RecvOneLine_2:#Name=wlSyncTest,EUC
<140475199960832>2016/11/22 03:08:33:INFO:CheckRecvData:td.acc=6,data=#Name=wlSyncTest,EUC
<140475199960832>2016/11/22 03:08:33:INFO:DoName:workfile=./wlSyncC.work/0140475199960832
<140475199960832>2016/11/22 03:08:33:DEBUG:DoName:RecvOneLine_2:F:1479356227,4,0,file2.txt
<140475199960832>2016/11/22 03:08:33:INFO:DoName:RecvOneLine_2:#End
<140475199960832>2016/11/22 03:08:33:DEBUG:SendToRemote:acc=6,data=#OK

<140475199960832>2016/11/22 03:08:33:DEBUG:SyncData:acc=6
<140475199960832>2016/11/22 03:08:33:DEBUG:CheckEraseData:targetNo=0,mptr=eee46014,mapEnd=eee46035,code=EUC
<140475199960832>2016/11/22 03:08:33:INFO:CheckEraseOneFolder:tpath=./RecvData/,path=,mptr=eee46014,tend=eee46030,code=EUC
<140475199960832>2016/11/22 03:08:33:INFO:CheckEraseOneFolder:fullpath=./RecvData/file2.txt
<140475199960832>2016/11/22 03:08:33:DEBUG:SearchOne:d_f=F,spath=file2.txt,mptr=eee46014,tend=eee46030,code=EUC
<140475199960832>2016/11/22 03:08:33:DEBUG:SearchOne:spath=file2.txt
<140475199960832>2016/11/22 03:08:33:DEBUG:SearchOne:file2.txt:file2.txt
<140475199960832>2016/11/22 03:08:33:DEBUG:SearchOne:F,file2.txt:1
<140475199960832>2016/11/22 03:08:33:ERR:SyncOneFolder:acc=6,targetNo=0,code=EUC,*mptr=eee46014,mapEnd=eee46035
<140475199960832>2016/11/22 03:08:33:DEBUG:MakeTargetFolder:targetNo=0
<140475199960832>2016/11/22 03:08:33:DEBUG:SyncOneFolder:F:1479356227,4,0,file2.txt
<140475199960832>2016/11/22 03:08:33:DEBUG:SyncOneFolder_F:acc=6,targetNo=0,code=EUC,stime=1479356227,ssize=4,sdigest=0,path=file2.txt
<140475199960832>2016/11/22 03:08:33:DEBUG:SyncOneFolder_F:./RecvData//file2.txt
<140475199960832>2016/11/22 03:08:33:INFO:SyncOneFolder_F:./RecvData//file2.txt:exists
<140475199960832>2016/11/22 03:08:33:ERR:SyncOneFolder:normal end
<140475199960832>2016/11/22 03:08:33:INFO:RecvLoop:end
<140515983337216>2016/11/22 05:28:54:INFO:ParamLogOut:VERSION_STRING=1.0.0
<140515983337216>2016/11/22 05:28:54:INFO:ParamLogOut:TargetFolderCnt=1
<140515983337216>2016/11/22 05:28:54:INFO:ParamLogOut:TargetFolder0=wlSyncTest,./RecvData/
<140515983337216>2016/11/22 05:28:54:INFO:ParamLogOut:Port=56000
<140515983337216>2016/11/22 05:28:54:INFO:ParamLogOut:RecvTimeout=5
<140515983337216>2016/11/22 05:28:54:INFO:ParamLogOut:UseDigest=0
<140515983337216>2016/11/22 05:28:54:INFO:ParamLogOut:LogPath=./
<140515983337216>2016/11/22 05:28:54:INFO:ParamLogOut:LogLevel=7
<140515983337216>2016/11/22 05:28:54:INFO:ParamLogOut:StderrOut=1
<140515983337216>2016/11/22 05:28:54:INFO:ParamLogOut:VersionFilePath=./wlSyncC.ver
<140515983337216>2016/11/22 05:28:54:INFO:ParamLogOut:WorkFilePath=./wlSyncC.work
<140515983337216>2016/11/22 05:28:54:INFO:ParamLogOut:DeleteFlag=1
<140515983337216>2016/11/22 05:28:54:INFO:sock2.c:ServerSocketNew:listen to 0.0.0.0 56000
<140515983337216>2016/11/22 05:28:54:INFO:sock2.c:ServerSocketNew:listen to :: 56000
<140515983337216>2016/11/22 05:28:54:DEBUG:MakeVersionFile:./wlSyncC.ver
<140515983337216>2016/11/22 05:28:54:INFO:main:wlSyncC:ready
<140515983337216>2016/11/22 05:28:54:DEBUG:AcceptLoop:s_no=2
<140515983337216>2016/11/22 05:29:53:ERR:endingFunc:sig=2
<140232126506752>2016/11/22 05:34:57:INFO:ParamLogOut:VERSION_STRING=1.0.0
<140232126506752>2016/11/22 05:34:57:INFO:ParamLogOut:TargetFolderCnt=1
<140232126506752>2016/11/22 05:34:57:INFO:ParamLogOut:TargetFolder0=wlSyncTest,./RecvData/
<140232126506752>2016/11/22 05:34:57:INFO:ParamLogOut:Port=57000
<140232126506752>2016/11/22 05:34:57:INFO:ParamLogOut:RecvTimeout=5
<140232126506752>2016/11/22 05:34:57:INFO:ParamLogOut:UseDigest=0
<140232126506752>2016/11/22 05:34:57:INFO:ParamLogOut:LogPath=./
<140232126506752>2016/11/22 05:34:57:INFO:ParamLogOut:LogLevel=7
<140232126506752>2016/11/22 05:34:57:INFO:ParamLogOut:StderrOut=1
<140232126506752>2016/11/22 05:34:57:INFO:ParamLogOut:VersionFilePath=./wlSyncC.ver
<140232126506752>2016/11/22 05:34:57:INFO:ParamLogOut:WorkFilePath=./wlSyncC.work
<140232126506752>2016/11/22 05:34:57:INFO:ParamLogOut:DeleteFlag=1
<140232126506752>2016/11/22 05:34:57:INFO:sock2.c:ServerSocketNew:listen to 0.0.0.0 57000
<140232126506752>2016/11/22 05:34:57:INFO:sock2.c:ServerSocketNew:listen to :: 57000
<140232126506752>2016/11/22 05:34:57:DEBUG:MakeVersionFile:./wlSyncC.ver
<140232126506752>2016/11/22 05:34:57:INFO:main:wlSyncC:ready
<140232126506752>2016/11/22 05:34:57:DEBUG:AcceptLoop:s_no=2
<140232126506752>2016/11/22 05:35:36:ERR:endingFunc:sig=2
<140077669127936>2016/11/22 05:35:57:INFO:ParamLogOut:VERSION_STRING=1.0.0
<140077669127936>2016/11/22 05:35:57:INFO:ParamLogOut:TargetFolderCnt=1
<140077669127936>2016/11/22 05:35:57:INFO:ParamLogOut:TargetFolder0=wlSyncTest,./RecvData/
<140077669127936>2016/11/22 05:35:57:INFO:ParamLogOut:Port=57000
<140077669127936>2016/11/22 05:35:57:INFO:ParamLogOut:RecvTimeout=5
<140077669127936>2016/11/22 05:35:57:INFO:ParamLogOut:UseDigest=0
<140077669127936>2016/11/22 05:35:57:INFO:ParamLogOut:LogPath=./
<140077669127936>2016/11/22 05:35:57:INFO:ParamLogOut:LogLevel=7
<140077669127936>2016/11/22 05:35:57:INFO:ParamLogOut:StderrOut=1
<140077669127936>2016/11/22 05:35:57:INFO:ParamLogOut:VersionFilePath=./wlSyncC.ver
<140077669127936>2016/11/22 05:35:57:INFO:ParamLogOut:WorkFilePath=./wlSyncC.work
<140077669127936>2016/11/22 05:35:57:INFO:ParamLogOut:DeleteFlag=1
<140077669127936>2016/11/22 05:35:57:INFO:sock2.c:ServerSocketNew:listen to 0.0.0.0 57000
<140077669127936>2016/11/22 05:35:57:INFO:sock2.c:ServerSocketNew:listen to :: 57000
<140077669127936>2016/11/22 05:35:57:DEBUG:MakeVersionFile:./wlSyncC.ver
<140077669127936>2016/11/22 05:35:57:INFO:main:wlSyncC:ready
<140077669127936>2016/11/22 05:35:57:DEBUG:AcceptLoop:s_no=2
<140077669127936>2016/11/22 05:36:02:ERR:endingFunc:sig=2
<139713812887296>2016/11/22 05:36:06:INFO:ParamLogOut:VERSION_STRING=1.0.0
<139713812887296>2016/11/22 05:36:06:INFO:ParamLogOut:TargetFolderCnt=1
<139713812887296>2016/11/22 05:36:06:INFO:ParamLogOut:TargetFolder0=wlSyncTest,./RecvData/
<139713812887296>2016/11/22 05:36:06:INFO:ParamLogOut:Port=57000
<139713812887296>2016/11/22 05:36:06:INFO:ParamLogOut:RecvTimeout=5
<139713812887296>2016/11/22 05:36:06:INFO:ParamLogOut:UseDigest=0
<139713812887296>2016/11/22 05:36:06:INFO:ParamLogOut:LogPath=./
<139713812887296>2016/11/22 05:36:06:INFO:ParamLogOut:LogLevel=7
<139713812887296>2016/11/22 05:36:06:INFO:ParamLogOut:StderrOut=1
<139713812887296>2016/11/22 05:36:06:INFO:ParamLogOut:VersionFilePath=./wlSyncC.ver
<139713812887296>2016/11/22 05:36:06:INFO:ParamLogOut:WorkFilePath=./wlSyncC.work
<139713812887296>2016/11/22 05:36:06:INFO:ParamLogOut:DeleteFlag=1
<139713812887296>2016/11/22 05:36:06:INFO:sock2.c:ServerSocketNew:listen to 0.0.0.0 57000
<139713812887296>2016/11/22 05:36:06:INFO:sock2.c:ServerSocketNew:listen to :: 57000
<139713812887296>2016/11/22 05:36:06:DEBUG:MakeVersionFile:./wlSyncC.ver
<139713812887296>2016/11/22 05:36:06:INFO:main:wlSyncC:ready
<139713812887296>2016/11/22 05:36:06:DEBUG:AcceptLoop:s_no=2
<139713812887296>2016/11/22 05:36:11:INFO:AcceptLoop:accept(0):130.158.64.37:38348
<139713812887296>2016/11/22 05:36:11:INFO:AcceptLoop:pthread_create:thread_id=2813490944
<139713804662528>2016/11/22 05:36:11:INFO:RecvLoop:start:acc=6
<139713804662528>2016/11/22 05:36:11:DEBUG:RecvLoop:RecvOneLine_2:#Name=wlSyncTest,EUC
<139713804662528>2016/11/22 05:36:11:INFO:CheckRecvData:td.acc=6,data=#Name=wlSyncTest,EUC
<139713804662528>2016/11/22 05:36:11:INFO:DoName:workfile=./wlSyncC.work/0139713804662528
<139713804662528>2016/11/22 05:36:11:DEBUG:DoName:RecvOneLine_2:F:1479356227,4,0,file2.txt
<139713804662528>2016/11/22 05:36:11:INFO:DoName:RecvOneLine_2:#End
<139713804662528>2016/11/22 05:36:11:DEBUG:SendToRemote:acc=6,data=#OK

<139713804662528>2016/11/22 05:36:11:DEBUG:SyncData:acc=6
<139713804662528>2016/11/22 05:36:11:DEBUG:CheckEraseData:targetNo=0,mptr=a8322014,mapEnd=a8322035,code=EUC
<139713804662528>2016/11/22 05:36:11:INFO:CheckEraseOneFolder:tpath=./RecvData/,path=,mptr=a8322014,tend=a8322030,code=EUC
<139713804662528>2016/11/22 05:36:11:INFO:CheckEraseOneFolder:fullpath=./RecvData/file2.txt
<139713804662528>2016/11/22 05:36:11:DEBUG:SearchOne:d_f=F,spath=file2.txt,mptr=a8322014,tend=a8322030,code=EUC
<139713804662528>2016/11/22 05:36:11:DEBUG:SearchOne:spath=file2.txt
<139713804662528>2016/11/22 05:36:11:DEBUG:SearchOne:file2.txt:file2.txt
<139713804662528>2016/11/22 05:36:11:DEBUG:SearchOne:F,file2.txt:1
<139713804662528>2016/11/22 05:36:11:ERR:SyncOneFolder:acc=6,targetNo=0,code=EUC,*mptr=a8322014,mapEnd=a8322035
<139713804662528>2016/11/22 05:36:11:DEBUG:MakeTargetFolder:targetNo=0
<139713804662528>2016/11/22 05:36:11:DEBUG:SyncOneFolder:F:1479356227,4,0,file2.txt
<139713804662528>2016/11/22 05:36:11:DEBUG:SyncOneFolder_F:acc=6,targetNo=0,code=EUC,stime=1479356227,ssize=4,sdigest=0,path=file2.txt
<139713804662528>2016/11/22 05:36:11:DEBUG:SyncOneFolder_F:./RecvData//file2.txt
<139713804662528>2016/11/22 05:36:11:INFO:SyncOneFolder_F:./RecvData//file2.txt:exists
<139713804662528>2016/11/22 05:36:11:ERR:SyncOneFolder:normal end
<139713804662528>2016/11/22 05:36:11:INFO:RecvLoop:end
<139713812887296>2016/11/22 05:37:07:ERR:endingFunc:sig=2
